This is pdfTeX, Version 3.14159265-2.6-1.40.16 (MiKTeX 2.9 64-bit) (preloaded format=pdflatex 2015.7.16)  7 JAN 2016 21:15
entering extended mode
**EtudeTheorique.tex
(EtudeTheorique.tex
LaTeX2e <2015/01/01> patch level 2
Babel <3.9l> and hyphenation patterns for 69 languages loaded.
("C:\Program Files\MiKTeX 2.9\tex\latex\base\article.cls"
Document Class: article 2014/09/29 v1.4h Standard LaTeX document class
("C:\Program Files\MiKTeX 2.9\tex\latex\base\fleqn.clo"
File: fleqn.clo 2015/03/31 v1.1i Standard LaTeX option (flush left equations)
\mathindent=\dimen102
Applying: [2015/01/01] Make \[ robust on input line 50.
LaTeX Info: Redefining \[ on input line 51.
Already applied: [0000/00/00] Make \[ robust on input line 62.
Applying: [2015/01/01] Make \] robust on input line 74.
LaTeX Info: Redefining \] on input line 75.
Already applied: [0000/00/00] Make \] robust on input line 83.
)
("C:\Program Files\MiKTeX 2.9\tex\latex\base\size10.clo"
File: size10.clo 2014/09/29 v1.4h Standard LaTeX file (size option)
)
\c@part=\count79
\c@section=\count80
\c@subsection=\count81
\c@subsubsection=\count82
\c@paragraph=\count83
\c@subparagraph=\count84
\c@figure=\count85
\c@table=\count86
\abovecaptionskip=\skip41
\belowcaptionskip=\skip42
\bibindent=\dimen103
)
("C:\Program Files\MiKTeX 2.9\tex\latex\hyperref\hyperref.sty"
Package: hyperref 2012/11/06 v6.83m Hypertext links for LaTeX

("C:\Program Files\MiKTeX 2.9\tex\generic\oberdiek\hobsub-hyperref.sty"
Package: hobsub-hyperref 2012/04/25 v1.12 Bundle oberdiek, subset hyperref (HO)


("C:\Program Files\MiKTeX 2.9\tex\generic\oberdiek\hobsub-generic.sty"
Package: hobsub-generic 2012/04/25 v1.12 Bundle oberdiek, subset generic (HO)
Package: hobsub 2012/04/25 v1.12 Construct package bundles (HO)
Package: infwarerr 2010/04/08 v1.3 Providing info/warning/error messages (HO)
Package: ltxcmds 2011/11/09 v1.22 LaTeX kernel commands for general use (HO)
Package: ifluatex 2010/03/01 v1.3 Provides the ifluatex switch (HO)
Package ifluatex Info: LuaTeX not detected.
Package: ifvtex 2010/03/01 v1.5 Detect VTeX and its facilities (HO)
Package ifvtex Info: VTeX not detected.
Package: intcalc 2007/09/27 v1.1 Expandable calculations with integers (HO)
Package: ifpdf 2011/01/30 v2.3 Provides the ifpdf switch (HO)
Package ifpdf Info: pdfTeX in PDF mode is detected.
Package: etexcmds 2011/02/16 v1.5 Avoid name clashes with e-TeX commands (HO)
Package etexcmds Info: Could not find \expanded.
(etexcmds)             That can mean that you are not using pdfTeX 1.50 or
(etexcmds)             that some package has redefined \expanded.
(etexcmds)             In the latter case, load this package earlier.
Package: kvsetkeys 2012/04/25 v1.16 Key value parser (HO)
Package: kvdefinekeys 2011/04/07 v1.3 Define keys (HO)
Package: pdftexcmds 2011/11/29 v0.20 Utility functions of pdfTeX for LuaTeX (HO
)
Package pdftexcmds Info: LuaTeX not detected.
Package pdftexcmds Info: \pdf@primitive is available.
Package pdftexcmds Info: \pdf@ifprimitive is available.
Package pdftexcmds Info: \pdfdraftmode found.
Package: pdfescape 2011/11/25 v1.13 Implements pdfTeX's escape features (HO)
Package: bigintcalc 2012/04/08 v1.3 Expandable calculations on big integers (HO
)
Package: bitset 2011/01/30 v1.1 Handle bit-vector datatype (HO)
Package: uniquecounter 2011/01/30 v1.2 Provide unlimited unique counter (HO)
)
Package hobsub Info: Skipping package `hobsub' (already loaded).
Package: letltxmacro 2010/09/02 v1.4 Let assignment for LaTeX macros (HO)
Package: hopatch 2011/06/24 v1.1 Wrapper for package hooks (HO)
Package: xcolor-patch 2011/01/30 xcolor patch
Package: atveryend 2011/06/30 v1.8 Hooks at the very end of document (HO)
Package atveryend Info: \enddocument detected (standard20110627).
Package: atbegshi 2011/10/05 v1.16 At begin shipout hook (HO)
Package: refcount 2011/10/16 v3.4 Data extraction from label references (HO)
Package: hycolor 2011/01/30 v1.7 Color options for hyperref/bookmark (HO)
)
("C:\Program Files\MiKTeX 2.9\tex\latex\graphics\keyval.sty"
Package: keyval 2014/10/28 v1.15 key=value parser (DPC)
\KV@toks@=\toks14
)
("C:\Program Files\MiKTeX 2.9\tex\generic\ifxetex\ifxetex.sty"
Package: ifxetex 2010/09/12 v0.6 Provides ifxetex conditional
)
("C:\Program Files\MiKTeX 2.9\tex\latex\oberdiek\auxhook.sty"
Package: auxhook 2011/03/04 v1.3 Hooks for auxiliary files (HO)
)
("C:\Program Files\MiKTeX 2.9\tex\latex\oberdiek\kvoptions.sty"
Package: kvoptions 2011/06/30 v3.11 Key value format for package options (HO)
)
\@linkdim=\dimen104
\Hy@linkcounter=\count87
\Hy@pagecounter=\count88

("C:\Program Files\MiKTeX 2.9\tex\latex\hyperref\pd1enc.def"
File: pd1enc.def 2012/11/06 v6.83m Hyperref: PDFDocEncoding definition (HO)
)
\Hy@SavedSpaceFactor=\count89

("C:\Program Files\MiKTeX 2.9\tex\latex\00miktex\hyperref.cfg"
File: hyperref.cfg 2002/06/06 v1.2 hyperref configuration of TeXLive
)
Package hyperref Info: Hyper figures OFF on input line 4443.
Package hyperref Info: Link nesting OFF on input line 4448.
Package hyperref Info: Hyper index ON on input line 4451.
Package hyperref Info: Plain pages OFF on input line 4458.
Package hyperref Info: Backreferencing OFF on input line 4463.
Package hyperref Info: Implicit mode ON; LaTeX internals redefined.
Package hyperref Info: Bookmarks ON on input line 4688.
\c@Hy@tempcnt=\count90

("C:\Program Files\MiKTeX 2.9\tex\latex\url\url.sty"
\Urlmuskip=\muskip10
Package: url 2013/09/16  ver 3.4  Verb mode for urls, etc.
)
LaTeX Info: Redefining \url on input line 5041.
\XeTeXLinkMargin=\dimen105
\Fld@menulength=\count91
\Field@Width=\dimen106
\Fld@charsize=\dimen107
Package hyperref Info: Hyper figures OFF on input line 6295.
Package hyperref Info: Link nesting OFF on input line 6300.
Package hyperref Info: Hyper index ON on input line 6303.
Package hyperref Info: backreferencing OFF on input line 6310.
Package hyperref Info: Link coloring OFF on input line 6315.
Package hyperref Info: Link coloring with OCG OFF on input line 6320.
Package hyperref Info: PDF/A mode OFF on input line 6325.
LaTeX Info: Redefining \ref on input line 6365.
LaTeX Info: Redefining \pageref on input line 6369.
\Hy@abspage=\count92
\c@Item=\count93
\c@Hfootnote=\count94
)

Package hyperref Message: Driver (autodetected): hpdftex.

("C:\Program Files\MiKTeX 2.9\tex\latex\hyperref\hpdftex.def"
File: hpdftex.def 2012/11/06 v6.83m Hyperref driver for pdfTeX
\Fld@listcount=\count95
\c@bookmark@seq@number=\count96

("C:\Program Files\MiKTeX 2.9\tex\latex\oberdiek\rerunfilecheck.sty"
Package: rerunfilecheck 2011/04/15 v1.7 Rerun checks for auxiliary files (HO)
Package uniquecounter Info: New unique counter `rerunfilecheck' on input line 2
82.
)
\Hy@SectionHShift=\skip43
)
(style/new_style.tex
("C:\Program Files\MiKTeX 2.9\tex\latex\geometry\geometry.sty"
Package: geometry 2010/09/12 v5.6 Page Geometry
\Gm@cnth=\count97
\Gm@cntv=\count98
\c@Gm@tempcnt=\count99
\Gm@bindingoffset=\dimen108
\Gm@wd@mp=\dimen109
\Gm@odd@mp=\dimen110
\Gm@even@mp=\dimen111
\Gm@layoutwidth=\dimen112
\Gm@layoutheight=\dimen113
\Gm@layouthoffset=\dimen114
\Gm@layoutvoffset=\dimen115
\Gm@dimlist=\toks15

("C:\Program Files\MiKTeX 2.9\tex\latex\geometry\geometry.cfg"))
("C:\Program Files\MiKTeX 2.9\tex\latex\graphics\graphicx.sty"
Package: graphicx 2014/10/28 v1.0g Enhanced LaTeX Graphics (DPC,SPQR)

("C:\Program Files\MiKTeX 2.9\tex\latex\graphics\graphics.sty"
Package: graphics 2014/10/28 v1.0p Standard LaTeX Graphics (DPC,SPQR)

("C:\Program Files\MiKTeX 2.9\tex\latex\graphics\trig.sty"
Package: trig 1999/03/16 v1.09 sin cos tan (DPC)
)
("C:\Program Files\MiKTeX 2.9\tex\latex\00miktex\graphics.cfg"
File: graphics.cfg 2007/01/18 v1.5 graphics configuration of teTeX/TeXLive
)
Package graphics Info: Driver file: pdftex.def on input line 94.

("C:\Program Files\MiKTeX 2.9\tex\latex\pdftex-def\pdftex.def"
File: pdftex.def 2011/05/27 v0.06d Graphics/color for pdfTeX
\Gread@gobject=\count100
))
\Gin@req@height=\dimen116
\Gin@req@width=\dimen117
)
("C:\Program Files\MiKTeX 2.9\tex\latex\lipsum\lipsum.sty"
Package: lipsum 2014/07/27 v1.3 150 paragraphs of Lorem Ipsum dummy text
\c@lips@count=\count101
)
(C:\Enseignement\Livre_Exo_Vuibert\Installation\TIKZ\texmf\tex\latex\pgf\fronte
ndlayer\tikz.sty
(C:\Enseignement\Livre_Exo_Vuibert\Installation\TIKZ\texmf\tex\latex\pgf\basicl
ayer\pgf.sty
(C:\Enseignement\Livre_Exo_Vuibert\Installation\TIKZ\texmf\tex\latex\pgf\utilit
ies\pgfrcs.sty
(C:\Enseignement\Livre_Exo_Vuibert\Installation\TIKZ\texmf\tex\generic\pgf\util
ities\pgfutil-common.tex
\pgfutil@everybye=\toks16
\pgfutil@tempdima=\dimen118
\pgfutil@tempdimb=\dimen119

(C:\Enseignement\Livre_Exo_Vuibert\Installation\TIKZ\texmf\tex\generic\pgf\util
ities\pgfutil-common-lists.tex))
(C:\Enseignement\Livre_Exo_Vuibert\Installation\TIKZ\texmf\tex\generic\pgf\util
ities\pgfutil-latex.def
\pgfutil@abb=\box26
 ("C:\Program Files\MiKTeX 2.9\tex\latex\ms\everyshi.sty"
Package: everyshi 2001/05/15 v3.00 EveryShipout Package (MS)
))
(C:\Enseignement\Livre_Exo_Vuibert\Installation\TIKZ\texmf\tex\generic\pgf\util
ities\pgfrcs.code.tex
Package: pgfrcs 2013/12/20 v3.0.0 (rcs-revision 1.28)
))
Package: pgf 2013/12/18 v3.0.0 (rcs-revision 1.14)

(C:\Enseignement\Livre_Exo_Vuibert\Installation\TIKZ\texmf\tex\latex\pgf\basicl
ayer\pgfcore.sty
(C:\Enseignement\Livre_Exo_Vuibert\Installation\TIKZ\texmf\tex\latex\pgf\system
layer\pgfsys.sty
(C:\Enseignement\Livre_Exo_Vuibert\Installation\TIKZ\texmf\tex\generic\pgf\syst
emlayer\pgfsys.code.tex
Package: pgfsys 2013/11/30 v3.0.0 (rcs-revision 1.47)

(C:\Enseignement\Livre_Exo_Vuibert\Installation\TIKZ\texmf\tex\generic\pgf\util
ities\pgfkeys.code.tex
\pgfkeys@pathtoks=\toks17
\pgfkeys@temptoks=\toks18

(C:\Enseignement\Livre_Exo_Vuibert\Installation\TIKZ\texmf\tex\generic\pgf\util
ities\pgfkeysfiltered.code.tex
\pgfkeys@tmptoks=\toks19
))
\pgf@x=\dimen120
\pgf@y=\dimen121
\pgf@xa=\dimen122
\pgf@ya=\dimen123
\pgf@xb=\dimen124
\pgf@yb=\dimen125
\pgf@xc=\dimen126
\pgf@yc=\dimen127
\w@pgf@writea=\write3
\r@pgf@reada=\read1
\c@pgf@counta=\count102
\c@pgf@countb=\count103
\c@pgf@countc=\count104
\c@pgf@countd=\count105
\t@pgf@toka=\toks20
\t@pgf@tokb=\toks21
\t@pgf@tokc=\toks22

(C:\Enseignement\Livre_Exo_Vuibert\Installation\TIKZ\texmf\tex\generic\pgf\syst
emlayer\pgf.cfg
File: pgf.cfg 2008/05/14  (rcs-revision 1.7)
)
Driver file for pgf: pgfsys-pdftex.def

(C:\Enseignement\Livre_Exo_Vuibert\Installation\TIKZ\texmf\tex\generic\pgf\syst
emlayer\pgfsys-pdftex.def
File: pgfsys-pdftex.def 2013/07/18  (rcs-revision 1.33)

(C:\Enseignement\Livre_Exo_Vuibert\Installation\TIKZ\texmf\tex\generic\pgf\syst
emlayer\pgfsys-common-pdf.def
File: pgfsys-common-pdf.def 2013/10/10  (rcs-revision 1.13)
)))
(C:\Enseignement\Livre_Exo_Vuibert\Installation\TIKZ\texmf\tex\generic\pgf\syst
emlayer\pgfsyssoftpath.code.tex
File: pgfsyssoftpath.code.tex 2013/09/09  (rcs-revision 1.9)
\pgfsyssoftpath@smallbuffer@items=\count106
\pgfsyssoftpath@bigbuffer@items=\count107
)
(C:\Enseignement\Livre_Exo_Vuibert\Installation\TIKZ\texmf\tex\generic\pgf\syst
emlayer\pgfsysprotocol.code.tex
File: pgfsysprotocol.code.tex 2006/10/16  (rcs-revision 1.4)
))
("C:\Program Files\MiKTeX 2.9\tex\latex\xcolor\xcolor.sty"
Package: xcolor 2007/01/21 v2.11 LaTeX color extensions (UK)

("C:\Program Files\MiKTeX 2.9\tex\latex\00miktex\color.cfg"
File: color.cfg 2007/01/18 v1.5 color configuration of teTeX/TeXLive
)
Package xcolor Info: Driver file: pdftex.def on input line 225.
Package xcolor Info: Model `cmy' substituted by `cmy0' on input line 1337.
Package xcolor Info: Model `hsb' substituted by `rgb' on input line 1341.
Package xcolor Info: Model `RGB' extended on input line 1353.
Package xcolor Info: Model `HTML' substituted by `rgb' on input line 1355.
Package xcolor Info: Model `Hsb' substituted by `hsb' on input line 1356.
Package xcolor Info: Model `tHsb' substituted by `hsb' on input line 1357.
Package xcolor Info: Model `HSB' substituted by `hsb' on input line 1358.
Package xcolor Info: Model `Gray' substituted by `gray' on input line 1359.
Package xcolor Info: Model `wave' substituted by `hsb' on input line 1360.
)
(C:\Enseignement\Livre_Exo_Vuibert\Installation\TIKZ\texmf\tex\generic\pgf\basi
clayer\pgfcore.code.tex
Package: pgfcore 2010/04/11 v3.0.0 (rcs-revision 1.7)

(C:\Enseignement\Livre_Exo_Vuibert\Installation\TIKZ\texmf\tex\generic\pgf\math
\pgfmath.code.tex
(C:\Enseignement\Livre_Exo_Vuibert\Installation\TIKZ\texmf\tex\generic\pgf\math
\pgfmathcalc.code.tex
(C:\Enseignement\Livre_Exo_Vuibert\Installation\TIKZ\texmf\tex\generic\pgf\math
\pgfmathutil.code.tex)
(C:\Enseignement\Livre_Exo_Vuibert\Installation\TIKZ\texmf\tex\generic\pgf\math
\pgfmathparser.code.tex
\pgfmath@dimen=\dimen128
\pgfmath@count=\count108
\pgfmath@box=\box27
\pgfmath@toks=\toks23
\pgfmath@stack@operand=\toks24
\pgfmath@stack@operation=\toks25
)
(C:\Enseignement\Livre_Exo_Vuibert\Installation\TIKZ\texmf\tex\generic\pgf\math
\pgfmathfunctions.code.tex
(C:\Enseignement\Livre_Exo_Vuibert\Installation\TIKZ\texmf\tex\generic\pgf\math
\pgfmathfunctions.basic.code.tex)
(C:\Enseignement\Livre_Exo_Vuibert\Installation\TIKZ\texmf\tex\generic\pgf\math
\pgfmathfunctions.trigonometric.code.tex)
(C:\Enseignement\Livre_Exo_Vuibert\Installation\TIKZ\texmf\tex\generic\pgf\math
\pgfmathfunctions.random.code.tex)
(C:\Enseignement\Livre_Exo_Vuibert\Installation\TIKZ\texmf\tex\generic\pgf\math
\pgfmathfunctions.comparison.code.tex)
(C:\Enseignement\Livre_Exo_Vuibert\Installation\TIKZ\texmf\tex\generic\pgf\math
\pgfmathfunctions.base.code.tex)
(C:\Enseignement\Livre_Exo_Vuibert\Installation\TIKZ\texmf\tex\generic\pgf\math
\pgfmathfunctions.round.code.tex)
(C:\Enseignement\Livre_Exo_Vuibert\Installation\TIKZ\texmf\tex\generic\pgf\math
\pgfmathfunctions.misc.code.tex)
(C:\Enseignement\Livre_Exo_Vuibert\Installation\TIKZ\texmf\tex\generic\pgf\math
\pgfmathfunctions.integerarithmetics.code.tex)))
(C:\Enseignement\Livre_Exo_Vuibert\Installation\TIKZ\texmf\tex\generic\pgf\math
\pgfmathfloat.code.tex
\c@pgfmathroundto@lastzeros=\count109
))
(C:\Enseignement\Livre_Exo_Vuibert\Installation\TIKZ\texmf\tex\generic\pgf\basi
clayer\pgfcorepoints.code.tex
File: pgfcorepoints.code.tex 2013/10/07  (rcs-revision 1.27)
\pgf@picminx=\dimen129
\pgf@picmaxx=\dimen130
\pgf@picminy=\dimen131
\pgf@picmaxy=\dimen132
\pgf@pathminx=\dimen133
\pgf@pathmaxx=\dimen134
\pgf@pathminy=\dimen135
\pgf@pathmaxy=\dimen136
\pgf@xx=\dimen137
\pgf@xy=\dimen138
\pgf@yx=\dimen139
\pgf@yy=\dimen140
\pgf@zx=\dimen141
\pgf@zy=\dimen142
)
(C:\Enseignement\Livre_Exo_Vuibert\Installation\TIKZ\texmf\tex\generic\pgf\basi
clayer\pgfcorepathconstruct.code.tex
File: pgfcorepathconstruct.code.tex 2013/10/07  (rcs-revision 1.29)
\pgf@path@lastx=\dimen143
\pgf@path@lasty=\dimen144
)
(C:\Enseignement\Livre_Exo_Vuibert\Installation\TIKZ\texmf\tex\generic\pgf\basi
clayer\pgfcorepathusage.code.tex
File: pgfcorepathusage.code.tex 2013/12/13  (rcs-revision 1.23)
\pgf@shorten@end@additional=\dimen145
\pgf@shorten@start@additional=\dimen146
)
(C:\Enseignement\Livre_Exo_Vuibert\Installation\TIKZ\texmf\tex\generic\pgf\basi
clayer\pgfcorescopes.code.tex
File: pgfcorescopes.code.tex 2013/10/09  (rcs-revision 1.44)
\pgfpic=\box28
\pgf@hbox=\box29
\pgf@layerbox@main=\box30
\pgf@picture@serial@count=\count110
)
(C:\Enseignement\Livre_Exo_Vuibert\Installation\TIKZ\texmf\tex\generic\pgf\basi
clayer\pgfcoregraphicstate.code.tex
File: pgfcoregraphicstate.code.tex 2013/09/19  (rcs-revision 1.11)
\pgflinewidth=\dimen147
)
(C:\Enseignement\Livre_Exo_Vuibert\Installation\TIKZ\texmf\tex\generic\pgf\basi
clayer\pgfcoretransformations.code.tex
File: pgfcoretransformations.code.tex 2013/10/10  (rcs-revision 1.17)
\pgf@pt@x=\dimen148
\pgf@pt@y=\dimen149
\pgf@pt@temp=\dimen150
)
(C:\Enseignement\Livre_Exo_Vuibert\Installation\TIKZ\texmf\tex\generic\pgf\basi
clayer\pgfcorequick.code.tex
File: pgfcorequick.code.tex 2008/10/09  (rcs-revision 1.3)
)
(C:\Enseignement\Livre_Exo_Vuibert\Installation\TIKZ\texmf\tex\generic\pgf\basi
clayer\pgfcoreobjects.code.tex
File: pgfcoreobjects.code.tex 2006/10/11  (rcs-revision 1.2)
)
(C:\Enseignement\Livre_Exo_Vuibert\Installation\TIKZ\texmf\tex\generic\pgf\basi
clayer\pgfcorepathprocessing.code.tex
File: pgfcorepathprocessing.code.tex 2013/09/09  (rcs-revision 1.9)
)
(C:\Enseignement\Livre_Exo_Vuibert\Installation\TIKZ\texmf\tex\generic\pgf\basi
clayer\pgfcorearrows.code.tex
File: pgfcorearrows.code.tex 2013/11/07  (rcs-revision 1.40)
\pgfarrowsep=\dimen151
)
(C:\Enseignement\Livre_Exo_Vuibert\Installation\TIKZ\texmf\tex\generic\pgf\basi
clayer\pgfcoreshade.code.tex
File: pgfcoreshade.code.tex 2013/07/15  (rcs-revision 1.15)
\pgf@max=\dimen152
\pgf@sys@shading@range@num=\count111
)
(C:\Enseignement\Livre_Exo_Vuibert\Installation\TIKZ\texmf\tex\generic\pgf\basi
clayer\pgfcoreimage.code.tex
File: pgfcoreimage.code.tex 2013/07/15  (rcs-revision 1.18)

(C:\Enseignement\Livre_Exo_Vuibert\Installation\TIKZ\texmf\tex\generic\pgf\basi
clayer\pgfcoreexternal.code.tex
File: pgfcoreexternal.code.tex 2013/07/15  (rcs-revision 1.20)
\pgfexternal@startupbox=\box31
))
(C:\Enseignement\Livre_Exo_Vuibert\Installation\TIKZ\texmf\tex\generic\pgf\basi
clayer\pgfcorelayers.code.tex
File: pgfcorelayers.code.tex 2013/07/18  (rcs-revision 1.7)
)
(C:\Enseignement\Livre_Exo_Vuibert\Installation\TIKZ\texmf\tex\generic\pgf\basi
clayer\pgfcoretransparency.code.tex
File: pgfcoretransparency.code.tex 2013/09/30  (rcs-revision 1.5)
)
(C:\Enseignement\Livre_Exo_Vuibert\Installation\TIKZ\texmf\tex\generic\pgf\basi
clayer\pgfcorepatterns.code.tex
File: pgfcorepatterns.code.tex 2013/11/07  (rcs-revision 1.5)
)))
(C:\Enseignement\Livre_Exo_Vuibert\Installation\TIKZ\texmf\tex\generic\pgf\modu
les\pgfmoduleshapes.code.tex
File: pgfmoduleshapes.code.tex 2013/10/31  (rcs-revision 1.34)
\pgfnodeparttextbox=\box32
)
(C:\Enseignement\Livre_Exo_Vuibert\Installation\TIKZ\texmf\tex\generic\pgf\modu
les\pgfmoduleplot.code.tex
File: pgfmoduleplot.code.tex 2013/07/31  (rcs-revision 1.12)
)
(C:\Enseignement\Livre_Exo_Vuibert\Installation\TIKZ\texmf\tex\latex\pgf\compat
ibility\pgfcomp-version-0-65.sty
Package: pgfcomp-version-0-65 2007/07/03 v3.0.0 (rcs-revision 1.7)
\pgf@nodesepstart=\dimen153
\pgf@nodesepend=\dimen154
)
(C:\Enseignement\Livre_Exo_Vuibert\Installation\TIKZ\texmf\tex\latex\pgf\compat
ibility\pgfcomp-version-1-18.sty
Package: pgfcomp-version-1-18 2007/07/23 v3.0.0 (rcs-revision 1.1)
))
(C:\Enseignement\Livre_Exo_Vuibert\Installation\TIKZ\texmf\tex\latex\pgf\utilit
ies\pgffor.sty
(C:\Enseignement\Livre_Exo_Vuibert\Installation\TIKZ\texmf\tex\latex\pgf\utilit
ies\pgfkeys.sty
(C:\Enseignement\Livre_Exo_Vuibert\Installation\TIKZ\texmf\tex\generic\pgf\util
ities\pgfkeys.code.tex))
(C:\Enseignement\Livre_Exo_Vuibert\Installation\TIKZ\texmf\tex\latex\pgf\math\p
gfmath.sty
(C:\Enseignement\Livre_Exo_Vuibert\Installation\TIKZ\texmf\tex\generic\pgf\math
\pgfmath.code.tex))
(C:\Enseignement\Livre_Exo_Vuibert\Installation\TIKZ\texmf\tex\generic\pgf\util
ities\pgffor.code.tex
Package: pgffor 2013/12/13 v3.0.0 (rcs-revision 1.25)

(C:\Enseignement\Livre_Exo_Vuibert\Installation\TIKZ\texmf\tex\generic\pgf\math
\pgfmath.code.tex)
\pgffor@iter=\dimen155
\pgffor@skip=\dimen156
\pgffor@stack=\toks26
\pgffor@toks=\toks27
))
(C:\Enseignement\Livre_Exo_Vuibert\Installation\TIKZ\texmf\tex\generic\pgf\fron
tendlayer\tikz\tikz.code.tex
Package: tikz 2013/12/13 v3.0.0 (rcs-revision 1.142)

(C:\Enseignement\Livre_Exo_Vuibert\Installation\TIKZ\texmf\tex\generic\pgf\libr
aries\pgflibraryplothandlers.code.tex
File: pgflibraryplothandlers.code.tex 2013/08/31 v3.0.0 (rcs-revision 1.20)
\pgf@plot@mark@count=\count112
\pgfplotmarksize=\dimen157
)
\tikz@lastx=\dimen158
\tikz@lasty=\dimen159
\tikz@lastxsaved=\dimen160
\tikz@lastysaved=\dimen161
\tikzleveldistance=\dimen162
\tikzsiblingdistance=\dimen163
\tikz@figbox=\box33
\tikz@figbox@bg=\box34
\tikz@tempbox=\box35
\tikz@tempbox@bg=\box36
\tikztreelevel=\count113
\tikznumberofchildren=\count114
\tikznumberofcurrentchild=\count115
\tikz@fig@count=\count116

(C:\Enseignement\Livre_Exo_Vuibert\Installation\TIKZ\texmf\tex\generic\pgf\modu
les\pgfmodulematrix.code.tex
File: pgfmodulematrix.code.tex 2013/09/17  (rcs-revision 1.8)
\pgfmatrixcurrentrow=\count117
\pgfmatrixcurrentcolumn=\count118
\pgf@matrix@numberofcolumns=\count119
)
\tikz@expandcount=\count120

(C:\Enseignement\Livre_Exo_Vuibert\Installation\TIKZ\texmf\tex\generic\pgf\fron
tendlayer\tikz\libraries\tikzlibrarytopaths.code.tex
File: tikzlibrarytopaths.code.tex 2008/06/17 v3.0.0 (rcs-revision 1.2)
)))
("C:\Program Files\MiKTeX 2.9\tex\latex\babel\babel.sty"
Package: babel 2014/09/25 3.9l The Babel package

*************************************
* Local config file bblopts.cfg used
*
("C:\Program Files\MiKTeX 2.9\tex\latex\00miktex\bblopts.cfg"
File: bblopts.cfg 2006/07/31 v1.0 MiKTeX 'babel' configuration
)
("C:\Program Files\MiKTeX 2.9\tex\latex\babel-french\frenchb.ldf"
Language: frenchb 2015/06/26 v3.1g French support from the babel system

("C:\Program Files\MiKTeX 2.9\tex\latex\babel\babel.def"
File: babel.def 2014/09/25 3.9l Babel common definitions
\babel@savecnt=\count121
\U@D=\dimen164
)
\l@acadian = a dialect from \language\l@french 
\l@canadien = a dialect from \language\l@french 
\FBcolonskip=\skip44
\FBthinskip=\skip45
\FB@interchartokenstateORI=\count122
Package babel Info: Making : an active character on input line 353.
Package babel Info: Making ; an active character on input line 354.
Package babel Info: Making ! an active character on input line 355.
Package babel Info: Making ? an active character on input line 356.
\FBguillskip=\skip46
\FBguill@level=\count123
\FB@Mht=\dimen165
\std@mcc=\count124
\dec@mcc=\count125
\listindentFB=\skip47
\labelwidthFB=\skip48
\leftmarginFB=\skip49
\parindentFFN=\dimen166
))
("C:\Program Files\MiKTeX 2.9\tex\latex\carlisle\scalefnt.sty")
("C:\Program Files\MiKTeX 2.9\tex\latex\enumitem\enumitem.sty"
Package: enumitem 2011/09/28 v3.5.2 Customized lists
\labelindent=\skip50
\enit@outerparindent=\dimen167
\enit@toks=\toks28
\enit@inbox=\box37
\enitdp@description=\count126
)
("C:\Program Files\MiKTeX 2.9\tex\latex\booktabs\booktabs.sty"
Package: booktabs 2005/04/14 v1.61803 publication quality tables
\heavyrulewidth=\dimen168
\lightrulewidth=\dimen169
\cmidrulewidth=\dimen170
\belowrulesep=\dimen171
\belowbottomsep=\dimen172
\aboverulesep=\dimen173
\abovetopsep=\dimen174
\cmidrulesep=\dimen175
\cmidrulekern=\dimen176
\defaultaddspace=\dimen177
\@cmidla=\count127
\@cmidlb=\count128
\@aboverulesep=\dimen178
\@belowrulesep=\dimen179
\@thisruleclass=\count129
\@lastruleclass=\count130
\@thisrulewidth=\dimen180
)
("C:\Program Files\MiKTeX 2.9\tex\latex\psnfss\pifont.sty"
Package: pifont 2005/04/12 PSNFSS-v9.2a Pi font support (SPQR) 
LaTeX Font Info:    Try loading font information for U+pzd on input line 63.

("C:\Program Files\MiKTeX 2.9\tex\latex\psnfss\upzd.fd"
File: upzd.fd 2001/06/04 font definitions for U/pzd.
)
LaTeX Font Info:    Try loading font information for U+psy on input line 64.

("C:\Program Files\MiKTeX 2.9\tex\latex\psnfss\upsy.fd"
File: upsy.fd 2001/06/04 font definitions for U/psy.
))
("C:\Program Files\MiKTeX 2.9\tex\latex\tools\multicol.sty"
Package: multicol 2015/03/31 v1.8m multicolumn formatting (FMi)
\c@tracingmulticols=\count131
\mult@box=\box38
\multicol@leftmargin=\dimen181
\c@unbalance=\count132
\c@collectmore=\count133
\doublecol@number=\count134
\multicoltolerance=\count135
\multicolpretolerance=\count136
\full@width=\dimen182
\page@free=\dimen183
\premulticols=\dimen184
\postmulticols=\dimen185
\multicolsep=\skip51
\multicolbaselineskip=\skip52
\partial@page=\box39
\last@line=\box40
\maxbalancingoverflow=\dimen186
\mult@rightbox=\box41
\mult@grightbox=\box42
\mult@gfirstbox=\box43
\mult@firstbox=\box44
\@tempa=\box45
\@tempa=\box46
\@tempa=\box47
\@tempa=\box48
\@tempa=\box49
\@tempa=\box50
\@tempa=\box51
\@tempa=\box52
\@tempa=\box53
\@tempa=\box54
\@tempa=\box55
\@tempa=\box56
\@tempa=\box57
\@tempa=\box58
\@tempa=\box59
\@tempa=\box60
\@tempa=\box61
\c@columnbadness=\count137
\c@finalcolumnbadness=\count138
\last@try=\dimen187
\multicolovershoot=\dimen188
\multicolundershoot=\dimen189
\mult@nat@firstbox=\box62
\colbreak@box=\box63
\mc@col@check@num=\count139
)
("C:\Program Files\MiKTeX 2.9\tex\latex\psnfss\avant.sty"
Package: avant 2005/04/12 PSNFSS-v9.2a (SPQR) 
)
(C:\Enseignement\Livre_Exo_Vuibert\Installation\MATHDESIGN\texmf\tex\latex\math
design\mathdesign.sty
Package: mathdesign 2006/01/29 v1.55 Math Design Project
 ("C:\Program Files\MiKTeX 2.9\tex\latex\base\ifthen.sty"
Package: ifthen 2014/09/29 v1.1c Standard LaTeX ifthen package (DPC)
)
(C:\Enseignement\Livre_Exo_Vuibert\Installation\MATHDESIGN\texmf\tex\latex\math
design\mdput\mdput.cfg)
(C:\Enseignement\Livre_Exo_Vuibert\Installation\MATHDESIGN\texmf\tex\latex\math
design\mdput\mdput.sty
Package: mdput 2006/01/29 v1.55 adobe utopia + mdput (Math Design Project)

(C:\Enseignement\Livre_Exo_Vuibert\Installation\MATHDESIGN\texmf\tex\latex\math
design\mdfont.def
File: mdfont.def 2006/01/29 v1.55 (Math Design Project)
)
(C:\Enseignement\Livre_Exo_Vuibert\Installation\MATHDESIGN\texmf\tex\latex\math
design\mdsffont.def
File: mdsffont.def 2006/01/29 v1.55 (Math Design Project)
)
(C:\Enseignement\Livre_Exo_Vuibert\Installation\MATHDESIGN\texmf\tex\latex\math
design\mdttfont.def
File: mdttfont.def 2006/01/29 v1.55 (Math Design Project)
)
\symmdcal=\mathgroup4
LaTeX Font Info:    Overwriting symbol font `mdcal' in version `bold'
(Font)                  OMS/mdput/m/n --> OMS/mdput/b/n on input line 89.
\symmdscr=\mathgroup5
LaTeX Font Info:    Overwriting symbol font `mdscr' in version `bold'
(Font)                  OMS/mdput/m/n --> OMS/mdput/b/n on input line 95.
LaTeX Font Info:    Overwriting math alphabet `\mathfrak' in version `bold'
(Font)                  U/xmdeuf/m/n --> U/xmdeuf/b/n on input line 102.
LaTeX Font Info:    Try loading font information for OT1+mdput on input line 11
1.

(C:\Enseignement\Livre_Exo_Vuibert\Installation\MATHDESIGN\texmf\tex\latex\math
design\mdput\ot1mdput.fd
File: ot1mdput.fd 2006/01/29 Fontinst v1.928 font definitions for OT1/mdput.
)
LaTeX Font Info:    Font shape `OT1/mdput/m/n' will be
(Font)              scaled to size 9.19998pt on input line 111.
LaTeX Font Info:    Overwriting symbol font `operators' in version `normal'
(Font)                  OT1/cmr/m/n --> OT1/mdput/m/n on input line 114.
LaTeX Font Info:    Overwriting symbol font `letters' in version `normal'
(Font)                  OML/cmm/m/it --> OML/mdput/m/it on input line 115.
LaTeX Font Info:    Overwriting symbol font `symbols' in version `normal'
(Font)                  OMS/cmsy/m/n --> OMS/mdput/m/n on input line 116.
LaTeX Font Info:    Overwriting symbol font `largesymbols' in version `normal'
(Font)                  OMX/cmex/m/n --> OMX/mdput/m/n on input line 117.
LaTeX Font Info:    Overwriting symbol font `operators' in version `bold'
(Font)                  OT1/cmr/bx/n --> OT1/mdput/b/n on input line 119.
LaTeX Font Info:    Overwriting symbol font `letters' in version `bold'
(Font)                  OML/cmm/b/it --> OML/mdput/b/it on input line 120.
LaTeX Font Info:    Overwriting symbol font `symbols' in version `bold'
(Font)                  OMS/cmsy/b/n --> OMS/mdput/b/n on input line 121.
LaTeX Font Info:    Overwriting symbol font `largesymbols' in version `bold'
(Font)                  OMX/cmex/m/n --> OMX/mdput/b/n on input line 122.
LaTeX Font Info:    Overwriting math alphabet `\mathrm' in version `normal'
(Font)                  OT1/mdput/m/n --> OT1/mdput/m/n on input line 124.
LaTeX Font Info:    Overwriting math alphabet `\mathbf' in version `normal'
(Font)                  OT1/cmr/bx/n --> OT1/mdput/b/n on input line 125.
LaTeX Font Info:    Overwriting math alphabet `\mathit' in version `normal'
(Font)                  OT1/cmr/m/it --> OT1/mdput/m/it on input line 126.
LaTeX Font Info:    Overwriting math alphabet `\mathsf' in version `normal'
(Font)                  OT1/cmss/m/n --> OT1/pag/m/n on input line 127.
LaTeX Font Info:    Overwriting math alphabet `\mathtt' in version `normal'
(Font)                  OT1/cmtt/m/n --> OT1/cmtt/m/n on input line 128.
LaTeX Font Info:    Overwriting math alphabet `\mathcal' in version `normal'
(Font)                  OMS/mdput/m/n --> OMS/mdput/m/n on input line 132.
LaTeX Font Info:    Overwriting math alphabet `\mathrm' in version `bold'
(Font)                  OT1/mdput/b/n --> OT1/mdput/b/n on input line 137.
LaTeX Font Info:    Overwriting math alphabet `\mathbf' in version `bold'
(Font)                  OT1/cmr/bx/n --> OT1/mdput/b/n on input line 138.
LaTeX Font Info:    Overwriting math alphabet `\mathit' in version `bold'
(Font)                  OT1/cmr/bx/it --> OT1/mdput/b/it on input line 139.
LaTeX Font Info:    Overwriting math alphabet `\mathsf' in version `bold'
(Font)                  OT1/cmss/bx/n --> OT1/pag/b/n on input line 140.
LaTeX Font Info:    Overwriting math alphabet `\mathtt' in version `bold'
(Font)                  OT1/cmtt/m/n --> OT1/cmtt/b/n on input line 141.
LaTeX Font Info:    Redeclaring math accent \widetilde on input line 153.
LaTeX Font Info:    Redeclaring math accent \widehat on input line 154.
\symlettersupright=\mathgroup6
LaTeX Font Info:    Overwriting symbol font `lettersupright' in version `bold'
(Font)                  OML/mdput/m/n --> OML/mdput/b/n on input line 190.
LaTeX Font Info:    Redeclaring math alphabet \mathrm on input line 193.
\symmathdesignA=\mathgroup7
LaTeX Font Info:    Overwriting symbol font `mathdesignA' in version `bold'
(Font)                  MDA/mdput/m/n --> MDA/mdput/b/n on input line 382.
\@emptytoks=\toks29
LaTeX Font Info:    Redeclaring math accent \widetilde on input line 421.
LaTeX Font Info:    Redeclaring math accent \widehat on input line 422.
\symmathdesignB=\mathgroup8
LaTeX Font Info:    Overwriting symbol font `mathdesignB' in version `bold'
(Font)                  MDB/mdput/m/n --> MDB/mdput/b/n on input line 685.
)
("C:\Program Files\MiKTeX 2.9\tex\latex\base\fontenc.sty"
Package: fontenc 2005/09/27 v1.99g Standard LaTeX package

("C:\Program Files\MiKTeX 2.9\tex\latex\base\t1enc.def"
File: t1enc.def 2005/09/27 v1.99g Standard LaTeX file
LaTeX Font Info:    Redeclaring font encoding T1 on input line 48.
)
LaTeX Font Info:    Try loading font information for T1+mdput on input line 105
.

(C:\Enseignement\Livre_Exo_Vuibert\Installation\MATHDESIGN\texmf\tex\latex\math
design\mdput\t1mdput.fd
File: t1mdput.fd 2006/01/29 Fontinst v1.928 font definitions for T1/mdput.
)
LaTeX Font Info:    Font shape `T1/mdput/m/n' will be
(Font)              scaled to size 9.19998pt on input line 105.
))
("C:\Program Files\MiKTeX 2.9\tex\latex\microtype\microtype.sty"
Package: microtype 2013/05/23 v2.5a Micro-typographical refinements (RS)
\MT@toks=\toks30
\MT@count=\count140
LaTeX Info: Redefining \textls on input line 766.
\MT@outer@kern=\dimen190
LaTeX Info: Redefining \textmicrotypecontext on input line 1285.
\MT@listname@count=\count141

("C:\Program Files\MiKTeX 2.9\tex\latex\microtype\microtype-pdftex.def"
File: microtype-pdftex.def 2013/05/23 v2.5a Definitions specific to pdftex (RS)

LaTeX Info: Redefining \lsstyle on input line 915.
LaTeX Info: Redefining \lslig on input line 915.
\MT@outer@space=\skip53
)
Package microtype Info: Loading configuration file microtype.cfg.

("C:\Program Files\MiKTeX 2.9\tex\latex\microtype\microtype.cfg"
File: microtype.cfg 2013/05/23 v2.5a microtype main configuration file (RS)
))
("C:\Program Files\MiKTeX 2.9\tex\latex\base\inputenc.sty"
Package: inputenc 2015/03/17 v1.2c Input encoding file
\inpenc@prehook=\toks31
\inpenc@posthook=\toks32

("C:\Program Files\MiKTeX 2.9\tex\latex\base\utf8.def"
File: utf8.def 2015/06/27 v1.1n UTF-8 support for inputenc
Now handling font encoding OML ...
... no UTF-8 mapping file for font encoding OML
Now handling font encoding T1 ...
... processing UTF-8 mapping file for font encoding T1

("C:\Program Files\MiKTeX 2.9\tex\latex\base\t1enc.dfu"
File: t1enc.dfu 2015/06/27 v1.1n UTF-8 support for inputenc
   defining Unicode char U+00A1 (decimal 161)
   defining Unicode char U+00A3 (decimal 163)
   defining Unicode char U+00AB (decimal 171)
   defining Unicode char U+00BB (decimal 187)
   defining Unicode char U+00BF (decimal 191)
   defining Unicode char U+00C0 (decimal 192)
   defining Unicode char U+00C1 (decimal 193)
   defining Unicode char U+00C2 (decimal 194)
   defining Unicode char U+00C3 (decimal 195)
   defining Unicode char U+00C4 (decimal 196)
   defining Unicode char U+00C5 (decimal 197)
   defining Unicode char U+00C6 (decimal 198)
   defining Unicode char U+00C7 (decimal 199)
   defining Unicode char U+00C8 (decimal 200)
   defining Unicode char U+00C9 (decimal 201)
   defining Unicode char U+00CA (decimal 202)
   defining Unicode char U+00CB (decimal 203)
   defining Unicode char U+00CC (decimal 204)
   defining Unicode char U+00CD (decimal 205)
   defining Unicode char U+00CE (decimal 206)
   defining Unicode char U+00CF (decimal 207)
   defining Unicode char U+00D0 (decimal 208)
   defining Unicode char U+00D1 (decimal 209)
   defining Unicode char U+00D2 (decimal 210)
   defining Unicode char U+00D3 (decimal 211)
   defining Unicode char U+00D4 (decimal 212)
   defining Unicode char U+00D5 (decimal 213)
   defining Unicode char U+00D6 (decimal 214)
   defining Unicode char U+00D8 (decimal 216)
   defining Unicode char U+00D9 (decimal 217)
   defining Unicode char U+00DA (decimal 218)
   defining Unicode char U+00DB (decimal 219)
   defining Unicode char U+00DC (decimal 220)
   defining Unicode char U+00DD (decimal 221)
   defining Unicode char U+00DE (decimal 222)
   defining Unicode char U+00DF (decimal 223)
   defining Unicode char U+00E0 (decimal 224)
   defining Unicode char U+00E1 (decimal 225)
   defining Unicode char U+00E2 (decimal 226)
   defining Unicode char U+00E3 (decimal 227)
   defining Unicode char U+00E4 (decimal 228)
   defining Unicode char U+00E5 (decimal 229)
   defining Unicode char U+00E6 (decimal 230)
   defining Unicode char U+00E7 (decimal 231)
   defining Unicode char U+00E8 (decimal 232)
   defining Unicode char U+00E9 (decimal 233)
   defining Unicode char U+00EA (decimal 234)
   defining Unicode char U+00EB (decimal 235)
   defining Unicode char U+00EC (decimal 236)
   defining Unicode char U+00ED (decimal 237)
   defining Unicode char U+00EE (decimal 238)
   defining Unicode char U+00EF (decimal 239)
   defining Unicode char U+00F0 (decimal 240)
   defining Unicode char U+00F1 (decimal 241)
   defining Unicode char U+00F2 (decimal 242)
   defining Unicode char U+00F3 (decimal 243)
   defining Unicode char U+00F4 (decimal 244)
   defining Unicode char U+00F5 (decimal 245)
   defining Unicode char U+00F6 (decimal 246)
   defining Unicode char U+00F8 (decimal 248)
   defining Unicode char U+00F9 (decimal 249)
   defining Unicode char U+00FA (decimal 250)
   defining Unicode char U+00FB (decimal 251)
   defining Unicode char U+00FC (decimal 252)
   defining Unicode char U+00FD (decimal 253)
   defining Unicode char U+00FE (decimal 254)
   defining Unicode char U+00FF (decimal 255)
   defining Unicode char U+0102 (decimal 258)
   defining Unicode char U+0103 (decimal 259)
   defining Unicode char U+0104 (decimal 260)
   defining Unicode char U+0105 (decimal 261)
   defining Unicode char U+0106 (decimal 262)
   defining Unicode char U+0107 (decimal 263)
   defining Unicode char U+010C (decimal 268)
   defining Unicode char U+010D (decimal 269)
   defining Unicode char U+010E (decimal 270)
   defining Unicode char U+010F (decimal 271)
   defining Unicode char U+0110 (decimal 272)
   defining Unicode char U+0111 (decimal 273)
   defining Unicode char U+0118 (decimal 280)
   defining Unicode char U+0119 (decimal 281)
   defining Unicode char U+011A (decimal 282)
   defining Unicode char U+011B (decimal 283)
   defining Unicode char U+011E (decimal 286)
   defining Unicode char U+011F (decimal 287)
   defining Unicode char U+0130 (decimal 304)
   defining Unicode char U+0131 (decimal 305)
   defining Unicode char U+0132 (decimal 306)
   defining Unicode char U+0133 (decimal 307)
   defining Unicode char U+0139 (decimal 313)
   defining Unicode char U+013A (decimal 314)
   defining Unicode char U+013D (decimal 317)
   defining Unicode char U+013E (decimal 318)
   defining Unicode char U+0141 (decimal 321)
   defining Unicode char U+0142 (decimal 322)
   defining Unicode char U+0143 (decimal 323)
   defining Unicode char U+0144 (decimal 324)
   defining Unicode char U+0147 (decimal 327)
   defining Unicode char U+0148 (decimal 328)
   defining Unicode char U+014A (decimal 330)
   defining Unicode char U+014B (decimal 331)
   defining Unicode char U+0150 (decimal 336)
   defining Unicode char U+0151 (decimal 337)
   defining Unicode char U+0152 (decimal 338)
   defining Unicode char U+0153 (decimal 339)
   defining Unicode char U+0154 (decimal 340)
   defining Unicode char U+0155 (decimal 341)
   defining Unicode char U+0158 (decimal 344)
   defining Unicode char U+0159 (decimal 345)
   defining Unicode char U+015A (decimal 346)
   defining Unicode char U+015B (decimal 347)
   defining Unicode char U+015E (decimal 350)
   defining Unicode char U+015F (decimal 351)
   defining Unicode char U+0160 (decimal 352)
   defining Unicode char U+0161 (decimal 353)
   defining Unicode char U+0162 (decimal 354)
   defining Unicode char U+0163 (decimal 355)
   defining Unicode char U+0164 (decimal 356)
   defining Unicode char U+0165 (decimal 357)
   defining Unicode char U+016E (decimal 366)
   defining Unicode char U+016F (decimal 367)
   defining Unicode char U+0170 (decimal 368)
   defining Unicode char U+0171 (decimal 369)
   defining Unicode char U+0178 (decimal 376)
   defining Unicode char U+0179 (decimal 377)
   defining Unicode char U+017A (decimal 378)
   defining Unicode char U+017B (decimal 379)
   defining Unicode char U+017C (decimal 380)
   defining Unicode char U+017D (decimal 381)
   defining Unicode char U+017E (decimal 382)
   defining Unicode char U+200C (decimal 8204)
   defining Unicode char U+2013 (decimal 8211)
   defining Unicode char U+2014 (decimal 8212)
   defining Unicode char U+2018 (decimal 8216)
   defining Unicode char U+2019 (decimal 8217)
   defining Unicode char U+201A (decimal 8218)
   defining Unicode char U+201C (decimal 8220)
   defining Unicode char U+201D (decimal 8221)
   defining Unicode char U+201E (decimal 8222)
   defining Unicode char U+2030 (decimal 8240)
   defining Unicode char U+2031 (decimal 8241)
   defining Unicode char U+2039 (decimal 8249)
   defining Unicode char U+203A (decimal 8250)
   defining Unicode char U+2423 (decimal 9251)
)
Now handling font encoding OT1 ...
... processing UTF-8 mapping file for font encoding OT1

("C:\Program Files\MiKTeX 2.9\tex\latex\base\ot1enc.dfu"
File: ot1enc.dfu 2015/06/27 v1.1n UTF-8 support for inputenc
   defining Unicode char U+00A1 (decimal 161)
   defining Unicode char U+00A3 (decimal 163)
   defining Unicode char U+00B8 (decimal 184)
   defining Unicode char U+00BF (decimal 191)
   defining Unicode char U+00C5 (decimal 197)
   defining Unicode char U+00C6 (decimal 198)
   defining Unicode char U+00D8 (decimal 216)
   defining Unicode char U+00DF (decimal 223)
   defining Unicode char U+00E6 (decimal 230)
   defining Unicode char U+00EC (decimal 236)
   defining Unicode char U+00ED (decimal 237)
   defining Unicode char U+00EE (decimal 238)
   defining Unicode char U+00EF (decimal 239)
   defining Unicode char U+00F8 (decimal 248)
   defining Unicode char U+0131 (decimal 305)
   defining Unicode char U+0141 (decimal 321)
   defining Unicode char U+0142 (decimal 322)
   defining Unicode char U+0152 (decimal 338)
   defining Unicode char U+0153 (decimal 339)
   defining Unicode char U+2013 (decimal 8211)
   defining Unicode char U+2014 (decimal 8212)
   defining Unicode char U+2018 (decimal 8216)
   defining Unicode char U+2019 (decimal 8217)
   defining Unicode char U+201C (decimal 8220)
   defining Unicode char U+201D (decimal 8221)
)
Now handling font encoding OMS ...
... processing UTF-8 mapping file for font encoding OMS

("C:\Program Files\MiKTeX 2.9\tex\latex\base\omsenc.dfu"
File: omsenc.dfu 2015/06/27 v1.1n UTF-8 support for inputenc
   defining Unicode char U+00A7 (decimal 167)
   defining Unicode char U+00B6 (decimal 182)
   defining Unicode char U+00B7 (decimal 183)
   defining Unicode char U+2020 (decimal 8224)
   defining Unicode char U+2021 (decimal 8225)
   defining Unicode char U+2022 (decimal 8226)
)
Now handling font encoding OMX ...
... no UTF-8 mapping file for font encoding OMX
Now handling font encoding U ...
... no UTF-8 mapping file for font encoding U
Now handling font encoding PD1 ...
... no UTF-8 mapping file for font encoding PD1
Now handling font encoding MDA ...
... no UTF-8 mapping file for font encoding MDA
Now handling font encoding MDB ...
... no UTF-8 mapping file for font encoding MDB
   defining Unicode char U+00A9 (decimal 169)
   defining Unicode char U+00AA (decimal 170)
   defining Unicode char U+00AE (decimal 174)
   defining Unicode char U+00BA (decimal 186)
   defining Unicode char U+02C6 (decimal 710)
   defining Unicode char U+02DC (decimal 732)
   defining Unicode char U+200C (decimal 8204)
   defining Unicode char U+2026 (decimal 8230)
   defining Unicode char U+2122 (decimal 8482)
   defining Unicode char U+2423 (decimal 9251)
))
("C:\Program Files\MiKTeX 2.9\tex\latex\base\fontenc.sty"
Package: fontenc 2005/09/27 v1.99g Standard LaTeX package

("C:\Program Files\MiKTeX 2.9\tex\latex\base\t1enc.def"
File: t1enc.def 2005/09/27 v1.99g Standard LaTeX file
LaTeX Font Info:    Redeclaring font encoding T1 on input line 48.
))
("C:\Program Files\MiKTeX 2.9\tex\latex\biblatex\biblatex.sty"
Package: biblatex 2015/04/19 v3.0 programmable bibliographies (PK/JW/AB)

("C:\Program Files\MiKTeX 2.9\tex\latex\biblatex\biblatex2.sty"
Package: biblatex2 2015/04/19 v3.0 programmable bibliographies (biber) (PK/JW/A
B)

("C:\Program Files\MiKTeX 2.9\tex\latex\etoolbox\etoolbox.sty"
Package: etoolbox 2015/05/04 v2.2 e-TeX tools for LaTeX (JAW)
\etb@tempcnta=\count142
)
("C:\Program Files\MiKTeX 2.9\tex\latex\logreq\logreq.sty"
Package: logreq 2010/08/04 v1.0 xml request logger
\lrq@indent=\count143

("C:\Program Files\MiKTeX 2.9\tex\latex\logreq\logreq.def"
File: logreq.def 2010/08/04 v1.0 logreq spec v1.0
))
\c@tabx@nest=\count144
\c@listtotal=\count145
\c@listcount=\count146
\c@liststart=\count147
\c@liststop=\count148
\c@citecount=\count149
\c@citetotal=\count150
\c@multicitecount=\count151
\c@multicitetotal=\count152
\c@instcount=\count153
\c@maxnames=\count154
\c@minnames=\count155
\c@maxitems=\count156
\c@minitems=\count157
\c@citecounter=\count158
\c@savedcitecounter=\count159
\c@uniquelist=\count160
\c@uniquename=\count161
\c@refsection=\count162
\c@refsegment=\count163
\c@maxextratitle=\count164
\c@maxextratitleyear=\count165
\c@maxextrayear=\count166
\c@maxextraalpha=\count167
\c@abbrvpenalty=\count168
\c@highnamepenalty=\count169
\c@lownamepenalty=\count170
\c@maxparens=\count171
\c@parenlevel=\count172
\blx@tempcnta=\count173
\blx@tempcntb=\count174
\blx@tempcntc=\count175
\blx@maxsection=\count176
\blx@maxsegment@0=\count177
\blx@notetype=\count178
\blx@parenlevel@text=\count179
\blx@parenlevel@foot=\count180
\blx@sectionciteorder@0=\count181
\labelnumberwidth=\skip54
\labelalphawidth=\skip55
\biblabelsep=\skip56
\bibitemsep=\skip57
\bibnamesep=\skip58
\bibinitsep=\skip59
\bibparsep=\skip60
\bibhang=\skip61
\blx@bcfin=\read2
\blx@bcfout=\write4
\c@mincomprange=\count182
\c@maxcomprange=\count183
\c@mincompwidth=\count184
Package biblatex Info: Trying to load biblatex default data model...
Package biblatex Info: ... file 'blx-dm.def' found.

("C:\Program Files\MiKTeX 2.9\tex\latex\biblatex\blx-dm.def")
Package biblatex Info: Trying to load biblatex style data model...
Package biblatex Info: ... file 'alphabetic.dbx' not found.
Package biblatex Info: Trying to load biblatex custom data model...
Package biblatex Info: ... file 'biblatex-dm.cfg' not found.
\c@afterword=\count185
\c@savedafterword=\count186
\c@annotator=\count187
\c@savedannotator=\count188
\c@author=\count189
\c@savedauthor=\count190
\c@bookauthor=\count191
\c@savedbookauthor=\count192
\c@commentator=\count193
\c@savedcommentator=\count194
\c@editor=\count195
\c@savededitor=\count196
\c@editora=\count197
\c@savededitora=\count198
\c@editorb=\count199
\c@savededitorb=\count200
\c@editorc=\count201
\c@savededitorc=\count202
\c@foreword=\count203
\c@savedforeword=\count204
\c@holder=\count205
\c@savedholder=\count206
\c@introduction=\count207
\c@savedintroduction=\count208
\c@namea=\count209
\c@savednamea=\count210
\c@nameb=\count211
\c@savednameb=\count212
\c@namec=\count213
\c@savednamec=\count214
\c@translator=\count215
\c@savedtranslator=\count216
\c@shortauthor=\count217
\c@savedshortauthor=\count218
\c@shorteditor=\count219
\c@savedshorteditor=\count220
\c@labelname=\count221
\c@savedlabelname=\count222
\c@institution=\count223
\c@savedinstitution=\count224
\c@lista=\count225
\c@savedlista=\count226
\c@listb=\count227
\c@savedlistb=\count228
\c@listc=\count229
\c@savedlistc=\count230
\c@listd=\count231
\c@savedlistd=\count232
\c@liste=\count233
\c@savedliste=\count266
\c@listf=\count267
\c@savedlistf=\count268
\c@location=\count269
\c@savedlocation=\count270
\c@organization=\count271
\c@savedorganization=\count272
\c@origlocation=\count273
\c@savedoriglocation=\count274
\c@origpublisher=\count275
\c@savedorigpublisher=\count276
\c@publisher=\count277
\c@savedpublisher=\count278
\c@language=\count279
\c@savedlanguage=\count280
\c@pageref=\count281
\c@savedpageref=\count282
\shorthandwidth=\skip62
\shortjournalwidth=\skip63
\shortserieswidth=\skip64
\shorttitlewidth=\skip65
\shortauthorwidth=\skip66
\shorteditorwidth=\skip67
Package biblatex Info: Trying to load compatibility code...
Package biblatex Info: ... file 'blx-compat.def' found.

("C:\Program Files\MiKTeX 2.9\tex\latex\biblatex\blx-compat.def"
File: blx-compat.def 2015/04/19 v3.0 biblatex compatibility (PK/JW/AB)
)
Package biblatex Info: Trying to load generic definitions...
Package biblatex Info: ... file 'biblatex.def' found.

("C:\Program Files\MiKTeX 2.9\tex\latex\biblatex\biblatex.def"
File: biblatex.def 
\c@textcitecount=\count283
\c@textcitetotal=\count284
\c@textcitemaxnames=\count285
\c@biburlnumpenalty=\count286
\c@biburlucpenalty=\count287
\c@biburllcpenalty=\count288
\c@smartand=\count289
)
Package biblatex Info: Trying to load bibliography style 'alphabetic'...
Package biblatex Info: ... file 'alphabetic.bbx' found.

("C:\Program Files\MiKTeX 2.9\tex\latex\biblatex\bbx\alphabetic.bbx"
File: alphabetic.bbx 2015/04/19 v3.0 biblatex bibliography style (PK/JW/AB)
Package biblatex Info: Trying to load bibliography style 'standard'...
Package biblatex Info: ... file 'standard.bbx' found.

("C:\Program Files\MiKTeX 2.9\tex\latex\biblatex\bbx\standard.bbx"
File: standard.bbx 2015/04/19 v3.0 biblatex bibliography style (PK/JW/AB)
\c@bbx:relatedcount=\count290
\c@bbx:relatedtotal=\count291
))
Package biblatex Info: Trying to load citation style 'numeric'...
Package biblatex Info: ... file 'numeric.cbx' found.

("C:\Program Files\MiKTeX 2.9\tex\latex\biblatex\cbx\numeric.cbx"
File: numeric.cbx 2015/04/19 v3.0 biblatex citation style (PK/JW/AB)
Package biblatex Info: Redefining '\cite'.
Package biblatex Info: Redefining '\parencite'.
Package biblatex Info: Redefining '\footcite'.
Package biblatex Info: Redefining '\footcitetext'.
Package biblatex Info: Redefining '\smartcite'.
Package biblatex Info: Redefining '\supercite'.
Package biblatex Info: Redefining '\textcite'.
Package biblatex Info: Redefining '\textcites'.
Package biblatex Info: Redefining '\cites'.
Package biblatex Info: Redefining '\parencites'.
Package biblatex Info: Redefining '\smartcites'.
)
Package biblatex Info: Trying to load configuration file...
Package biblatex Info: ... file 'biblatex.cfg' found.

("C:\Program Files\MiKTeX 2.9\tex\latex\biblatex\biblatex.cfg"
File: biblatex.cfg 
)

Package biblatex Warning: 'babel' option is deprecated, use 'autolang' instead.


)) ("C:\Program Files\MiKTeX 2.9\tex\latex\tools\calc.sty"
Package: calc 2014/10/28 v4.3 Infix arithmetic (KKT,FJ)
\calc@Acount=\count292
\calc@Bcount=\count293
\calc@Adimen=\dimen191
\calc@Bdimen=\dimen192
\calc@Askip=\skip68
\calc@Bskip=\skip69
LaTeX Info: Redefining \setlength on input line 80.
LaTeX Info: Redefining \addtolength on input line 81.
\calc@Ccount=\count294
\calc@Cskip=\skip70
)
("C:\Program Files\MiKTeX 2.9\tex\latex\base\makeidx.sty"
Package: makeidx 2014/09/29 v1.0m Standard LaTeX package
)
\@indexfile=\write5

Writing index file EtudeTheorique.idx
("C:\Program Files\MiKTeX 2.9\tex\latex\titlesec\titletoc.sty"
Package: titletoc 2011/12/15 v1.6 TOC entries
\ttl@leftsep=\dimen193
)
("C:\Program Files\MiKTeX 2.9\tex\latex\fancyhdr\fancyhdr.sty"
\fancy@headwidth=\skip71
\f@ncyO@elh=\skip72
\f@ncyO@erh=\skip73
\f@ncyO@olh=\skip74
\f@ncyO@orh=\skip75
\f@ncyO@elf=\skip76
\f@ncyO@erf=\skip77
\f@ncyO@olf=\skip78
\f@ncyO@orf=\skip79
)
("C:\Program Files\MiKTeX 2.9\tex\latex\amsmath\amsmath.sty"
Package: amsmath 2013/01/14 v2.14 AMS math features
\@mathmargin=\skip80

For additional information on amsmath, use the `?' option.
("C:\Program Files\MiKTeX 2.9\tex\latex\amsmath\amstext.sty"
Package: amstext 2000/06/29 v2.01

("C:\Program Files\MiKTeX 2.9\tex\latex\amsmath\amsgen.sty"
File: amsgen.sty 1999/11/30 v2.0
\@emptytoks=\toks33
\ex@=\dimen194
))
("C:\Program Files\MiKTeX 2.9\tex\latex\amsmath\amsbsy.sty"
Package: amsbsy 1999/11/29 v1.2d
\pmbraise@=\dimen195
)
("C:\Program Files\MiKTeX 2.9\tex\latex\amsmath\amsopn.sty"
Package: amsopn 1999/12/14 v2.01 operator names
)
\inf@bad=\count295
LaTeX Info: Redefining \frac on input line 210.
\uproot@=\count296
\leftroot@=\count297
LaTeX Info: Redefining \overline on input line 306.
\classnum@=\count298
\DOTSCASE@=\count299
LaTeX Info: Redefining \ldots on input line 378.
LaTeX Info: Redefining \dots on input line 381.
LaTeX Info: Redefining \cdots on input line 466.
\Mathstrutbox@=\box64
\strutbox@=\box65
\big@size=\dimen196
LaTeX Font Info:    Redeclaring font encoding OML on input line 566.
LaTeX Font Info:    Redeclaring font encoding OMS on input line 567.
\macc@depth=\count300
\c@MaxMatrixCols=\count301
\dotsspace@=\muskip11
\c@parentequation=\count302
\dspbrk@lvl=\count303
\tag@help=\toks34
\row@=\count304
\column@=\count305
\maxfields@=\count306
\andhelp@=\toks35
\eqnshift@=\dimen197
\alignsep@=\dimen198
\tagshift@=\dimen199
\tagwidth@=\dimen200
\totwidth@=\dimen201
\lineht@=\dimen202
\@envbody=\toks36
\multlinegap=\skip81
\multlinetaggap=\skip82
\mathdisplay@stack=\toks37
LaTeX Info: Redefining \[ on input line 2665.
LaTeX Info: Redefining \] on input line 2666.
)
("C:\Program Files\MiKTeX 2.9\tex\latex\amscls\amsthm.sty"
Package: amsthm 2015/03/04 v2.20.2
\thm@style=\toks38
\thm@bodyfont=\toks39
\thm@headfont=\toks40
\thm@notefont=\toks41
\thm@headpunct=\toks42
\thm@preskip=\skip83
\thm@postskip=\skip84
\thm@headsep=\skip85
\dth@everypar=\toks43
)
\c@notation=\count307
\c@dummy=\count308
\c@problem=\count309
\c@exerciseT=\count310
\c@exempleT=\count311
\c@vocabulary=\count312
\c@definitionT=\count313
\c@demoT=\count314
\c@hypoT=\count315
\c@titrepartieT=\count316
\c@titrechapitreT=\count317

("C:\Program Files\MiKTeX 2.9\tex\latex\mdframed\mdframed.sty"
Package: mdframed 2013/07/01 1.9b: mdframed

("C:\Program Files\MiKTeX 2.9\tex\latex\l3packages\xparse\xparse.sty"
("C:\Program Files\MiKTeX 2.9\tex\latex\l3kernel\expl3.sty"
Package: expl3 2015/06/15 v5630 L3 programming layer (loader) 

("C:\Program Files\MiKTeX 2.9\tex\latex\l3kernel\expl3-code.tex"
Package: expl3 2015/06/15 v5630 L3 programming layer (code) 
L3 Module: l3bootstrap 2015/05/20 v5608 L3 Bootstrap code
L3 Module: l3names 2015/02/24 v5535 L3 Namespace for primitives
L3 Module: l3basics 2015/01/27 v5500 L3 Basic definitions
L3 Module: l3expan 2014/11/27 v5472 L3 Argument expansion
L3 Module: l3tl 2015/01/27 v5500 L3 Token lists
L3 Module: l3str 2015/03/01 v5545 L3 Strings
L3 Module: l3seq 2014/08/23 v5354 L3 Sequences and stacks
L3 Module: l3int 2015/02/21 v5529 L3 Integers
\c_max_int=\count318
\l_tmpa_int=\count319
\l_tmpb_int=\count320
\g_tmpa_int=\count321
\g_tmpb_int=\count322
L3 Module: l3quark 2014/08/23 v5354 L3 Quarks
L3 Module: l3prg 2015/04/13 v5566 L3 Control structures
\g__prg_map_int=\count323
L3 Module: l3clist 2014/08/23 v5354 L3 Comma separated lists
L3 Module: l3token 2014/09/15 v5422 L3 Experimental token manipulation
L3 Module: l3prop 2014/08/23 v5354 L3 Property lists
L3 Module: l3msg 2015/02/26 v5537 L3 Messages
L3 Module: l3file 2015/06/07 v5627 L3 File and I/O operations
\l_iow_line_count_int=\count324
\l__iow_target_count_int=\count325
\l__iow_current_line_int=\count326
\l__iow_current_word_int=\count327
\l__iow_current_indentation_int=\count328
L3 Module: l3skip 2015/05/18 v5607 L3 Dimensions and skips
\c_zero_dim=\dimen203
\c_max_dim=\dimen204
\l_tmpa_dim=\dimen205
\l_tmpb_dim=\dimen206
\g_tmpa_dim=\dimen207
\g_tmpb_dim=\dimen208
\c_zero_skip=\skip86
\c_max_skip=\skip87
\l_tmpa_skip=\skip88
\l_tmpb_skip=\skip89
\g_tmpa_skip=\skip90
\g_tmpb_skip=\skip91
\c_zero_muskip=\muskip12
\c_max_muskip=\muskip13
\l_tmpa_muskip=\muskip14
\l_tmpb_muskip=\muskip15
\g_tmpa_muskip=\muskip16
\g_tmpb_muskip=\muskip17
L3 Module: l3keys 2015/06/14 v5629 L3 Key-value interfaces
\g__keyval_level_int=\count329
\l_keys_choice_int=\count330
L3 Module: l3fp 2014/08/22 v5336 L3 Floating points
\c__fp_leading_shift_int=\count331
\c__fp_middle_shift_int=\count332
\c__fp_trailing_shift_int=\count333
\c__fp_big_leading_shift_int=\count334
\c__fp_big_middle_shift_int=\count335
\c__fp_big_trailing_shift_int=\count336
\c__fp_Bigg_leading_shift_int=\count337
\c__fp_Bigg_middle_shift_int=\count338
\c__fp_Bigg_trailing_shift_int=\count339
L3 Module: l3box 2014/08/23 v5354 L3 Experimental boxes
\c_empty_box=\box66
\l_tmpa_box=\box67
\l_tmpb_box=\box68
\g_tmpa_box=\box69
\g_tmpb_box=\box70
L3 Module: l3coffins 2014/08/23 v5354 L3 Coffin code layer
\l__coffin_internal_box=\box71
\l__coffin_internal_dim=\dimen209
\l__coffin_offset_x_dim=\dimen210
\l__coffin_offset_y_dim=\dimen211
\l__coffin_x_dim=\dimen212
\l__coffin_y_dim=\dimen213
\l__coffin_x_prime_dim=\dimen214
\l__coffin_y_prime_dim=\dimen215
\c_empty_coffin=\box72
\l__coffin_aligned_coffin=\box73
\l__coffin_aligned_internal_coffin=\box74
\l_tmpa_coffin=\box75
\l_tmpb_coffin=\box76
\l__coffin_display_coffin=\box77
\l__coffin_display_coord_coffin=\box78
\l__coffin_display_pole_coffin=\box79
\l__coffin_display_offset_dim=\dimen216
\l__coffin_display_x_dim=\dimen217
\l__coffin_display_y_dim=\dimen218
L3 Module: l3color 2014/08/23 v5354 L3 Experimental color support
L3 Module: l3candidates 2015/05/21 v5613 L3 Experimental additions to l3kernel
\l__box_top_dim=\dimen219
\l__box_bottom_dim=\dimen220
\l__box_left_dim=\dimen221
\l__box_right_dim=\dimen222
\l__box_top_new_dim=\dimen223
\l__box_bottom_new_dim=\dimen224
\l__box_left_new_dim=\dimen225
\l__box_right_new_dim=\dimen226
\l__box_internal_box=\box80
\l__coffin_bounding_shift_dim=\dimen227
\l__coffin_left_corner_dim=\dimen228
\l__coffin_right_corner_dim=\dimen229
\l__coffin_bottom_corner_dim=\dimen230
\l__coffin_top_corner_dim=\dimen231
\l__coffin_scaled_total_height_dim=\dimen232
\l__coffin_scaled_width_dim=\dimen233
)
("C:\Program Files\MiKTeX 2.9\tex\latex\l3kernel\l3unicode-data.def"
File: l3unicode-data.def 2015/03/01 v5544 L3 Unicode data
)
("C:\Program Files\MiKTeX 2.9\tex\latex\l3kernel\l3pdfmode.def"
File: l3pdfmode.def 2015/05/21 v5613 L3 Experimental driver: PDF mode
\l__driver_color_stack_int=\count340
))
Package: xparse 2015/06/15 v5630 L3 Experimental document command parser
\l__xparse_current_arg_int=\count341
\l__xparse_m_args_int=\count342
\l__xparse_mandatory_args_int=\count343
\l__xparse_processor_int=\count344
\l__xparse_v_nesting_int=\count345
)
("C:\Program Files\MiKTeX 2.9\tex\latex\oberdiek\zref-abspage.sty"
Package: zref-abspage 2012/04/04 v2.24 Module abspage for zref (HO)

("C:\Program Files\MiKTeX 2.9\tex\latex\oberdiek\zref-base.sty"
Package: zref-base 2012/04/04 v2.24 Module base for zref (HO)
Package zref Info: New property list: main on input line 759.
Package zref Info: New property: default on input line 760.
Package zref Info: New property: page on input line 761.
)
\c@abspage=\count346
Package zref Info: New property: abspage on input line 62.
)
("C:\Program Files\MiKTeX 2.9\tex\latex\needspace\needspace.sty"
Package: needspace 2010/09/12 v1.3d reserve vertical space
)
\mdf@templength=\skip92
\c@mdf@globalstyle@cnt=\count347
\mdf@skipabove@length=\skip93
\mdf@skipbelow@length=\skip94
\mdf@leftmargin@length=\skip95
\mdf@rightmargin@length=\skip96
\mdf@innerleftmargin@length=\skip97
\mdf@innerrightmargin@length=\skip98
\mdf@innertopmargin@length=\skip99
\mdf@innerbottommargin@length=\skip100
\mdf@splittopskip@length=\skip101
\mdf@splitbottomskip@length=\skip102
\mdf@outermargin@length=\skip103
\mdf@innermargin@length=\skip104
\mdf@linewidth@length=\skip105
\mdf@innerlinewidth@length=\skip106
\mdf@middlelinewidth@length=\skip107
\mdf@outerlinewidth@length=\skip108
\mdf@roundcorner@length=\skip109
\mdf@footenotedistance@length=\skip110
\mdf@userdefinedwidth@length=\skip111
\mdf@needspace@length=\skip112
\mdf@frametitleaboveskip@length=\skip113
\mdf@frametitlebelowskip@length=\skip114
\mdf@frametitlerulewidth@length=\skip115
\mdf@frametitleleftmargin@length=\skip116
\mdf@frametitlerightmargin@length=\skip117
\mdf@shadowsize@length=\skip118
\mdf@extratopheight@length=\skip119
\mdf@subtitleabovelinewidth@length=\skip120
\mdf@subtitlebelowlinewidth@length=\skip121
\mdf@subtitleaboveskip@length=\skip122
\mdf@subtitlebelowskip@length=\skip123
\mdf@subtitleinneraboveskip@length=\skip124
\mdf@subtitleinnerbelowskip@length=\skip125
\mdf@subsubtitleabovelinewidth@length=\skip126
\mdf@subsubtitlebelowlinewidth@length=\skip127
\mdf@subsubtitleaboveskip@length=\skip128
\mdf@subsubtitlebelowskip@length=\skip129
\mdf@subsubtitleinneraboveskip@length=\skip130
\mdf@subsubtitleinnerbelowskip@length=\skip131

("C:\Program Files\MiKTeX 2.9\tex\latex\mdframed\md-frame-1.mdf"
File: md-frame-1.mdf 2013/07/01\ 1.9b: md-frame-1
)
\mdf@frametitlebox=\box81
\mdf@footnotebox=\box82
\mdf@splitbox@one=\box83
\mdf@splitbox@two=\box84
\mdf@splitbox@save=\box85
\mdfsplitboxwidth=\skip132
\mdfsplitboxtotalwidth=\skip133
\mdfsplitboxheight=\skip134
\mdfsplitboxdepth=\skip135
\mdfsplitboxtotalheight=\skip136
\mdfframetitleboxwidth=\skip137
\mdfframetitleboxtotalwidth=\skip138
\mdfframetitleboxheight=\skip139
\mdfframetitleboxdepth=\skip140
\mdfframetitleboxtotalheight=\skip141
\mdffootnoteboxwidth=\skip142
\mdffootnoteboxtotalwidth=\skip143
\mdffootnoteboxheight=\skip144
\mdffootnoteboxdepth=\skip145
\mdffootnoteboxtotalheight=\skip146
\mdftotallinewidth=\skip147
\mdfboundingboxwidth=\skip148
\mdfboundingboxtotalwidth=\skip149
\mdfboundingboxheight=\skip150
\mdfboundingboxdepth=\skip151
\mdfboundingboxtotalheight=\skip152
\mdf@freevspace@length=\skip153
\mdf@horizontalwidthofbox@length=\skip154
\mdf@verticalmarginwhole@length=\skip155
\mdf@horizontalspaceofbox=\skip156
\mdfsubtitleheight=\skip157
\mdfsubsubtitleheight=\skip158
\c@mdfcountframes=\count348

****** mdframed patching \endmdf@trivlist

****** -- success******

.................................................
. LaTeX info: "xparse/define-command"
. 
. Defining command \newmdtheoremenv with sig. 'O{} m o m o ' on line 601.
.................................................
.................................................
. LaTeX info: "xparse/define-command"
. 
. Defining command \mdtheorem with sig. ' O{} m o m o ' on line 701.
.................................................
\mdf@envdepth=\count349
\c@mdf@env@i=\count350
\c@mdf@env@ii=\count351
\c@mdf@zref@counter=\count352
Package zref Info: New property: mdf@pagevalue on input line 895.
)

Package hyperref Warning: Option `backref' has already been used,
(hyperref)                setting the option has no effect on input line 641.


Package hyperref Warning: Option `pagebackref' has already been used,
(hyperref)                setting the option has no effect on input line 641.


Package hyperref Warning: Option `hyperindex' has already been used,
(hyperref)                setting the option has no effect on input line 641.

Package hyperref Info: Option `colorlinks' set `false' on input line 641.
Package hyperref Info: Option `breaklinks' set `true' on input line 641.

Package hyperref Warning: Option `bookmarks' has already been used,
(hyperref)                setting the option has no effect on input line 641.

Package hyperref Info: Option `bookmarksopen' set `false' on input line 641.
("C:\Program Files\MiKTeX 2.9\tex\latex\oberdiek\bookmark.sty"
Package: bookmark 2011/12/02 v1.24 PDF bookmarks (HO)

("C:\Program Files\MiKTeX 2.9\tex\latex\oberdiek\bkm-pdftex.def"
File: bkm-pdftex.def 2011/12/02 v1.24 bookmark driver for pdfTeX (HO)
\BKM@id=\count353
)))
(style/macros_SII.tex)
Package biblatex Info: Trying to load language 'french'...
Package biblatex Info: ... file 'french.lbx' found.

("C:\Program Files\MiKTeX 2.9\tex\latex\biblatex\lbx\french.lbx"
File: french.lbx 2015/04/19 v3.0 biblatex localization (PK/JW/AB)
)

Package biblatex Warning: 'babel/polyglossia' detected but 'csquotes' missing.
(biblatex)                Loading 'csquotes' recommended.

\@quotelevel=\count354
\@quotereset=\count355
(EtudeTheorique.aux)
LaTeX Font Info:    Checking defaults for OML/cmm/m/it on input line 70.
LaTeX Font Info:    ... okay on input line 70.
LaTeX Font Info:    Checking defaults for T1/cmr/m/n on input line 70.
LaTeX Font Info:    ... okay on input line 70.
LaTeX Font Info:    Checking defaults for OT1/cmr/m/n on input line 70.
LaTeX Font Info:    ... okay on input line 70.
LaTeX Font Info:    Checking defaults for OMS/cmsy/m/n on input line 70.
LaTeX Font Info:    ... okay on input line 70.
LaTeX Font Info:    Checking defaults for OMX/cmex/m/n on input line 70.
LaTeX Font Info:    ... okay on input line 70.
LaTeX Font Info:    Checking defaults for U/cmr/m/n on input line 70.
LaTeX Font Info:    ... okay on input line 70.
LaTeX Font Info:    Checking defaults for PD1/pdf/m/n on input line 70.
LaTeX Font Info:    ... okay on input line 70.
LaTeX Font Info:    Checking defaults for MDA/cmr/m/n on input line 70.
LaTeX Font Info:    Try loading font information for MDA+cmr on input line 70.

(C:\Enseignement\Livre_Exo_Vuibert\Installation\MATHDESIGN\texmf\tex\latex\math
design\mdacmr.fd
File: mdacmr.fd 
)
LaTeX Font Info:    ... okay on input line 70.
LaTeX Font Info:    Checking defaults for MDB/cmr/m/n on input line 70.
LaTeX Font Info:    Try loading font information for MDB+cmr on input line 70.

(C:\Enseignement\Livre_Exo_Vuibert\Installation\MATHDESIGN\texmf\tex\latex\math
design\mdbcmr.fd
File: mdbcmr.fd 
)
LaTeX Font Info:    ... okay on input line 70.
\AtBeginShipoutBox=\box86
Package hyperref Info: Link coloring OFF on input line 70.
 ("C:\Program Files\MiKTeX 2.9\tex\latex\hyperref\nameref.sty"
Package: nameref 2012/10/27 v2.43 Cross-referencing by name of section
("C:\Program Files\MiKTeX 2.9\tex\generic\oberdiek\gettitlestring.sty"
Package: gettitlestring 2010/12/03 v1.4 Cleanup title references (HO)
)
\c@section@level=\count356
)
LaTeX Info: Redefining \ref on input line 70.
LaTeX Info: Redefining \pageref on input line 70.
LaTeX Info: Redefining \nameref on input line 70.

*geometry* driver: auto-detecting
*geometry* detected driver: pdftex
*geometry* verbose mode - [ preamble ] result:
* driver: pdftex
* paper: a4paper
* layout: <same size as paper>
* layoutoffset:(h,v)=(0.0pt,0.0pt)
* modes: 
* h-part:(L,W,R)=(56.9055pt, 483.69687pt, 56.9055pt)
* v-part:(T,H,B)=(71.13188pt, 717.00946pt, 56.9055pt)
* \paperwidth=597.50787pt
* \paperheight=845.04684pt
* \textwidth=483.69687pt
* \textheight=717.00946pt
* \oddsidemargin=-15.36449pt
* \evensidemargin=-15.36449pt
* \topmargin=-53.1381pt
* \headheight=12.0pt
* \headsep=40.0pt
* \topskip=10.0pt
* \footskip=30.0pt
* \marginparwidth=65.0pt
* \marginparsep=11.0pt
* \columnsep=10.0pt
* \skip\footins=9.0pt plus 4.0pt minus 2.0pt
* \hoffset=0.0pt
* \voffset=0.0pt
* \mag=1000
* \@twocolumnfalse
* \@twosidefalse
* \@mparswitchfalse
* \@reversemarginfalse
* (1in=72.27pt=25.4mm, 1cm=28.453pt)

("C:\Program Files\MiKTeX 2.9\tex\context\base\supp-pdf.mkii"
[Loading MPS to PDF converter (version 2006.09.02).]
\scratchcounter=\count357
\scratchdimen=\dimen256
\scratchbox=\box87
\nofMPsegments=\count358
\nofMParguments=\count359
\everyMPshowfont=\toks44
\MPscratchCnt=\count360
\MPscratchDim=\dimen257
\MPnumerator=\count361
\makeMPintoPDFobject=\count362
\everyMPtoPDFconversion=\toks45
) ABD: EveryShipout initializing macros
LaTeX Info: Redefining \degres on input line 70.
LaTeX Info: Redefining \dots on input line 70.
LaTeX Info: Redefining \up on input line 70.
LaTeX Info: Redefining \microtypecontext on input line 70.
Package microtype Info: Generating PDF output.
Package microtype Info: Character protrusion enabled (level 2).
Package microtype Info: Using default protrusion set `alltext'.
Package microtype Info: Automatic font expansion enabled (level 2),
(microtype)             stretch: 20, shrink: 20, step: 1, non-selected.
Package microtype Info: Using default expansion set `basictext'.
Package microtype Info: No adjustment of tracking.
Package microtype Info: No adjustment of interword spacing.
Package microtype Info: No adjustment of character kerning.
Package microtype Info: Loading generic settings for font family
(microtype)             `mdput' (encoding: T1).
(microtype)             For optimal results, create family-specific settings.
(microtype)             See the microtype manual for details.
Package biblatex Info: Input encoding 'utf8' detected.
Package biblatex Info: Automatic encoding selection.
(biblatex)             Assuming data encoding 'utf8'.
Package biblatex Info: Trying to load bibliographic data...
Package biblatex Info: ... file 'EtudeTheorique.bbl' not found.

No file EtudeTheorique.bbl.
Package biblatex Info: Reference section=0 on input line 70.
Package biblatex Info: Reference segment=0 on input line 70.
(style/new_pagegarde.tex <png/Fond_SET.png, id=6, 1185.42876pt x 593.21625pt>
File: png/Fond_SET.png Graphic file (type png)

<use png/Fond_SET.png>
Package pdftex.def Info: png/Fond_SET.png used on input line 9.
(pdftex.def)             Requested size: 597.50787pt x 299.01515pt.
LaTeX Font Info:    Font shape `T1/mdput/m/n' will be
(Font)              scaled to size 19.08076pt on input line 11.
LaTeX Font Info:    Try loading font information for T1+pag on input line 11.
 ("C:\Program Files\MiKTeX 2.9\tex\latex\psnfss\t1pag.fd"
File: t1pag.fd 2001/06/04 font definitions for T1/pag.
)
Package microtype Info: Loading generic settings for font family
(microtype)             `pag' (encoding: T1).
(microtype)             For optimal results, create family-specific settings.
(microtype)             See the microtype manual for details.
LaTeX Font Info:    Font shape `T1/pag/bx/n' in size <20.74> not available
(Font)              Font shape `T1/pag/b/n' tried instead on input line 11.
LaTeX Font Info:    Font shape `T1/pag/b/n' in size <20.74> not available
(Font)              Font shape `T1/pag/db/n' tried instead on input line 11.
LaTeX Font Info:    Font shape `T1/pag/bx/n' in size <17.28> not available
(Font)              Font shape `T1/pag/b/n' tried instead on input line 13.
LaTeX Font Info:    Font shape `T1/pag/b/n' in size <17.28> not available
(Font)              Font shape `T1/pag/db/n' tried instead on input line 13.


LaTeX Font Warning: Font shape `T1/pag/bx/fsc' undefined
(Font)              using `T1/pag/bx/n' instead on input line 13.

LaTeX Font Info:    Font shape `T1/pag/bx/fsc' in size <17.28> not available
(Font)              Font shape `T1/pag/b/n' tried instead on input line 13.
LaTeX Font Info:    Font shape `T1/pag/b/n' in size <17.28> not available
(Font)              Font shape `T1/pag/db/n' tried instead on input line 13.
LaTeX Font Info:    Font shape `OT1/mdput/m/n' will be
(Font)              scaled to size 19.08076pt on input line 14.
Package microtype Info: Loading generic settings for font family
(microtype)             `mdput' (encoding: OT1).
(microtype)             For optimal results, create family-specific settings.
(microtype)             See the microtype manual for details.
LaTeX Font Info:    Font shape `OT1/mdput/m/n' will be
(Font)              scaled to size 13.24796pt on input line 14.
LaTeX Font Info:    Font shape `OT1/mdput/m/n' will be
(Font)              scaled to size 11.03998pt on input line 14.
LaTeX Font Info:    Try loading font information for OML+mdput on input line 14
.

(C:\Enseignement\Livre_Exo_Vuibert\Installation\MATHDESIGN\texmf\tex\latex\math
design\mdput\omlmdput.fd
File: omlmdput.fd 2006/01/29 Fontinst v1.928 font definitions for OML/mdput.
)
LaTeX Font Info:    Font shape `OML/mdput/m/it' will be
(Font)              scaled to size 19.08076pt on input line 14.
LaTeX Font Info:    Font shape `OML/mdput/m/it' will be
(Font)              scaled to size 13.24796pt on input line 14.
LaTeX Font Info:    Font shape `OML/mdput/m/it' will be
(Font)              scaled to size 11.03998pt on input line 14.
LaTeX Font Info:    Try loading font information for OMS+mdput on input line 14
.

(C:\Enseignement\Livre_Exo_Vuibert\Installation\MATHDESIGN\texmf\tex\latex\math
design\mdput\omsmdput.fd
File: omsmdput.fd 2006/01/29 Fontinst v1.928 font definitions for OMS/mdput.
)
LaTeX Font Info:    Font shape `OMS/mdput/m/n' will be
(Font)              scaled to size 19.08076pt on input line 14.
LaTeX Font Info:    Font shape `OMS/mdput/m/n' will be
(Font)              scaled to size 13.24796pt on input line 14.
LaTeX Font Info:    Font shape `OMS/mdput/m/n' will be
(Font)              scaled to size 11.03998pt on input line 14.
LaTeX Font Info:    Try loading font information for OMX+mdput on input line 14
.

(C:\Enseignement\Livre_Exo_Vuibert\Installation\MATHDESIGN\texmf\tex\latex\math
design\mdput\omxmdput.fd
File: omxmdput.fd 2006/01/29 Fontinst v1.928 font definitions for OMX/mdput.
)
LaTeX Font Info:    Font shape `OMX/mdput/m/n' will be
(Font)              scaled to size 19.08076pt on input line 14.
LaTeX Font Info:    Font shape `OMX/mdput/m/n' will be
(Font)              scaled to size 13.24796pt on input line 14.
LaTeX Font Info:    Font shape `OMX/mdput/m/n' will be
(Font)              scaled to size 11.03998pt on input line 14.
LaTeX Font Info:    Font shape `OML/mdput/m/n' will be
(Font)              scaled to size 19.08076pt on input line 14.
LaTeX Font Info:    Font shape `OML/mdput/m/n' will be
(Font)              scaled to size 13.24796pt on input line 14.
LaTeX Font Info:    Font shape `OML/mdput/m/n' will be
(Font)              scaled to size 11.03998pt on input line 14.
LaTeX Font Info:    Try loading font information for MDA+mdput on input line 14
.

(C:\Enseignement\Livre_Exo_Vuibert\Installation\MATHDESIGN\texmf\tex\latex\math
design\mdput\mdamdput.fd
File: mdamdput.fd 2006/01/29 Fontinst v1.928 font definitions for MDA/mdput.
)
LaTeX Font Info:    Font shape `MDA/mdput/m/n' will be
(Font)              scaled to size 19.08076pt on input line 14.
LaTeX Font Info:    Font shape `MDA/mdput/m/n' will be
(Font)              scaled to size 13.24796pt on input line 14.
LaTeX Font Info:    Font shape `MDA/mdput/m/n' will be
(Font)              scaled to size 11.03998pt on input line 14.
LaTeX Font Info:    Try loading font information for MDB+mdput on input line 14
.

(C:\Enseignement\Livre_Exo_Vuibert\Installation\MATHDESIGN\texmf\tex\latex\math
design\mdput\mdbmdput.fd
File: mdbmdput.fd 2006/01/29 Fontinst v1.928 font definitions for MDB/mdput.
)
LaTeX Font Info:    Font shape `MDB/mdput/m/n' will be
(Font)              scaled to size 19.08076pt on input line 14.
LaTeX Font Info:    Font shape `MDB/mdput/m/n' will be
(Font)              scaled to size 13.24796pt on input line 14.
LaTeX Font Info:    Font shape `MDB/mdput/m/n' will be
(Font)              scaled to size 11.03998pt on input line 14.
Package mdframed Info: mdframed detected package amsthm 
 changed the theorem header of amsthm
(mdframed)              on input line 16.
LaTeX Font Info:    Font shape `T1/mdput/m/n' will be
(Font)              scaled to size 8.27998pt on input line 17.
LaTeX Font Info:    Font shape `T1/mdput/bx/n' in size <9> not available
(Font)              Font shape `T1/mdput/b/n' tried instead on input line 17.
LaTeX Font Info:    Font shape `T1/mdput/b/n' will be
(Font)              scaled to size 8.27998pt on input line 17.
LaTeX Font Info:    Font shape `T1/pag/bx/n' in size <9> not available
(Font)              Font shape `T1/pag/b/n' tried instead on input line 17.
LaTeX Font Info:    Font shape `T1/pag/b/n' in size <9> not available
(Font)              Font shape `T1/pag/db/n' tried instead on input line 17.
LaTeX Font Info:    Font shape `T1/mdput/m/n' will be
(Font)              scaled to size 13.24796pt on input line 19.


LaTeX Font Warning: Font shape `T1/pag/m/fsc' undefined
(Font)              using `T1/pag/m/n' instead on input line 19.

LaTeX Font Info:    Font shape `T1/pag/bx/fsc' in size <14.4> not available
(Font)              Font shape `T1/pag/b/n' tried instead on input line 19.
LaTeX Font Info:    Font shape `T1/pag/b/n' in size <14.4> not available
(Font)              Font shape `T1/pag/db/n' tried instead on input line 19.
Package mdframed Info: mdframed inside a box 
 mdframed uses option nobreak mdframed on input line 22.
LaTeX Font Info:    Font shape `T1/pag/bx/n' in size <12> not available
(Font)              Font shape `T1/pag/b/n' tried instead on input line 25.
LaTeX Font Info:    Font shape `T1/pag/b/n' in size <12> not available
(Font)              Font shape `T1/pag/db/n' tried instead on input line 25.
LaTeX Font Info:    Font shape `T1/pag/bx/fsc' in size <12> not available
(Font)              Font shape `T1/pag/b/n' tried instead on input line 25.
LaTeX Font Info:    Font shape `T1/pag/b/n' in size <12> not available
(Font)              Font shape `T1/pag/db/n' tried instead on input line 25.
LaTeX Font Info:    Font shape `T1/mdput/bx/n' in size <10> not available
(Font)              Font shape `T1/mdput/b/n' tried instead on input line 40.
LaTeX Font Info:    Font shape `T1/mdput/b/n' will be
(Font)              scaled to size 9.19998pt on input line 40.
LaTeX Font Info:    Font shape `T1/mdput/bx/n' in size <14.4> not available
(Font)              Font shape `T1/mdput/b/n' tried instead on input line 40.
LaTeX Font Info:    Font shape `T1/mdput/b/n' will be
(Font)              scaled to size 13.24796pt on input line 40.
Package mdframed Info: mdframed detected package amsthm 
 changed the theorem header of amsthm
(mdframed)              on input line 54.
LaTeX Font Info:    Font shape `T1/mdput/m/sl' will be
(Font)              scaled to size 9.19998pt on input line 63.
LaTeX Font Info:    Font shape `T1/mdput/bx/sl' in size <10> not available
(Font)              Font shape `T1/mdput/b/sl' tried instead on input line 63.
LaTeX Font Info:    Font shape `T1/mdput/b/sl' will be
(Font)              scaled to size 9.19998pt on input line 63.
Package mdframed Info: mdframed inside a box 
 mdframed uses option nobreak mdframed on input line 64.
<images/tel_01_bis.png, id=8, 532.99126pt x 1090.0725pt>
File: images/tel_01_bis.png Graphic file (type png)

<use images/tel_01_bis.png>
Package pdftex.def Info: images/tel_01_bis.png used on input line 72.
(pdftex.def)             Requested size: 72.55527pt x 148.3843pt.

<images/tel_02.png, id=9, 679.53876pt x 998.73125pt>
File: images/tel_02.png Graphic file (type png)
 <use images/tel_02.png>
Package pdftex.def Info: images/tel_02.png used on input line 72.
(pdftex.def)             Requested size: 72.55527pt x 106.63002pt.
LaTeX Font Info:    Font shape `OT1/mdput/m/n' will be
(Font)              scaled to size 6.43999pt on input line 74.
LaTeX Font Info:    Font shape `OT1/mdput/m/n' will be
(Font)              scaled to size 4.59999pt on input line 74.
LaTeX Font Info:    Font shape `OML/mdput/m/it' will be
(Font)              scaled to size 9.19998pt on input line 74.
LaTeX Font Info:    Font shape `OML/mdput/m/it' will be
(Font)              scaled to size 6.43999pt on input line 74.
LaTeX Font Info:    Font shape `OML/mdput/m/it' will be
(Font)              scaled to size 4.59999pt on input line 74.
LaTeX Font Info:    Font shape `OMS/mdput/m/n' will be
(Font)              scaled to size 9.19998pt on input line 74.
LaTeX Font Info:    Font shape `OMS/mdput/m/n' will be
(Font)              scaled to size 6.43999pt on input line 74.
LaTeX Font Info:    Font shape `OMS/mdput/m/n' will be
(Font)              scaled to size 4.59999pt on input line 74.
LaTeX Font Info:    Font shape `OMX/mdput/m/n' will be
(Font)              scaled to size 9.19998pt on input line 74.
LaTeX Font Info:    Font shape `OMX/mdput/m/n' will be
(Font)              scaled to size 6.43999pt on input line 74.
LaTeX Font Info:    Font shape `OMX/mdput/m/n' will be
(Font)              scaled to size 4.59999pt on input line 74.
LaTeX Font Info:    Font shape `OML/mdput/m/n' will be
(Font)              scaled to size 9.19998pt on input line 74.
LaTeX Font Info:    Font shape `OML/mdput/m/n' will be
(Font)              scaled to size 6.43999pt on input line 74.
LaTeX Font Info:    Font shape `OML/mdput/m/n' will be
(Font)              scaled to size 4.59999pt on input line 74.
LaTeX Font Info:    Font shape `MDA/mdput/m/n' will be
(Font)              scaled to size 9.19998pt on input line 74.
LaTeX Font Info:    Font shape `MDA/mdput/m/n' will be
(Font)              scaled to size 6.43999pt on input line 74.
LaTeX Font Info:    Font shape `MDA/mdput/m/n' will be
(Font)              scaled to size 4.59999pt on input line 74.
LaTeX Font Info:    Font shape `MDB/mdput/m/n' will be
(Font)              scaled to size 9.19998pt on input line 74.
LaTeX Font Info:    Font shape `MDB/mdput/m/n' will be
(Font)              scaled to size 6.43999pt on input line 74.
LaTeX Font Info:    Font shape `MDB/mdput/m/n' will be
(Font)              scaled to size 4.59999pt on input line 74.
\c@ttl@toc@default=\count363

(EtudeTheorique.ptc
LaTeX Font Info:    Font shape `T1/pag/bx/n' in size <10> not available
(Font)              Font shape `T1/pag/b/n' tried instead on input line 6.
LaTeX Font Info:    Font shape `T1/pag/b/n' in size <10> not available
(Font)              Font shape `T1/pag/db/n' tried instead on input line 6.
LaTeX Font Info:    Font shape `OT1/mdput/m/n' will be
(Font)              scaled to size 8.27998pt on input line 10.
LaTeX Font Info:    Font shape `OT1/mdput/m/n' will be
(Font)              scaled to size 5.51999pt on input line 10.
LaTeX Font Info:    Font shape `OML/mdput/m/it' will be
(Font)              scaled to size 8.27998pt on input line 10.
LaTeX Font Info:    Font shape `OML/mdput/m/it' will be
(Font)              scaled to size 5.51999pt on input line 10.
LaTeX Font Info:    Font shape `OMS/mdput/m/n' will be
(Font)              scaled to size 8.27998pt on input line 10.
LaTeX Font Info:    Font shape `OMS/mdput/m/n' will be
(Font)              scaled to size 5.51999pt on input line 10.
LaTeX Font Info:    Font shape `OMX/mdput/m/n' will be
(Font)              scaled to size 8.27998pt on input line 10.
LaTeX Font Info:    Font shape `OMX/mdput/m/n' will be
(Font)              scaled to size 5.51999pt on input line 10.
LaTeX Font Info:    Font shape `OML/mdput/m/n' will be
(Font)              scaled to size 8.27998pt on input line 10.
LaTeX Font Info:    Font shape `OML/mdput/m/n' will be
(Font)              scaled to size 5.51999pt on input line 10.
LaTeX Font Info:    Font shape `MDA/mdput/m/n' will be
(Font)              scaled to size 8.27998pt on input line 10.
LaTeX Font Info:    Font shape `MDA/mdput/m/n' will be
(Font)              scaled to size 5.51999pt on input line 10.
LaTeX Font Info:    Font shape `MDB/mdput/m/n' will be
(Font)              scaled to size 8.27998pt on input line 10.
LaTeX Font Info:    Font shape `MDB/mdput/m/n' will be
(Font)              scaled to size 5.51999pt on input line 10.
) <png/logoCC.png, id=22, 88.33pt x 31.11626pt>
File: png/logoCC.png Graphic file (type png)

<use png/logoCC.png>
Package pdftex.def Info: png/logoCC.png used on input line 85.
(pdftex.def)             Requested size: 56.9055pt x 20.04631pt.
 [1

{C:/Users/Xavier/AppData/Local/MiKTeX/2.9/pdftex/config/pdftex.map} <./png/Fond
_SET.png> <./images/tel_01_bis.png> <./images/tel_02.png> <./png/logoCC.png>])
LaTeX Font Info:    Font shape `T1/mdput/m/n' will be
(Font)              scaled to size 11.03998pt on input line 80.
 <images/Schema.png, id=47, 471.7625pt x 302.12875pt>
File: images/Schema.png Graphic file (type png)

<use images/Schema.png>
Package pdftex.def Info: images/Schema.png used on input line 84.
(pdftex.def)             Requested size: 227.3381pt x 145.5964pt.

<images/parametrage.png, id=48, 448.67625pt x 214.8025pt>
File: images/parametrage.png Graphic file (type png)

<use images/parametrage.png>
Package pdftex.def Info: images/parametrage.png used on input line 89.
(pdftex.def)             Requested size: 227.3381pt x 108.83658pt.


Package hyperref Warning: Token not allowed in a PDF string (PDFDocEncoding):
(hyperref)                removing `math shift' on input line 93.


Package hyperref Warning: Token not allowed in a PDF string (PDFDocEncoding):
(hyperref)                removing `math shift' on input line 93.

<images/visee.png, id=49, 790.955pt x 508.90125pt>
File: images/visee.png Graphic file (type png)
 <use images/visee.png>
Package pdftex.def Info: images/visee.png used on input line 117.
(pdftex.def)             Requested size: 483.69687pt x 311.2136pt.

<png/logo_lycee.png, id=50, 329.23pt x 265.99374pt>
File: png/logo_lycee.png Graphic file (type png)
 <use png/logo_lycee.png>
Package pdftex.def Info: png/logo_lycee.png used on input line 128.
(pdftex.def)             Requested size: 56.9055pt x 45.97325pt.
LaTeX Font Info:    Font shape `T1/mdput/m/n' will be
(Font)              scaled to size 7.35999pt on input line 128.
LaTeX Font Info:    Font shape `T1/mdput/m/it' will be
(Font)              scaled to size 7.35999pt on input line 128.
LaTeX Font Info:    Font shape `T1/pag/m/it' in size <8> not available
(Font)              Font shape `T1/pag/m/sl' tried instead on input line 128.


Package Fancyhdr Warning: \headheight is too small (12.0pt): 
 Make it at least 45.97325pt.
 We now make it that large for the rest of the document.
 This may cause the page layout to be inconsistent, however.

LaTeX Font Info:    Font shape `T1/mdput/m/sl' will be
(Font)              scaled to size 7.35999pt on input line 128.
LaTeX Font Info:    Font shape `T1/mdput/bx/n' in size <8> not available
(Font)              Font shape `T1/mdput/b/n' tried instead on input line 128.
LaTeX Font Info:    Font shape `T1/mdput/b/n' will be
(Font)              scaled to size 7.35999pt on input line 128.
[2 <./png/logo_lycee.png> <./images/Schema.png> <./images/parametrage.png> <./i
mages/visee.png>]
LaTeX Font Info:    Font shape `T1/mdput/m/n' will be
(Font)              scaled to size 6.43999pt on input line 252.
LaTeX Font Info:    Font shape `T1/mdput/m/n' will be
(Font)              scaled to size 4.59999pt on input line 252.
\tf@ptc=\write6
File: png/logo_lycee.png Graphic file (type png)
 <use png/logo_lycee.png>
Package pdftex.def Info: png/logo_lycee.png used on input line 268.
(pdftex.def)             Requested size: 56.9055pt x 45.97325pt.


Package Fancyhdr Warning: \headheight is too small (12.0pt): 
 Make it at least 45.97325pt.
 We now make it that large for the rest of the document.
 This may cause the page layout to be inconsistent, however.

LaTeX Font Info:    Font shape `T1/mdput/bx/n' in size <12> not available
(Font)              Font shape `T1/mdput/b/n' tried instead on input line 268.
LaTeX Font Info:    Font shape `T1/mdput/b/n' will be
(Font)              scaled to size 11.03998pt on input line 268.
[3]
Package atveryend Info: Empty hook `BeforeClearDocument' on input line 268.
Package atveryend Info: Empty hook `AfterLastShipout' on input line 268.
 (EtudeTheorique.aux)
Package atveryend Info: Executing hook `AtVeryEndDocument' on input line 268.
Package atveryend Info: Empty hook `AtEndAfterFileList' on input line 268.


LaTeX Font Warning: Some font shapes were not available, defaults substituted.

Package logreq Info: Writing requests to 'EtudeTheorique.run.xml'.
Package atveryend Info: Empty hook `AtVeryVeryEnd' on input line 268.
 ) 
Here is how much of TeX's memory you used:
 33362 strings out of 493675
 620092 string characters out of 3143992
 1168729 words of memory out of 3000000
 36057 multiletter control sequences out of 15000+200000
 216494 words of font info for 188 fonts, out of 3000000 for 9000
 1025 hyphenation exceptions out of 8191
 57i,20n,75p,10427b,1929s stack positions out of 5000i,500n,10000p,200000b,50000s
{C:/Program Files/MiKTeX 2.9/fonts/enc/dvips/fontname/texnansi.enc}{C:/Progra
m Files/MiKTeX 2.9/fonts/enc/dvips/fontname/8r.enc}<C:/Enseignement/Livre_Exo_V
uibert/Installation/MATHDESIGN/texmf/fonts/type1/mathdesign/mdput/md-utr7t.pfb>
<C:/Enseignement/Livre_Exo_Vuibert/Installation/MATHDESIGN/texmf/fonts/type1/ma
thdesign/mdput/md-utr7v.pfb><C:/Enseignement/Livre_Exo_Vuibert/Installation/MAT
HDESIGN/texmf/fonts/type1/mathdesign/mdput/md-utr7y.pfb><C:/Enseignement/Livre_
Exo_Vuibert/Installation/MATHDESIGN/texmf/fonts/type1/mathdesign/mdput/md-utri7
m.pfb><C:/Program Files/MiKTeX 2.9/fonts/type1/adobe/utopia/putb8a.pfb><C:/Prog
ram Files/MiKTeX 2.9/fonts/type1/adobe/utopia/putb8a.pfb><C:/Program Files/MiKT
eX 2.9/fonts/type1/adobe/utopia/putr8a.pfb><C:/Program Files/MiKTeX 2.9/fonts/t
ype1/adobe/utopia/putr8a.pfb><C:/Program Files/MiKTeX 2.9/fonts/type1/adobe/uto
pia/putri8a.pfb><C:/Program Files/MiKTeX 2.9/fonts/type1/urw/avantgar/uagd8a.pf
b><C:/Program Files/MiKTeX 2.9/fonts/type1/urw/avantgar/uagk8a.pfb><C:/Program 
Files/MiKTeX 2.9/fonts/type1/urw/avantgar/uagko8a.pfb><C:/Program Files/MiKTeX 
2.9/fonts/type1/urw/zapfding/uzdr.pfb>
Output written on EtudeTheorique.pdf (3 pages, 2692021 bytes).
PDF statistics:
 136 PDF objects out of 1000 (max. 8388607)
 13 named destinations out of 1000 (max. 500000)
 58981 words of extra memory for PDF output out of 61914 (max. 10000000)

