
===============Init Logging================

10/01/2016 - 18:50:20 	===== Ouverture de session =====
10/01/2016 - 18:57:20 	===== Fermeture de session =====

===============Finish Logging================


===============Init Logging================

10/01/2016 - 19:00:04 	===== Ouverture de session =====
10/01/2016 - 19:00:36 	===== Fermeture de session =====

===============Finish Logging================


===============Init Logging================

10/01/2016 - 19:11:49 	===== Ouverture de session =====
10/01/2016 - 19:28:31 	Début du calcul
10/01/2016 - 19:28:31 	Nombre de positions : 100
10/01/2016 - 19:28:31 	Simulation activée
10/01/2016 - 19:28:31 	Lecture des conditions initiales
10/01/2016 - 19:28:43 	Fin du calcul
10/01/2016 - 19:31:02 	===== Fermeture de session =====

===============Finish Logging================


===============Init Logging================

11/01/2016 - 10:52:43 	===== Ouverture de session =====
11/01/2016 - 10:54:58 	Début du calcul
11/01/2016 - 10:54:58 	Nombre de positions : 100
11/01/2016 - 10:54:58 	Simulation activée
11/01/2016 - 10:54:58 	Lecture des conditions initiales
11/01/2016 - 10:55:02 	Fin du calcul
11/01/2016 - 10:55:14 	Début du calcul
11/01/2016 - 10:55:14 	Nombre de positions : 100
11/01/2016 - 10:55:14 	Simulation activée
11/01/2016 - 10:55:14 	Lecture des conditions initiales
11/01/2016 - 10:55:17 	Fin du calcul
11/01/2016 - 12:35:34 	===== Fermeture de session =====

===============Finish Logging================


===============Init Logging================

11/01/2016 - 22:22:20 	===== Ouverture de session =====
11/01/2016 - 22:34:26 	===== Fermeture de session =====

===============Finish Logging================

