
===============Init Logging================

07/01/2004 - 14:30:10 	===== Ouverture de session =====
07/01/2004 - 14:33:20 	Début du calcul
07/01/2004 - 14:33:20 	Nombre de positions : 300
07/01/2004 - 14:33:20 	Simulation inactivée
07/01/2004 - 14:33:20 	Lecture des conditions initiales
07/01/2004 - 14:33:20 	Fin du calcul
07/01/2004 - 14:56:52 	Début du calcul
07/01/2004 - 14:56:52 	Nombre de positions : 300
07/01/2004 - 14:56:52 	Simulation inactivée
07/01/2004 - 14:56:52 	Lecture des conditions initiales
07/01/2004 - 14:56:52 	Fin du calcul
07/01/2004 - 14:58:17 	Début du calcul
07/01/2004 - 14:58:17 	Nombre de positions : 3000
07/01/2004 - 14:58:17 	Simulation inactivée
07/01/2004 - 14:58:17 	Lecture des conditions initiales
07/01/2004 - 14:58:19 	Fin du calcul
07/01/2004 - 15:01:37 	Début du calcul
07/01/2004 - 15:01:37 	Nombre de positions : 3000
07/01/2004 - 15:01:37 	Simulation inactivée
07/01/2004 - 15:01:37 	Lecture des conditions initiales
07/01/2004 - 15:01:40 	Fin du calcul
07/01/2004 - 15:05:17 	Début du calcul
07/01/2004 - 15:05:17 	Nombre de positions : 3000
07/01/2004 - 15:05:17 	Simulation inactivée
07/01/2004 - 15:05:17 	Lecture des conditions initiales
07/01/2004 - 15:05:20 	Fin du calcul
07/01/2004 - 15:08:40 	Début du calcul
07/01/2004 - 15:08:40 	Nombre de positions : 3000
07/01/2004 - 15:08:40 	Simulation inactivée
07/01/2004 - 15:08:40 	Lecture des conditions initiales
07/01/2004 - 15:08:43 	Fin du calcul
07/01/2004 - 15:11:10 	Début du calcul
07/01/2004 - 15:11:10 	Nombre de positions : 3000
07/01/2004 - 15:11:10 	Simulation inactivée
07/01/2004 - 15:11:10 	Lecture des conditions initiales
07/01/2004 - 15:11:13 	Fin du calcul
07/01/2004 - 15:14:31 	===== Fermeture de session =====

===============Finish Logging================


===============Init Logging================

07/01/2004 - 15:14:45 	===== Ouverture de session =====
07/01/2004 - 15:16:07 	Début du calcul
07/01/2004 - 15:16:07 	Nombre de positions : 3000
07/01/2004 - 15:16:07 	Simulation inactivée
07/01/2004 - 15:16:07 	Lecture des conditions initiales
07/01/2004 - 15:16:10 	Fin du calcul
07/01/2004 - 16:16:18 	===== Fermeture de session =====

===============Finish Logging================


===============Init Logging================

07/01/2004 - 16:17:23 	===== Ouverture de session =====
07/01/2004 - 16:17:39 	Début du calcul
07/01/2004 - 16:17:39 	Nombre de positions : 3000
07/01/2004 - 16:17:39 	Simulation inactivée
07/01/2004 - 16:17:39 	Lecture des conditions initiales
07/01/2004 - 16:17:41 	Fin du calcul
07/01/2004 - 16:17:45 	===== Fermeture de session =====

===============Finish Logging================


===============Init Logging================

04/03/2004 - 13:31:09 	===== Ouverture de session =====
04/03/2004 - 13:31:10 	Computing bounding box
04/03/2004 - 13:32:14 	Début du calcul
04/03/2004 - 13:32:14 	Nombre de positions : 3000
04/03/2004 - 13:32:14 	Simulation inactivée
04/03/2004 - 13:32:14 	Lecture des conditions initiales
04/03/2004 - 13:32:17 	Fin du calcul
04/03/2004 - 13:33:38 	Début du calcul
04/03/2004 - 13:33:38 	Nombre de positions : 3000
04/03/2004 - 13:33:38 	Simulation inactivée
04/03/2004 - 13:33:38 	Lecture des conditions initiales
04/03/2004 - 13:33:41 	Fin du calcul
04/03/2004 - 18:28:57 	Début du calcul
04/03/2004 - 18:28:57 	Nombre de positions : 3000
04/03/2004 - 18:28:57 	Simulation inactivée
04/03/2004 - 18:28:57 	Lecture des conditions initiales
04/03/2004 - 18:29:00 	Fin du calcul
04/03/2004 - 18:29:14 	===== Fermeture de session =====

===============Finish Logging================


===============Init Logging================

04/03/2004 - 18:29:26 	===== Ouverture de session =====
04/03/2004 - 18:29:26 	Computing bounding box
04/03/2004 - 18:29:40 	===== Fermeture de session =====

===============Finish Logging================


===============Init Logging================

05/04/2005 - 18:15:51 	===== Ouverture de session =====
05/04/2005 - 18:15:57 	Computing bounding box
05/04/2005 - 18:16:33 	===== Fermeture de session =====

===============Finish Logging================


===============Init Logging================

04/01/2006 - 13:20:09 	===== Ouverture de session =====
04/01/2006 - 13:20:14 	Computing bounding box
04/01/2006 - 13:21:11 	Début du calcul
04/01/2006 - 13:21:11 	Nombre de positions : 300
04/01/2006 - 13:21:11 	Simulation inactivée
04/01/2006 - 13:21:11 	Lecture des conditions initiales

===============Init Logging================

04/01/2006 - 13:25:11 	===== Ouverture de session =====
04/01/2006 - 13:25:15 	Computing bounding box
04/01/2006 - 13:26:17 	Début du calcul
04/01/2006 - 13:26:17 	Nombre de positions : 300
04/01/2006 - 13:26:17 	Simulation inactivée
04/01/2006 - 13:26:17 	Lecture des conditions initiales
04/01/2006 - 13:26:17 	Fin du calcul
04/01/2006 - 13:27:18 	===== Fermeture de session =====

===============Finish Logging================


===============Init Logging================

07/04/2006 - 08:36:40 	===== Ouverture de session =====
07/04/2006 - 08:37:26 	Début du calcul
07/04/2006 - 08:37:26 	Nombre de positions : 300
07/04/2006 - 08:37:26 	Simulation inactivée
07/04/2006 - 08:37:26 	Lecture des conditions initiales
07/04/2006 - 08:37:27 	Fin du calcul
07/04/2006 - 08:39:11 	Début du calcul
07/04/2006 - 08:39:11 	Nombre de positions : 300
07/04/2006 - 08:39:11 	Simulation inactivée
07/04/2006 - 08:39:11 	Lecture des conditions initiales
07/04/2006 - 08:39:11 	Fin du calcul
07/04/2006 - 08:40:26 	===== Fermeture de session =====

===============Finish Logging================


===============Init Logging================

07/04/2006 - 08:41:48 	===== Ouverture de session =====
07/04/2006 - 08:41:53 	Computing bounding box
07/04/2006 - 08:42:27 	Début du calcul
07/04/2006 - 08:42:27 	Nombre de positions : 300
07/04/2006 - 08:42:27 	Simulation inactivée
07/04/2006 - 08:42:27 	Lecture des conditions initiales
07/04/2006 - 08:42:27 	Fin du calcul
07/04/2006 - 08:43:19 	Début du calcul
07/04/2006 - 08:43:19 	Nombre de positions : 300
07/04/2006 - 08:43:19 	Simulation inactivée
07/04/2006 - 08:43:19 	Lecture des conditions initiales
07/04/2006 - 08:43:20 	Fin du calcul
07/04/2006 - 08:43:53 	===== Fermeture de session =====

===============Finish Logging================


===============Init Logging================

07/04/2006 - 08:44:21 	===== Ouverture de session =====
07/04/2006 - 08:45:02 	Début du calcul
07/04/2006 - 08:45:02 	Nombre de positions : 300
07/04/2006 - 08:45:02 	Simulation inactivée
07/04/2006 - 08:45:02 	Lecture des conditions initiales

===============Init Logging================

10/04/2006 - 13:54:10 	===== Ouverture de session =====
10/04/2006 - 13:54:15 	Computing bounding box
10/04/2006 - 13:58:59 	Début du calcul
10/04/2006 - 13:58:59 	Nombre de positions : 300
10/04/2006 - 13:58:59 	Simulation inactivée
10/04/2006 - 13:58:59 	Lecture des conditions initiales
10/04/2006 - 13:58:59 	Fin du calcul
10/04/2006 - 14:17:07 	Début du calcul
10/04/2006 - 14:17:07 	Nombre de positions : 300
10/04/2006 - 14:17:07 	Simulation inactivée
10/04/2006 - 14:17:07 	Lecture des conditions initiales
10/04/2006 - 14:17:08 	Fin du calcul
10/04/2006 - 14:18:39 	Début du calcul
10/04/2006 - 14:18:39 	Nombre de positions : 300
10/04/2006 - 14:18:39 	Simulation inactivée
10/04/2006 - 14:18:39 	Lecture des conditions initiales
10/04/2006 - 14:18:40 	Fin du calcul
10/04/2006 - 14:22:05 	Début du calcul
10/04/2006 - 14:22:05 	Nombre de positions : 300
10/04/2006 - 14:22:05 	Simulation inactivée
10/04/2006 - 14:22:05 	Lecture des conditions initiales
10/04/2006 - 14:22:05 	Fin du calcul
10/04/2006 - 14:23:22 	Début du calcul
10/04/2006 - 14:23:22 	Nombre de positions : 300
10/04/2006 - 14:23:22 	Simulation inactivée
10/04/2006 - 14:23:22 	Lecture des conditions initiales
10/04/2006 - 14:23:23 	Fin du calcul
10/04/2006 - 14:32:18 	Début du calcul
10/04/2006 - 14:32:18 	Nombre de positions : 300
10/04/2006 - 14:32:18 	Simulation inactivée
10/04/2006 - 14:32:18 	Lecture des conditions initiales
10/04/2006 - 14:32:19 	Fin du calcul
10/04/2006 - 14:38:48 	===== Fermeture de session =====

===============Finish Logging================


===============Init Logging================

07/11/2006 - 17:13:23 	===== Ouverture de session =====
07/11/2006 - 17:13:50 	===== Fermeture de session =====

===============Finish Logging================


===============Init Logging================

05/01/2010 - 10:37:07 	===== Ouverture de session =====
05/01/2010 - 10:39:12 	===== Fermeture de session =====

===============Finish Logging================


===============Init Logging================

05/01/2010 - 10:39:53 	===== Ouverture de session =====
05/01/2010 - 10:41:17 	===== Fermeture de session =====

===============Finish Logging================


===============Init Logging================


===============Init Logging================

05/01/2010 - 10:41:58 	===== Ouverture de session =====
05/01/2010 - 13:08:06 	Début du calcul
05/01/2010 - 13:08:06 	Nombre de positions : 300
05/01/2010 - 13:08:06 	Simulation inactivée
05/01/2010 - 13:08:06 	Lecture des conditions initiales
05/01/2010 - 10:42:00 	===== Ouverture de session =====
05/01/2010 - 13:11:17 	===== Fermeture de session =====

===============Finish Logging================

05/01/2010 - 13:08:07 	Fin du calcul
05/01/2010 - 13:11:17 	===== Fermeture de session =====

===============Finish Logging================


===============Init Logging================


===============Init Logging================

29/01/2010 - 11:41:54 	===== Ouverture de session =====
29/01/2010 - 11:43:45 	Début du calcul
29/01/2010 - 11:43:45 	Nombre de positions : 300
29/01/2010 - 11:43:45 	Simulation inactivée
29/01/2010 - 11:43:45 	Lecture des conditions initiales
29/01/2010 - 11:41:52 	===== Ouverture de session =====
29/01/2010 - 11:43:49 	===== Fermeture de session =====

===============Finish Logging================

29/01/2010 - 11:43:45 	Fin du calcul
29/01/2010 - 11:43:49 	===== Fermeture de session =====

===============Finish Logging================


===============Init Logging================

13/01/2012 - 11:57:38 	===== Ouverture de session =====
13/01/2012 - 11:58:35 	Début du calcul
13/01/2012 - 11:58:35 	Nombre de positions : 300
13/01/2012 - 11:58:35 	Simulation inactivée
13/01/2012 - 11:58:35 	Lecture des conditions initiales
13/01/2012 - 11:58:35 	Fin du calcul
13/01/2012 - 11:58:46 	Début du calcul
13/01/2012 - 11:58:46 	Nombre de positions : 300
13/01/2012 - 11:58:46 	Simulation inactivée
13/01/2012 - 11:58:46 	Lecture des conditions initiales
13/01/2012 - 11:58:47 	Fin du calcul
13/01/2012 - 11:59:14 	===== Fermeture de session =====

===============Finish Logging================

