
===============Init Logging================

13/09/2011 - 09:39:38 	===== Ouverture de session =====
13/09/2011 - 09:40:08 	===== Fermeture de session =====

===============Finish Logging================


===============Init Logging================

26/09/2011 - 14:13:05 	===== Ouverture de session =====
26/09/2011 - 14:27:52 	===== Fermeture de session =====

===============Finish Logging================


===============Init Logging================

26/09/2011 - 14:28:14 	===== Ouverture de session =====
26/09/2011 - 14:48:16 	Début du calcul
26/09/2011 - 14:48:16 	Nombre de positions : 100
26/09/2011 - 14:48:16 	Simulation inactivée
26/09/2011 - 14:48:16 	Lecture des conditions initiales
26/09/2011 - 14:48:16 	Fin du calcul
26/09/2011 - 14:59:32 	Début du calcul
26/09/2011 - 14:59:32 	Nombre de positions : 100
26/09/2011 - 14:59:32 	Simulation inactivée
26/09/2011 - 14:59:32 	Lecture des conditions initiales
26/09/2011 - 14:59:32 	Fin du calcul
26/09/2011 - 15:04:57 	Début du calcul
26/09/2011 - 15:04:57 	Nombre de positions : 100
26/09/2011 - 15:04:57 	Simulation inactivée
26/09/2011 - 15:04:57 	Lecture des conditions initiales
26/09/2011 - 15:04:58 	Fin du calcul
26/09/2011 - 15:07:05 	Début du calcul
26/09/2011 - 15:07:05 	Nombre de positions : 100
26/09/2011 - 15:07:05 	Simulation inactivée
26/09/2011 - 15:07:05 	Lecture des conditions initiales
26/09/2011 - 15:07:05 	Fin du calcul
26/09/2011 - 15:37:23 	===== Fermeture de session =====

===============Finish Logging================


===============Init Logging================

26/09/2011 - 15:37:43 	===== Ouverture de session =====
26/09/2011 - 15:40:54 	Début du calcul
26/09/2011 - 15:40:54 	Nombre de positions : 1
26/09/2011 - 15:40:54 	Simulation inactivée
26/09/2011 - 15:40:54 	Lecture des conditions initiales
26/09/2011 - 15:40:54 	Fin du calcul
26/09/2011 - 15:41:04 	Début du calcul
26/09/2011 - 15:41:04 	Nombre de positions : 100
26/09/2011 - 15:41:04 	Simulation inactivée
26/09/2011 - 15:41:04 	Lecture des conditions initiales
26/09/2011 - 15:41:04 	Fin du calcul
26/09/2011 - 15:41:20 	Début du calcul
26/09/2011 - 15:41:20 	Nombre de positions : 100
26/09/2011 - 15:41:20 	Simulation inactivée
26/09/2011 - 15:41:20 	Lecture des conditions initiales
26/09/2011 - 15:41:20 	Fin du calcul
26/09/2011 - 15:43:33 	Début du calcul
26/09/2011 - 15:43:33 	Nombre de positions : 100
26/09/2011 - 15:43:33 	Simulation inactivée
26/09/2011 - 15:43:33 	Lecture des conditions initiales
26/09/2011 - 15:43:33 	Fin du calcul
26/09/2011 - 15:54:00 	===== Fermeture de session =====

===============Finish Logging================


===============Init Logging================

29/05/2013 - 10:21:14 	===== Ouverture de session =====
29/05/2013 - 10:24:06 	Début du calcul
29/05/2013 - 10:24:06 	Nombre de positions : 2000
29/05/2013 - 10:24:06 	Simulation inactivée
29/05/2013 - 10:24:06 	Lecture des conditions initiales
29/05/2013 - 10:24:13 	Fin du calcul
29/05/2013 - 10:28:14 	Début du calcul
29/05/2013 - 10:28:14 	Nombre de positions : 2000
29/05/2013 - 10:28:14 	Simulation inactivée
29/05/2013 - 10:28:14 	Lecture des conditions initiales
29/05/2013 - 10:28:22 	Fin du calcul
29/05/2013 - 10:29:41 	Début du calcul
29/05/2013 - 10:29:41 	Nombre de positions : 2000
29/05/2013 - 10:29:41 	Simulation inactivée
29/05/2013 - 10:29:41 	Lecture des conditions initiales
29/05/2013 - 10:29:49 	Fin du calcul
29/05/2013 - 10:32:28 	Début du calcul
29/05/2013 - 10:32:28 	Nombre de positions : 2000
29/05/2013 - 10:32:28 	Simulation inactivée
29/05/2013 - 10:32:28 	Lecture des conditions initiales
29/05/2013 - 10:32:36 	Fin du calcul
29/05/2013 - 10:33:38 	Début du calcul
29/05/2013 - 10:33:38 	Nombre de positions : 2000
29/05/2013 - 10:33:38 	Simulation inactivée
29/05/2013 - 10:33:38 	Lecture des conditions initiales
29/05/2013 - 10:33:45 	Fin du calcul
29/05/2013 - 10:34:52 	Début du calcul
29/05/2013 - 10:34:52 	Nombre de positions : 2000
29/05/2013 - 10:34:52 	Simulation inactivée
29/05/2013 - 10:34:52 	Lecture des conditions initiales
29/05/2013 - 10:34:58 	Fin du calcul
29/05/2013 - 10:35:09 	Début du calcul
29/05/2013 - 10:35:09 	Nombre de positions : 2000
29/05/2013 - 10:35:09 	Simulation inactivée
29/05/2013 - 10:35:09 	Lecture des conditions initiales
29/05/2013 - 10:35:15 	Fin du calcul
29/05/2013 - 10:37:33 	Début du calcul
29/05/2013 - 10:37:33 	Nombre de positions : 2000
29/05/2013 - 10:37:33 	Simulation inactivée
29/05/2013 - 10:37:33 	Lecture des conditions initiales

===============Init Logging================

29/05/2013 - 10:01:40 	===== Ouverture de session =====
29/05/2013 - 10:32:14 	Début du calcul
29/05/2013 - 10:32:14 	Nombre de positions : 100
29/05/2013 - 10:32:14 	Simulation inactivée
29/05/2013 - 10:32:14 	Lecture des conditions initiales
29/05/2013 - 10:32:15 	Fin du calcul
29/05/2013 - 10:34:27 	Début du calcul
29/05/2013 - 10:34:27 	Nombre de positions : 1000
29/05/2013 - 10:34:27 	Simulation inactivée
29/05/2013 - 10:34:27 	Lecture des conditions initiales
29/05/2013 - 10:34:31 	Fin du calcul
29/05/2013 - 10:38:18 	Début du calcul
29/05/2013 - 10:38:18 	Nombre de positions : 1000
29/05/2013 - 10:38:18 	Simulation inactivée
29/05/2013 - 10:38:18 	Lecture des conditions initiales
29/05/2013 - 10:38:21 	Fin du calcul
29/05/2013 - 10:39:24 	Début du calcul
29/05/2013 - 10:39:24 	Nombre de positions : 1000
29/05/2013 - 10:39:24 	Simulation inactivée
29/05/2013 - 10:39:24 	Lecture des conditions initiales
29/05/2013 - 10:39:28 	Fin du calcul
29/05/2013 - 10:40:37 	Début du calcul
29/05/2013 - 10:40:37 	Nombre de positions : 1000
29/05/2013 - 10:40:37 	Simulation inactivée
29/05/2013 - 10:40:37 	Lecture des conditions initiales
29/05/2013 - 10:40:41 	Fin du calcul
29/05/2013 - 10:46:01 	Début du calcul
29/05/2013 - 10:46:01 	Nombre de positions : 1000
29/05/2013 - 10:46:01 	Simulation inactivée
29/05/2013 - 10:46:01 	Lecture des conditions initiales
29/05/2013 - 10:46:05 	Fin du calcul
29/05/2013 - 10:46:40 	Début du calcul
29/05/2013 - 10:46:40 	Nombre de positions : 1000
29/05/2013 - 10:46:40 	Simulation inactivée
29/05/2013 - 10:46:40 	Lecture des conditions initiales
29/05/2013 - 10:46:44 	Fin du calcul
29/05/2013 - 11:33:41 	===== Fermeture de session =====

===============Finish Logging================

29/05/2013 - 10:37:39 	Fin du calcul
29/05/2013 - 11:44:12 	===== Fermeture de session =====

===============Finish Logging================


===============Init Logging================

12/06/2013 - 10:29:19 	===== Ouverture de session =====
12/06/2013 - 10:34:00 	Début du calcul
12/06/2013 - 10:34:00 	Nombre de positions : 1
12/06/2013 - 10:34:00 	Simulation inactivée
12/06/2013 - 10:34:00 	Lecture des conditions initiales
12/06/2013 - 10:34:00 	Fin du calcul
12/06/2013 - 10:34:22 	Début du calcul
12/06/2013 - 10:34:22 	Nombre de positions : 1
12/06/2013 - 10:34:22 	Simulation inactivée
12/06/2013 - 10:34:22 	Lecture des conditions initiales
12/06/2013 - 10:34:22 	Fin du calcul
12/06/2013 - 10:35:56 	Début du calcul
12/06/2013 - 10:35:56 	Nombre de positions : 100000
12/06/2013 - 10:35:56 	Simulation inactivée
12/06/2013 - 10:35:56 	Lecture des conditions initiales
12/06/2013 - 10:37:25 	Fin du calcul
12/06/2013 - 10:37:30 	Début du calcul
12/06/2013 - 10:37:30 	Nombre de positions : 1000
12/06/2013 - 10:37:30 	Simulation inactivée
12/06/2013 - 10:37:30 	Lecture des conditions initiales
12/06/2013 - 10:37:34 	Fin du calcul
12/06/2013 - 10:39:14 	Début du calcul
12/06/2013 - 10:39:14 	Nombre de positions : 1000
12/06/2013 - 10:39:14 	Simulation inactivée
12/06/2013 - 10:39:14 	Lecture des conditions initiales
12/06/2013 - 10:39:17 	Fin du calcul
12/06/2013 - 11:05:03 	===== Fermeture de session =====

===============Finish Logging================


===============Init Logging================

30/01/2014 - 18:14:42 	===== Ouverture de session =====
30/01/2014 - 18:18:38 	Début du calcul
30/01/2014 - 18:18:38 	Nombre de positions : 1
30/01/2014 - 18:18:38 	Simulation inactivée
30/01/2014 - 18:18:38 	Lecture des conditions initiales
30/01/2014 - 18:18:39 	Fin du calcul
30/01/2014 - 18:18:56 	Début du calcul
30/01/2014 - 18:18:56 	Nombre de positions : 100
30/01/2014 - 18:18:56 	Simulation inactivée
30/01/2014 - 18:18:56 	Lecture des conditions initiales
30/01/2014 - 18:18:57 	Fin du calcul
30/01/2014 - 18:24:43 	Début du calcul
30/01/2014 - 18:24:43 	Nombre de positions : 100
30/01/2014 - 18:24:43 	Simulation inactivée
30/01/2014 - 18:24:43 	Lecture des conditions initiales
30/01/2014 - 18:24:45 	Fin du calcul
30/01/2014 - 18:24:51 	Début du calcul
30/01/2014 - 18:24:51 	Nombre de positions : 100
30/01/2014 - 18:24:51 	Simulation inactivée
30/01/2014 - 18:24:51 	Lecture des conditions initiales
30/01/2014 - 18:24:52 	Fin du calcul
30/01/2014 - 18:38:52 	Début du calcul
30/01/2014 - 18:38:52 	Nombre de positions : 100
30/01/2014 - 18:38:52 	Simulation inactivée
30/01/2014 - 18:38:52 	Lecture des conditions initiales
30/01/2014 - 18:39:01 	Fin du calcul
30/01/2014 - 18:39:11 	Début du calcul
30/01/2014 - 18:39:11 	Nombre de positions : 100
30/01/2014 - 18:39:11 	Simulation inactivée
30/01/2014 - 18:39:11 	Lecture des conditions initiales
30/01/2014 - 18:39:15 	Fin du calcul
30/01/2014 - 18:39:23 	Début du calcul
30/01/2014 - 18:39:23 	Nombre de positions : 100
30/01/2014 - 18:39:23 	Simulation inactivée
30/01/2014 - 18:39:23 	Lecture des conditions initiales
30/01/2014 - 18:39:26 	Fin du calcul
30/01/2014 - 18:39:29 	Début du calcul
30/01/2014 - 18:39:29 	Nombre de positions : 100
30/01/2014 - 18:39:29 	Simulation inactivée
30/01/2014 - 18:39:29 	Lecture des conditions initiales
30/01/2014 - 18:39:32 	Fin du calcul
30/01/2014 - 18:39:35 	Début du calcul
30/01/2014 - 18:39:35 	Nombre de positions : 100
30/01/2014 - 18:39:35 	Simulation inactivée
30/01/2014 - 18:39:35 	Lecture des conditions initiales
30/01/2014 - 18:39:38 	Fin du calcul
30/01/2014 - 18:43:00 	Début du calcul
30/01/2014 - 18:43:00 	Nombre de positions : 100
30/01/2014 - 18:43:00 	Simulation inactivée
30/01/2014 - 18:43:00 	Lecture des conditions initiales
30/01/2014 - 18:43:02 	Fin du calcul
30/01/2014 - 18:44:26 	Début du calcul
30/01/2014 - 18:44:26 	Nombre de positions : 100
30/01/2014 - 18:44:26 	Simulation inactivée
30/01/2014 - 18:44:26 	Lecture des conditions initiales
30/01/2014 - 18:44:27 	Fin du calcul
30/01/2014 - 18:45:22 	Début du calcul
30/01/2014 - 18:45:22 	Nombre de positions : 100
30/01/2014 - 18:45:22 	Simulation inactivée
30/01/2014 - 18:45:22 	Lecture des conditions initiales
30/01/2014 - 18:45:23 	Fin du calcul
30/01/2014 - 18:46:38 	Début du calcul
30/01/2014 - 18:46:38 	Nombre de positions : 100
30/01/2014 - 18:46:38 	Simulation inactivée
30/01/2014 - 18:46:38 	Lecture des conditions initiales
30/01/2014 - 18:46:41 	Fin du calcul
30/01/2014 - 18:46:45 	Début du calcul
30/01/2014 - 18:46:45 	Nombre de positions : 100
30/01/2014 - 18:46:45 	Simulation inactivée
30/01/2014 - 18:46:45 	Lecture des conditions initiales
30/01/2014 - 18:46:47 	Fin du calcul
30/01/2014 - 18:49:05 	Début du calcul
30/01/2014 - 18:49:05 	Nombre de positions : 100
30/01/2014 - 18:49:05 	Simulation inactivée
30/01/2014 - 18:49:05 	Lecture des conditions initiales
30/01/2014 - 18:49:08 	Fin du calcul
30/01/2014 - 18:49:12 	Début du calcul
30/01/2014 - 18:49:12 	Nombre de positions : 100
30/01/2014 - 18:49:12 	Simulation inactivée
30/01/2014 - 18:49:12 	Lecture des conditions initiales
30/01/2014 - 18:49:13 	Fin du calcul
30/01/2014 - 18:50:02 	Début du calcul
30/01/2014 - 18:50:02 	Nombre de positions : 100
30/01/2014 - 18:50:02 	Simulation inactivée
30/01/2014 - 18:50:02 	Lecture des conditions initiales
30/01/2014 - 18:50:04 	Fin du calcul
30/01/2014 - 18:52:24 	Début du calcul
30/01/2014 - 18:52:24 	Nombre de positions : 100
30/01/2014 - 18:52:24 	Simulation inactivée
30/01/2014 - 18:52:24 	Lecture des conditions initiales
30/01/2014 - 18:52:26 	Fin du calcul
30/01/2014 - 18:55:57 	Début du calcul
30/01/2014 - 18:55:57 	Nombre de positions : 100
30/01/2014 - 18:55:57 	Simulation inactivée
30/01/2014 - 18:55:57 	Lecture des conditions initiales
30/01/2014 - 18:55:59 	Fin du calcul
30/01/2014 - 18:57:08 	===== Fermeture de session =====

===============Finish Logging================


===============Init Logging================

03/02/2014 - 11:14:56 	===== Ouverture de session =====
03/02/2014 - 11:21:47 	Début du calcul
03/02/2014 - 11:21:47 	Nombre de positions : 100
03/02/2014 - 11:21:47 	Simulation inactivée
03/02/2014 - 11:21:47 	Lecture des conditions initiales
03/02/2014 - 11:21:49 	Fin du calcul
03/02/2014 - 11:23:05 	===== Fermeture de session =====

===============Finish Logging================


===============Init Logging================

15/03/2016 - 20:11:31 	===== Ouverture de session =====
15/03/2016 - 20:14:09 	Début du calcul
15/03/2016 - 20:14:09 	Nombre de positions : 100
15/03/2016 - 20:14:09 	Simulation inactivée
15/03/2016 - 20:14:09 	Lecture des conditions initiales
15/03/2016 - 20:14:09 	Fin du calcul
15/03/2016 - 20:14:12 	Début du calcul
15/03/2016 - 20:14:12 	Nombre de positions : 100
15/03/2016 - 20:14:12 	Simulation activée
15/03/2016 - 20:14:12 	Lecture des conditions initiales
15/03/2016 - 20:14:15 	Fin du calcul
15/03/2016 - 20:37:30 	===== Fermeture de session =====

===============Finish Logging================

