
===============Init Logging================

04/02/2015 - 09:36:03 	===== Ouverture de session =====
04/02/2015 - 10:00:17 	Début du calcul
04/02/2015 - 10:00:17 	Nombre de positions : 1000
04/02/2015 - 10:00:17 	Simulation inactivée
04/02/2015 - 10:00:17 	Lecture des conditions initiales
04/02/2015 - 10:00:21 	Fin du calcul
04/02/2015 - 10:16:18 	Début du calcul
04/02/2015 - 10:16:18 	Nombre de positions : 1000
04/02/2015 - 10:16:18 	Simulation inactivée
04/02/2015 - 10:16:18 	Lecture des conditions initiales
04/02/2015 - 10:16:22 	Fin du calcul
04/02/2015 - 10:20:31 	===== Fermeture de session =====

===============Finish Logging================


===============Init Logging================

15/04/2015 - 20:27:29 	===== Ouverture de session =====
15/04/2015 - 20:43:06 	===== Fermeture de session =====

===============Finish Logging================


===============Init Logging================

15/04/2015 - 20:51:54 	===== Ouverture de session =====
15/04/2015 - 20:52:11 	===== Fermeture de session =====

===============Finish Logging================


===============Init Logging================

15/04/2015 - 20:52:25 	===== Ouverture de session =====
15/04/2015 - 20:53:24 	===== Fermeture de session =====

===============Finish Logging================

