
===============Init Logging================

12/02/2012 - 18:14:24 	===== Ouverture de session =====
12/02/2012 - 18:24:19 	===== Fermeture de session =====

===============Finish Logging================


===============Init Logging================

12/02/2012 - 18:14:24 	===== Ouverture de session =====
12/02/2012 - 18:24:19 	===== Fermeture de session =====

===============Finish Logging================


===============Init Logging================

12/02/2012 - 18:29:21 	===== Ouverture de session =====
12/02/2012 - 18:43:23 	===== Fermeture de session =====

===============Finish Logging================


===============Init Logging================

12/02/2012 - 18:29:23 	===== Ouverture de session =====
12/02/2012 - 18:43:23 	===== Fermeture de session =====

===============Finish Logging================


===============Init Logging================

12/02/2012 - 18:44:05 	===== Ouverture de session =====
12/02/2012 - 18:50:59 	===== Fermeture de session =====

===============Finish Logging================


===============Init Logging================

12/02/2012 - 18:44:12 	===== Ouverture de session =====
12/02/2012 - 18:50:59 	===== Fermeture de session =====

===============Finish Logging================


===============Init Logging================

13/02/2012 - 11:11:17 	===== Ouverture de session =====
13/02/2012 - 11:16:49 	===== Fermeture de session =====

===============Finish Logging================


===============Init Logging================

13/02/2012 - 11:11:25 	===== Ouverture de session =====
13/02/2012 - 11:16:49 	===== Fermeture de session =====

===============Finish Logging================


===============Init Logging================

13/02/2012 - 14:59:05 	===== Ouverture de session =====
13/02/2012 - 15:03:23 	===== Fermeture de session =====

===============Finish Logging================


===============Init Logging================

13/02/2012 - 14:59:15 	===== Ouverture de session =====
13/02/2012 - 15:03:23 	===== Fermeture de session =====

===============Finish Logging================


===============Init Logging================

13/02/2012 - 15:14:09 	===== Ouverture de session =====
13/02/2012 - 15:15:58 	===== Fermeture de session =====

===============Finish Logging================


===============Init Logging================

13/02/2012 - 15:14:18 	===== Ouverture de session =====
13/02/2012 - 15:15:58 	===== Fermeture de session =====

===============Finish Logging================


===============Init Logging================

13/02/2012 - 15:16:42 	===== Ouverture de session =====
13/02/2012 - 15:17:55 	===== Fermeture de session =====

===============Finish Logging================


===============Init Logging================

13/02/2012 - 15:16:51 	===== Ouverture de session =====
13/02/2012 - 15:17:55 	===== Fermeture de session =====

===============Finish Logging================


===============Init Logging================

13/02/2012 - 15:37:26 	===== Ouverture de session =====
13/02/2012 - 15:43:37 	===== Fermeture de session =====

===============Finish Logging================


===============Init Logging================

13/02/2012 - 15:37:34 	===== Ouverture de session =====
13/02/2012 - 15:43:37 	===== Fermeture de session =====

===============Finish Logging================


===============Init Logging================

13/02/2012 - 15:44:49 	===== Ouverture de session =====
13/02/2012 - 16:02:13 	===== Fermeture de session =====

===============Finish Logging================


===============Init Logging================

13/02/2012 - 15:44:56 	===== Ouverture de session =====
13/02/2012 - 16:02:13 	===== Fermeture de session =====

===============Finish Logging================


===============Init Logging================

13/02/2012 - 16:49:09 	===== Ouverture de session =====
13/02/2012 - 16:54:38 	===== Fermeture de session =====

===============Finish Logging================


===============Init Logging================

13/02/2012 - 16:49:18 	===== Ouverture de session =====
13/02/2012 - 16:54:39 	===== Fermeture de session =====

===============Finish Logging================


===============Init Logging================


===============Init Logging================

13/02/2012 - 17:17:39 	===== Ouverture de session =====
13/02/2012 - 17:19:24 	===== Fermeture de session =====

===============Finish Logging================

13/02/2012 - 17:17:48 	===== Ouverture de session =====
13/02/2012 - 17:19:24 	===== Fermeture de session =====

===============Finish Logging================


===============Init Logging================


===============Init Logging================

13/02/2012 - 17:37:22 	===== Ouverture de session =====
13/02/2012 - 17:39:44 	===== Fermeture de session =====

===============Finish Logging================

13/02/2012 - 17:37:30 	===== Ouverture de session =====
13/02/2012 - 17:39:44 	===== Fermeture de session =====

===============Finish Logging================


===============Init Logging================


===============Init Logging================

13/02/2012 - 17:46:06 	===== Ouverture de session =====
13/02/2012 - 18:11:06 	===== Fermeture de session =====

===============Finish Logging================

13/02/2012 - 17:46:12 	===== Ouverture de session =====
13/02/2012 - 18:11:06 	===== Fermeture de session =====

===============Finish Logging================


===============Init Logging================


===============Init Logging================

14/02/2012 - 17:46:42 	===== Ouverture de session =====
14/02/2012 - 17:54:11 	===== Fermeture de session =====

===============Finish Logging================

14/02/2012 - 17:46:52 	===== Ouverture de session =====
14/02/2012 - 17:54:11 	===== Fermeture de session =====

===============Finish Logging================


===============Init Logging================


===============Init Logging================

14/02/2012 - 17:55:25 	===== Ouverture de session =====
14/02/2012 - 18:00:05 	===== Fermeture de session =====

===============Finish Logging================

14/02/2012 - 17:55:29 	===== Ouverture de session =====
14/02/2012 - 18:00:05 	===== Fermeture de session =====

===============Finish Logging================


===============Init Logging================


===============Init Logging================

14/02/2012 - 18:03:17 	===== Ouverture de session =====
14/02/2012 - 18:10:20 	===== Fermeture de session =====

===============Finish Logging================

14/02/2012 - 18:03:24 	===== Ouverture de session =====
14/02/2012 - 18:10:20 	===== Fermeture de session =====

===============Finish Logging================


===============Init Logging================


===============Init Logging================

14/02/2012 - 18:14:52 	===== Ouverture de session =====
14/02/2012 - 18:16:32 	===== Fermeture de session =====

===============Finish Logging================

14/02/2012 - 18:14:55 	===== Ouverture de session =====
14/02/2012 - 18:16:32 	===== Fermeture de session =====

===============Finish Logging================


===============Init Logging================


===============Init Logging================

14/02/2012 - 18:17:58 	===== Ouverture de session =====
14/02/2012 - 18:18:37 	===== Fermeture de session =====

===============Finish Logging================

14/02/2012 - 18:18:02 	===== Ouverture de session =====
14/02/2012 - 18:18:37 	===== Fermeture de session =====

===============Finish Logging================


===============Init Logging================


===============Init Logging================

14/02/2012 - 18:20:22 	===== Ouverture de session =====
14/02/2012 - 18:25:10 	===== Fermeture de session =====

===============Finish Logging================

14/02/2012 - 18:20:26 	===== Ouverture de session =====
14/02/2012 - 18:25:10 	===== Fermeture de session =====

===============Finish Logging================


===============Init Logging================


===============Init Logging================

14/02/2012 - 18:32:33 	===== Ouverture de session =====
14/02/2012 - 18:45:52 	Début du calcul
14/02/2012 - 18:45:52 	Nombre de positions : 100
14/02/2012 - 18:45:52 	Simulation inactivée
14/02/2012 - 18:45:52 	Lecture des conditions initiales
14/02/2012 - 18:45:52 	Fin du calcul
14/02/2012 - 18:47:33 	Début du calcul
14/02/2012 - 18:47:33 	Nombre de positions : 100
14/02/2012 - 18:47:33 	Simulation inactivée
14/02/2012 - 18:47:33 	Lecture des conditions initiales
14/02/2012 - 18:47:33 	Fin du calcul
14/02/2012 - 18:49:19 	Début du calcul
14/02/2012 - 18:49:19 	Nombre de positions : 100
14/02/2012 - 18:49:19 	Simulation inactivée
14/02/2012 - 18:49:19 	Lecture des conditions initiales
14/02/2012 - 18:49:19 	Fin du calcul
14/02/2012 - 18:53:35 	Début du calcul
14/02/2012 - 18:53:35 	Nombre de positions : 100
14/02/2012 - 18:53:35 	Simulation inactivée
14/02/2012 - 18:53:35 	Lecture des conditions initiales
14/02/2012 - 18:53:36 	Fin du calcul
14/02/2012 - 18:59:08 	Début du calcul
14/02/2012 - 18:59:08 	Nombre de positions : 100
14/02/2012 - 18:59:08 	Simulation inactivée
14/02/2012 - 18:59:08 	Lecture des conditions initiales
14/02/2012 - 18:59:08 	Fin du calcul
14/02/2012 - 19:01:23 	Début du calcul
14/02/2012 - 19:01:23 	Nombre de positions : 100
14/02/2012 - 19:01:23 	Simulation inactivée
14/02/2012 - 19:01:23 	Lecture des conditions initiales
14/02/2012 - 18:32:30 	===== Ouverture de session =====
14/02/2012 - 19:03:06 	===== Fermeture de session =====

===============Finish Logging================

14/02/2012 - 19:01:23 	Fin du calcul
14/02/2012 - 19:03:06 	===== Fermeture de session =====

===============Finish Logging================


===============Init Logging================


===============Init Logging================

15/02/2012 - 08:10:58 	===== Ouverture de session =====
15/02/2012 - 08:18:14 	===== Fermeture de session =====

===============Finish Logging================

15/02/2012 - 08:11:08 	===== Ouverture de session =====
15/02/2012 - 08:18:14 	===== Fermeture de session =====

===============Finish Logging================


===============Init Logging================


===============Init Logging================

15/02/2012 - 08:41:51 	===== Ouverture de session =====
15/02/2012 - 09:49:00 	Début du calcul
15/02/2012 - 09:49:00 	Nombre de positions : 100
15/02/2012 - 09:49:00 	Simulation inactivée
15/02/2012 - 09:49:00 	Lecture des conditions initiales
15/02/2012 - 09:49:01 	Fin du calcul
15/02/2012 - 10:58:18 	Début du calcul
15/02/2012 - 10:58:18 	Nombre de positions : 100
15/02/2012 - 10:58:18 	Simulation inactivée
15/02/2012 - 10:58:18 	Lecture des conditions initiales
15/02/2012 - 10:58:19 	Analyse du système incorrecte
15/02/2012 - 10:58:19 	Abandon du calcul
15/02/2012 - 10:59:02 	Début du calcul
15/02/2012 - 10:59:02 	Nombre de positions : 100
15/02/2012 - 10:59:02 	Simulation inactivée
15/02/2012 - 10:59:02 	Lecture des conditions initiales
15/02/2012 - 10:59:07 	Fin du calcul
15/02/2012 - 11:05:45 	Début du calcul
15/02/2012 - 11:05:45 	Nombre de positions : 100
15/02/2012 - 11:05:45 	Simulation inactivée
15/02/2012 - 11:05:45 	Lecture des conditions initiales
15/02/2012 - 11:05:50 	Fin du calcul
15/02/2012 - 11:07:11 	Début du calcul
15/02/2012 - 11:07:11 	Nombre de positions : 100
15/02/2012 - 11:07:11 	Simulation inactivée
15/02/2012 - 11:07:11 	Lecture des conditions initiales
15/02/2012 - 11:07:18 	Fin du calcul
15/02/2012 - 11:21:30 	Début du calcul
15/02/2012 - 11:21:30 	Nombre de positions : 100
15/02/2012 - 11:21:30 	Simulation inactivée
15/02/2012 - 11:21:30 	Lecture des conditions initiales
15/02/2012 - 11:21:40 	Fin du calcul
15/02/2012 - 11:23:04 	Début du calcul
15/02/2012 - 11:23:04 	Nombre de positions : 100
15/02/2012 - 11:23:04 	Simulation inactivée
15/02/2012 - 11:23:04 	Lecture des conditions initiales
15/02/2012 - 11:23:09 	Fin du calcul
15/02/2012 - 11:23:32 	Début du calcul
15/02/2012 - 11:23:32 	Nombre de positions : 100
15/02/2012 - 11:23:32 	Simulation inactivée
15/02/2012 - 11:23:32 	Lecture des conditions initiales
15/02/2012 - 11:23:32 	Fin du calcul
15/02/2012 - 11:26:06 	Début du calcul
15/02/2012 - 11:26:06 	Nombre de positions : 100
15/02/2012 - 11:26:06 	Simulation inactivée
15/02/2012 - 11:26:06 	Lecture des conditions initiales
15/02/2012 - 11:26:07 	Fin du calcul
15/02/2012 - 11:27:18 	Début du calcul
15/02/2012 - 11:27:18 	Nombre de positions : 100
15/02/2012 - 11:27:18 	Simulation inactivée
15/02/2012 - 11:27:18 	Lecture des conditions initiales
15/02/2012 - 11:27:18 	Fin du calcul
15/02/2012 - 11:33:54 	Début du calcul
15/02/2012 - 11:33:54 	Nombre de positions : 100
15/02/2012 - 11:33:54 	Simulation inactivée
15/02/2012 - 11:33:54 	Lecture des conditions initiales
15/02/2012 - 11:33:54 	Fin du calcul
15/02/2012 - 11:35:08 	Début du calcul
15/02/2012 - 11:35:08 	Nombre de positions : 100
15/02/2012 - 11:35:08 	Simulation inactivée
15/02/2012 - 11:35:08 	Lecture des conditions initiales
15/02/2012 - 11:35:09 	Fin du calcul
15/02/2012 - 11:39:02 	Début du calcul
15/02/2012 - 11:39:02 	Nombre de positions : 100
15/02/2012 - 11:39:02 	Simulation inactivée
15/02/2012 - 11:39:02 	Lecture des conditions initiales
15/02/2012 - 11:39:03 	Fin du calcul
15/02/2012 - 11:40:38 	Début du calcul
15/02/2012 - 11:40:38 	Nombre de positions : 100
15/02/2012 - 11:40:38 	Simulation inactivée
15/02/2012 - 11:40:38 	Lecture des conditions initiales
15/02/2012 - 11:40:39 	Analyse du système incorrecte
15/02/2012 - 11:40:39 	Abandon du calcul
15/02/2012 - 11:41:56 	Début du calcul
15/02/2012 - 11:41:56 	Nombre de positions : 100
15/02/2012 - 11:41:56 	Simulation inactivée
15/02/2012 - 11:41:56 	Lecture des conditions initiales
15/02/2012 - 11:41:57 	Fin du calcul
15/02/2012 - 11:46:20 	Début du calcul
15/02/2012 - 11:46:20 	Nombre de positions : 100
15/02/2012 - 11:46:20 	Simulation inactivée
15/02/2012 - 11:46:20 	Lecture des conditions initiales
15/02/2012 - 08:41:42 	===== Ouverture de session =====
15/02/2012 - 14:29:57 	===== Fermeture de session =====

===============Finish Logging================

15/02/2012 - 11:46:21 	Fin du calcul
15/02/2012 - 14:29:57 	===== Fermeture de session =====

===============Finish Logging================


===============Init Logging================


===============Init Logging================

15/02/2012 - 14:33:14 	===== Ouverture de session =====
15/02/2012 - 14:34:47 	===== Fermeture de session =====

===============Finish Logging================

15/02/2012 - 14:33:23 	===== Ouverture de session =====
15/02/2012 - 14:34:47 	===== Fermeture de session =====

===============Finish Logging================


===============Init Logging================


===============Init Logging================


===============Init Logging================


===============Init Logging================

15/02/2012 - 14:41:07 	===== Ouverture de session =====
15/02/2012 - 15:07:32 	Début du calcul
15/02/2012 - 15:07:32 	Nombre de positions : 100
15/02/2012 - 15:07:32 	Simulation inactivée
15/02/2012 - 15:07:32 	Lecture des conditions initiales
15/02/2012 - 15:07:33 	Fin du calcul
15/02/2012 - 15:08:25 	Début du calcul
15/02/2012 - 15:08:25 	Nombre de positions : 100
15/02/2012 - 15:08:25 	Simulation inactivée
15/02/2012 - 15:08:25 	Lecture des conditions initiales
15/02/2012 - 15:08:26 	Fin du calcul
15/02/2012 - 15:09:26 	Début du calcul
15/02/2012 - 15:09:26 	Nombre de positions : 100
15/02/2012 - 15:09:26 	Simulation inactivée
15/02/2012 - 15:09:26 	Lecture des conditions initiales
15/02/2012 - 15:09:27 	Fin du calcul
15/02/2012 - 15:10:38 	Début du calcul
15/02/2012 - 15:10:38 	Nombre de positions : 100
15/02/2012 - 15:10:38 	Simulation inactivée
15/02/2012 - 15:10:38 	Lecture des conditions initiales
15/02/2012 - 15:10:39 	Fin du calcul
15/02/2012 - 15:11:26 	Début du calcul
15/02/2012 - 15:11:26 	Nombre de positions : 100
15/02/2012 - 15:11:26 	Simulation inactivée
15/02/2012 - 15:11:26 	Lecture des conditions initiales
15/02/2012 - 15:11:27 	Fin du calcul
15/02/2012 - 15:12:07 	Début du calcul
15/02/2012 - 15:12:07 	Nombre de positions : 100
15/02/2012 - 15:12:07 	Simulation inactivée
15/02/2012 - 15:12:07 	Lecture des conditions initiales
15/02/2012 - 14:40:55 	===== Ouverture de session =====
15/02/2012 - 15:46:43 	===== Fermeture de session =====

===============Finish Logging================

15/02/2012 - 15:12:08 	Fin du calcul
15/02/2012 - 15:46:43 	===== Fermeture de session =====

===============Finish Logging================


===============Init Logging================


===============Init Logging================

15/02/2012 - 18:14:25 	===== Ouverture de session =====
15/02/2012 - 18:24:12 	Début du calcul
15/02/2012 - 18:24:12 	Nombre de positions : 100
15/02/2012 - 18:24:12 	Simulation inactivée
15/02/2012 - 18:24:12 	Lecture des conditions initiales
15/02/2012 - 18:24:13 	Fin du calcul
15/02/2012 - 18:28:09 	Début du calcul
15/02/2012 - 18:28:09 	Nombre de positions : 100
15/02/2012 - 18:28:09 	Simulation inactivée
15/02/2012 - 18:28:09 	Lecture des conditions initiales
15/02/2012 - 18:28:10 	Fin du calcul
15/02/2012 - 18:29:04 	Début du calcul
15/02/2012 - 18:29:04 	Nombre de positions : 100
15/02/2012 - 18:29:04 	Simulation inactivée
15/02/2012 - 18:29:04 	Lecture des conditions initiales
15/02/2012 - 18:29:05 	Fin du calcul
15/02/2012 - 18:30:19 	Début du calcul
15/02/2012 - 18:30:19 	Nombre de positions : 100
15/02/2012 - 18:30:19 	Simulation inactivée
15/02/2012 - 18:30:19 	Lecture des conditions initiales
15/02/2012 - 18:30:20 	Fin du calcul
15/02/2012 - 18:31:37 	Début du calcul
15/02/2012 - 18:31:37 	Nombre de positions : 100
15/02/2012 - 18:31:37 	Simulation inactivée
15/02/2012 - 18:31:37 	Lecture des conditions initiales
15/02/2012 - 18:31:39 	Fin du calcul
15/02/2012 - 18:32:50 	Début du calcul
15/02/2012 - 18:32:50 	Nombre de positions : 100
15/02/2012 - 18:32:50 	Simulation inactivée
15/02/2012 - 18:32:50 	Lecture des conditions initiales
15/02/2012 - 18:32:51 	Fin du calcul
15/02/2012 - 18:35:33 	Début du calcul
15/02/2012 - 18:35:33 	Nombre de positions : 100
15/02/2012 - 18:35:33 	Simulation inactivée
15/02/2012 - 18:35:33 	Lecture des conditions initiales
15/02/2012 - 18:35:34 	Fin du calcul
15/02/2012 - 18:36:42 	Début du calcul
15/02/2012 - 18:36:42 	Nombre de positions : 100
15/02/2012 - 18:36:42 	Simulation inactivée
15/02/2012 - 18:36:42 	Lecture des conditions initiales
15/02/2012 - 18:36:43 	Fin du calcul
15/02/2012 - 18:37:40 	Début du calcul
15/02/2012 - 18:37:40 	Nombre de positions : 100
15/02/2012 - 18:37:40 	Simulation inactivée
15/02/2012 - 18:37:40 	Lecture des conditions initiales
15/02/2012 - 18:37:41 	Fin du calcul
15/02/2012 - 18:38:40 	Début du calcul
15/02/2012 - 18:38:40 	Nombre de positions : 100
15/02/2012 - 18:38:40 	Simulation inactivée
15/02/2012 - 18:38:40 	Lecture des conditions initiales
15/02/2012 - 18:38:41 	Fin du calcul
15/02/2012 - 18:38:46 	Début du calcul
15/02/2012 - 18:38:46 	Nombre de positions : 100
15/02/2012 - 18:38:46 	Simulation inactivée
15/02/2012 - 18:38:46 	Lecture des conditions initiales
15/02/2012 - 18:38:47 	Fin du calcul
15/02/2012 - 18:44:40 	Début du calcul
15/02/2012 - 18:44:40 	Nombre de positions : 100
15/02/2012 - 18:44:40 	Simulation inactivée
15/02/2012 - 18:44:40 	Lecture des conditions initiales
15/02/2012 - 18:44:41 	Fin du calcul
15/02/2012 - 18:45:43 	Début du calcul
15/02/2012 - 18:45:43 	Nombre de positions : 100
15/02/2012 - 18:45:43 	Simulation inactivée
15/02/2012 - 18:45:43 	Lecture des conditions initiales
15/02/2012 - 18:14:13 	===== Ouverture de session =====
15/02/2012 - 18:46:59 	===== Fermeture de session =====

===============Finish Logging================

15/02/2012 - 18:45:44 	Fin du calcul
15/02/2012 - 18:46:59 	===== Fermeture de session =====

===============Finish Logging================


===============Init Logging================


===============Init Logging================

16/02/2012 - 14:51:48 	===== Ouverture de session =====
16/02/2012 - 15:12:15 	===== Fermeture de session =====

===============Finish Logging================

16/02/2012 - 14:52:00 	===== Ouverture de session =====
16/02/2012 - 15:12:15 	===== Fermeture de session =====

===============Finish Logging================


===============Init Logging================


===============Init Logging================

16/02/2012 - 15:12:49 	===== Ouverture de session =====
16/02/2012 - 15:16:13 	===== Fermeture de session =====

===============Finish Logging================

16/02/2012 - 15:12:58 	===== Ouverture de session =====
16/02/2012 - 15:16:13 	===== Fermeture de session =====

===============Finish Logging================


===============Init Logging================


===============Init Logging================

17/02/2012 - 16:06:34 	===== Ouverture de session =====
17/02/2012 - 16:48:48 	Début du calcul
17/02/2012 - 16:48:48 	Nombre de positions : 100
17/02/2012 - 16:48:48 	Simulation inactivée
17/02/2012 - 16:48:48 	Lecture des conditions initiales
17/02/2012 - 16:48:49 	Fin du calcul
17/02/2012 - 16:49:56 	Début du calcul
17/02/2012 - 16:49:56 	Nombre de positions : 100
17/02/2012 - 16:49:56 	Simulation inactivée
17/02/2012 - 16:49:56 	Lecture des conditions initiales
17/02/2012 - 16:06:23 	===== Ouverture de session =====
17/02/2012 - 16:51:11 	===== Fermeture de session =====

===============Finish Logging================

17/02/2012 - 16:49:57 	Fin du calcul
17/02/2012 - 16:51:11 	===== Fermeture de session =====

===============Finish Logging================


===============Init Logging================

27/02/2012 - 13:14:08 	===== Ouverture de session =====
27/02/2012 - 13:16:14 	===== Fermeture de session =====

===============Finish Logging================


===============Init Logging================

27/02/2012 - 13:16:39 	===== Ouverture de session =====
27/02/2012 - 13:18:12 	Début du calcul
27/02/2012 - 13:18:12 	Nombre de positions : 100
27/02/2012 - 13:18:12 	Simulation inactivée
27/02/2012 - 13:18:12 	Lecture des conditions initiales
27/02/2012 - 13:18:13 	Fin du calcul
27/02/2012 - 13:19:41 	===== Fermeture de session =====

===============Finish Logging================


===============Init Logging================

04/03/2012 - 15:07:05 	===== Ouverture de session =====
04/03/2012 - 15:13:41 	===== Fermeture de session =====

===============Finish Logging================


===============Init Logging================

27/01/2015 - 08:23:50 	===== Ouverture de session =====
27/01/2015 - 08:25:30 	Début du calcul
27/01/2015 - 08:25:30 	Nombre de positions : 100
27/01/2015 - 08:25:30 	Simulation inactivée
27/01/2015 - 08:25:30 	Lecture des conditions initiales
27/01/2015 - 08:25:30 	Fin du calcul
27/01/2015 - 08:25:37 	Début du calcul
27/01/2015 - 08:25:37 	Nombre de positions : 100
27/01/2015 - 08:25:37 	Simulation activée
27/01/2015 - 08:25:37 	Lecture des conditions initiales
27/01/2015 - 08:25:44 	Fin du calcul
27/01/2015 - 08:25:47 	Début du calcul
27/01/2015 - 08:25:47 	Nombre de positions : 100
27/01/2015 - 08:25:47 	Simulation activée
27/01/2015 - 08:25:47 	Lecture des conditions initiales
27/01/2015 - 08:25:54 	Fin du calcul
27/01/2015 - 08:30:09 	===== Fermeture de session =====

===============Finish Logging================


===============Init Logging================

25/09/2017 - 17:10:07 	===== Ouverture de session =====
25/09/2017 - 17:10:59 	===== Fermeture de session =====

===============Finish Logging================


===============Init Logging================

17/10/2017 - 13:23:23 	===== Ouverture de session =====
17/10/2017 - 13:25:24 	===== Fermeture de session =====

===============Finish Logging================

