
===============Init Logging================

04/03/2012 - 15:14:01 	===== Ouverture de session =====
04/03/2012 - 15:18:17 	===== Fermeture de session =====

===============Finish Logging================


===============Init Logging================

27/01/2015 - 08:29:01 	===== Ouverture de session =====
27/01/2015 - 08:30:07 	===== Fermeture de session =====

===============Finish Logging================


===============Init Logging================

18/10/2017 - 11:20:21 	===== Ouverture de session =====
18/10/2017 - 11:21:50 	Début du calcul
18/10/2017 - 11:21:50 	Nombre de positions : 100
18/10/2017 - 11:21:50 	Simulation activée
18/10/2017 - 11:21:50 	Lecture des conditions initiales
18/10/2017 - 11:22:18 	Fin du calcul
18/10/2017 - 12:57:44 	===== Fermeture de session =====

===============Finish Logging================


===============Init Logging================

24/02/2018 - 19:22:53 	===== Ouverture de session =====
24/02/2018 - 19:23:11 	===== Fermeture de session =====

===============Finish Logging================


===============Init Logging================

24/02/2018 - 20:16:57 	===== Ouverture de session =====
24/02/2018 - 20:20:07 	===== Fermeture de session =====

===============Finish Logging================

