  1 1            fond carter moteur                                    
  2 1CAPUCHON MAINTIEN CABLE D'ALIM
  3 2           VIS CBLZ ST2.9-20 C                NFE 25-658
  4 1         ROULt … bille 10 BC02                10x30x9    NFE 22-315
  5 2           VIS CBLZ ST2.9-10 F                NFE 25-658           
  6 1              COSSE ELECTRIQUE                                     
  7 1                        STATOR                                     
  8 1      FUT CARTER MOTOREDUCTEUR                                     
  9 1                         ROTOR                                     
 10 1                  PALIER ROTOR                                     
 11 1        RONDELLE PLATE 16X60X1                                     
 12 9                     SATELLITE           Z=18 M=1.5 B=11           
 13 3               PORTE SATELLITE            Z=9 M=1.5 B=12           
 18 3    PIGNON DE SORTIE REDUCTEUR           Z=18 M=1.5 B=15           
 20 1     COURONNE DENTEE REDUCTEUR           Z=45 M=1.5 B=86           
 21 1        PLATINE SUPPORT MOTEUR                  80X89X10           
 22 4              VIS CHC M8 70-28 CLASSE 8.8     NFE-25-125           
 23 1        RONDELLE PLATE 33X55X1                                     
 24 1     CIRCLIPS EXTERIEUR 32X1.5      XC 75     NFE 22-163           
 19 1     PORTE SATELLITE DE SORTIE                                     
 25 1   disque de friction E=5 D=60            CAN // 6X26X30           
 26 3   disque de friction E=4 D=60            CAN // 6X26X30           
 27 2  disque de friction d=30 D=60                  3 tenons           
 31 1           capot de protection                                     
 32 1rondelle appui vis tˆte frais‚  Z2CN18-10                          
 33 1                VIS FHC M12-20  Z2CN18-10     NFE 27-160           
 34 1  RONDELLE CONIQUE A DENTS EXT                NFE 27-627  DEF 12-23
 35 1        RONDELLE CONIQUE LISSE                CL 30-58-3           
 36 1                     MANIVELLE        A42                          
 37 1                        BIELLE        A42                          
 39 2       CIRCLIPS EXTERIEUR 12X1      XC 75     NFE 22-163           
 38 1   AXE FILETE BIELLE/MANIVELLE                    M12-16           
 41 1    CHAPE FIXATION SUR PORTAIL        A42                          
 40 1     RONDELLE PLATE Z12x24x2.5                NFE 25-513           
 43 1                     AXE CHAPE           DIAM 12 LONG 23           
 44 1      JOINT TORIQUE 3.53X31.34 ELASTOMERE     NFE 48-042           
 46 1    VIS SANS TETE HC M10-10 CH       Z2CN     NFE 27-180           
 47 1    CACHE DES VIS DE FIXATION                                      
 51 1       RONDELLE PLATE Z10X20X1                NFE 25-513           
 57 1      JOINT TORIQUE 3.53X63.10 ELASTOMERE     NFE 48-042           
 58 1            ROULEMENT 17 BC 10                  17x35x10 NFE 22-315
 59 1                 JOINT A LEVRE                   20X38X8 NFR 99-001
 61 4            TIRANT FILETE M3.5       Z2CN                          
 62 4        ECROU CYLINDRIQUE M3.5     CuZn35                          
                                     
           
