
===============Init Logging================

10/12/2015 - 19:43:58 	===== Ouverture de session =====
10/12/2015 - 19:45:08 	===== Fermeture de session =====

===============Finish Logging================


===============Init Logging================

18/03/2016 - 16:16:57 	===== Ouverture de session =====
18/03/2016 - 16:19:36 	Début du calcul
18/03/2016 - 16:19:36 	Nombre de positions : 100
18/03/2016 - 16:19:36 	Simulation activée
18/03/2016 - 16:19:36 	Lecture des conditions initiales
18/03/2016 - 16:19:37 	Fin du calcul
18/03/2016 - 16:27:07 	===== Fermeture de session =====

===============Finish Logging================


===============Init Logging================

18/03/2016 - 21:02:03 	===== Ouverture de session =====
18/03/2016 - 22:59:45 	Début du calcul
18/03/2016 - 22:59:45 	Nombre de positions : 91
18/03/2016 - 22:59:45 	Simulation activée
18/03/2016 - 22:59:45 	Lecture des conditions initiales
18/03/2016 - 22:59:48 	Fin du calcul
18/03/2016 - 23:57:34 	===== Fermeture de session =====

===============Finish Logging================


===============Init Logging================

19/03/2016 - 09:44:39 	===== Ouverture de session =====
19/03/2016 - 10:34:51 	Début du calcul
19/03/2016 - 10:34:51 	Nombre de positions : 1
19/03/2016 - 10:34:51 	Simulation activée
19/03/2016 - 10:34:51 	Lecture des conditions initiales
19/03/2016 - 10:34:51 	Fin du calcul
19/03/2016 - 10:34:56 	Début du calcul
19/03/2016 - 10:34:56 	Nombre de positions : 100
19/03/2016 - 10:34:56 	Simulation activée
19/03/2016 - 10:34:56 	Lecture des conditions initiales
19/03/2016 - 10:34:59 	Fin du calcul
19/03/2016 - 10:35:00 	Début du calcul
19/03/2016 - 10:35:00 	Nombre de positions : 100
19/03/2016 - 10:35:00 	Simulation activée
19/03/2016 - 10:35:00 	Lecture des conditions initiales
19/03/2016 - 10:35:03 	Fin du calcul
19/03/2016 - 10:54:18 	===== Fermeture de session =====

===============Finish Logging================


===============Init Logging================

11/01/2017 - 10:39:03 	===== Ouverture de session =====
11/01/2017 - 10:40:26 	===== Fermeture de session =====

===============Finish Logging================


===============Init Logging================

22/08/2017 - 12:38:30 	===== Ouverture de session =====
22/08/2017 - 12:38:53 	===== Fermeture de session =====

===============Finish Logging================

