
===============Init Logging================

24/04/2014 - 12:30:10 	===== Ouverture de session =====
24/04/2014 - 12:30:56 	===== Fermeture de session =====

===============Finish Logging================


===============Init Logging================

24/04/2014 - 12:31:32 	===== Ouverture de session =====
24/04/2014 - 12:31:55 	Début du calcul
24/04/2014 - 12:31:55 	Nombre de positions : 30
24/04/2014 - 12:31:55 	Simulation inactivée
24/04/2014 - 12:31:55 	Lecture des conditions initiales
24/04/2014 - 12:31:55 	Fin du calcul
24/04/2014 - 12:36:52 	===== Fermeture de session =====

===============Finish Logging================


===============Init Logging================

15/05/2014 - 16:10:29 	===== Ouverture de session =====
15/05/2014 - 16:11:17 	===== Fermeture de session =====

===============Finish Logging================


===============Init Logging================

15/05/2014 - 16:14:03 	===== Ouverture de session =====
15/05/2014 - 16:38:03 	Début du calcul
15/05/2014 - 16:38:03 	Nombre de positions : 30
15/05/2014 - 16:38:03 	Simulation inactivée
15/05/2014 - 16:38:03 	Lecture des conditions initiales
15/05/2014 - 16:38:03 	Fin du calcul
15/05/2014 - 16:43:56 	===== Fermeture de session =====

===============Finish Logging================


===============Init Logging================

15/05/2014 - 16:46:11 	===== Ouverture de session =====
15/05/2014 - 16:46:23 	===== Fermeture de session =====

===============Finish Logging================

