
===============Init Logging================

04/10/2010 - 08:59:43 	===== Ouverture de session =====
04/10/2010 - 09:00:03 	Début du calcul
04/10/2010 - 09:00:03 	Nombre de positions : 500
04/10/2010 - 09:00:03 	Simulation inactivée
04/10/2010 - 09:00:03 	Lecture des conditions initiales
04/10/2010 - 09:00:04 	Fin du calcul
04/10/2010 - 09:51:34 	===== Fermeture de session =====

===============Finish Logging================


===============Init Logging================

08/10/2010 - 17:04:27 	===== Ouverture de session =====
08/10/2010 - 17:05:06 	===== Fermeture de session =====

===============Finish Logging================


===============Init Logging================

13/10/2010 - 07:52:46 	===== Ouverture de session =====
13/10/2010 - 07:53:02 	Début du calcul
13/10/2010 - 07:53:02 	Nombre de positions : 500
13/10/2010 - 07:53:02 	Simulation inactivée
13/10/2010 - 07:53:02 	Lecture des conditions initiales
13/10/2010 - 07:53:02 	Fin du calcul
13/10/2010 - 08:01:41 	===== Fermeture de session =====

===============Finish Logging================


===============Init Logging================

13/10/2010 - 08:02:01 	===== Ouverture de session =====
13/10/2010 - 08:02:39 	===== Fermeture de session =====

===============Finish Logging================


===============Init Logging================

21/10/2010 - 10:08:52 	===== Ouverture de session =====
21/10/2010 - 10:18:06 	Début du calcul
21/10/2010 - 10:18:06 	Nombre de positions : 500
21/10/2010 - 10:18:06 	Simulation inactivée
21/10/2010 - 10:18:06 	Lecture des conditions initiales
21/10/2010 - 10:18:08 	Fin du calcul
21/10/2010 - 10:53:29 	Début du calcul
21/10/2010 - 10:53:29 	Nombre de positions : 500
21/10/2010 - 10:53:29 	Simulation inactivée
21/10/2010 - 10:53:29 	Lecture des conditions initiales
21/10/2010 - 10:53:31 	Fin du calcul
21/10/2010 - 10:55:52 	Début du calcul
21/10/2010 - 10:55:52 	Nombre de positions : 500
21/10/2010 - 10:55:52 	Simulation inactivée
21/10/2010 - 10:55:52 	Lecture des conditions initiales
21/10/2010 - 10:55:54 	Fin du calcul
21/10/2010 - 10:55:58 	Début du calcul
21/10/2010 - 10:55:58 	Nombre de positions : 500
21/10/2010 - 10:55:58 	Simulation inactivée
21/10/2010 - 10:55:58 	Lecture des conditions initiales
21/10/2010 - 10:56:00 	Fin du calcul
21/10/2010 - 10:57:00 	Début du calcul
21/10/2010 - 10:57:00 	Nombre de positions : 500
21/10/2010 - 10:57:00 	Simulation inactivée
21/10/2010 - 10:57:00 	Lecture des conditions initiales
21/10/2010 - 10:57:10 	Fin du calcul
21/10/2010 - 10:58:20 	Début du calcul
21/10/2010 - 10:58:20 	Nombre de positions : 1000
21/10/2010 - 10:58:20 	Simulation inactivée
21/10/2010 - 10:58:20 	Lecture des conditions initiales
21/10/2010 - 10:58:32 	Fin du calcul
21/10/2010 - 11:00:56 	Début du calcul
21/10/2010 - 11:00:56 	Nombre de positions : 1000
21/10/2010 - 11:00:56 	Simulation inactivée
21/10/2010 - 11:00:56 	Lecture des conditions initiales
21/10/2010 - 11:01:22 	Fin du calcul
21/10/2010 - 11:04:01 	Début du calcul
21/10/2010 - 11:04:01 	Nombre de positions : 1000
21/10/2010 - 11:04:01 	Simulation inactivée
21/10/2010 - 11:04:01 	Lecture des conditions initiales
21/10/2010 - 11:04:09 	Fin du calcul
21/10/2010 - 11:05:27 	Début du calcul
21/10/2010 - 11:05:27 	Nombre de positions : 1000
21/10/2010 - 11:05:27 	Simulation inactivée
21/10/2010 - 11:05:27 	Lecture des conditions initiales
21/10/2010 - 11:05:42 	Fin du calcul
21/10/2010 - 11:10:19 	===== Fermeture de session =====

===============Finish Logging================


===============Init Logging================

15/11/2010 - 15:24:01 	===== Ouverture de session =====
15/11/2010 - 15:25:04 	Début du calcul
15/11/2010 - 15:25:04 	Nombre de positions : 1000
15/11/2010 - 15:25:04 	Simulation inactivée
15/11/2010 - 15:25:04 	Lecture des conditions initiales
15/11/2010 - 15:25:09 	Fin du calcul
15/11/2010 - 15:26:27 	Début du calcul
15/11/2010 - 15:26:27 	Nombre de positions : 1000
15/11/2010 - 15:26:27 	Simulation inactivée
15/11/2010 - 15:26:27 	Lecture des conditions initiales
15/11/2010 - 15:26:30 	Fin du calcul
15/11/2010 - 16:02:20 	===== Fermeture de session =====

===============Finish Logging================


===============Init Logging================

15/11/2010 - 16:27:59 	===== Ouverture de session =====
15/11/2010 - 16:28:15 	Début du calcul
15/11/2010 - 16:28:15 	Nombre de positions : 1000
15/11/2010 - 16:28:15 	Simulation inactivée
15/11/2010 - 16:28:15 	Lecture des conditions initiales
15/11/2010 - 16:28:18 	Fin du calcul
15/11/2010 - 17:47:06 	===== Fermeture de session =====

===============Finish Logging================


===============Init Logging================

18/11/2010 - 16:24:49 	===== Ouverture de session =====
18/11/2010 - 16:36:20 	===== Fermeture de session =====

===============Finish Logging================


===============Init Logging================

07/01/2011 - 11:27:26 	===== Ouverture de session =====
07/01/2011 - 11:27:34 	===== Fermeture de session =====

===============Finish Logging================


===============Init Logging================

13/01/2011 - 18:00:16 	===== Ouverture de session =====
13/01/2011 - 18:00:27 	===== Fermeture de session =====

===============Finish Logging================


===============Init Logging================

14/03/2011 - 11:57:25 	===== Ouverture de session =====
14/03/2011 - 11:57:42 	Début du calcul
14/03/2011 - 11:57:42 	Nombre de positions : 1000
14/03/2011 - 11:57:42 	Simulation inactivée
14/03/2011 - 11:57:42 	Lecture des conditions initiales
14/03/2011 - 11:57:44 	Fin du calcul
14/03/2011 - 11:58:09 	===== Fermeture de session =====

===============Finish Logging================


===============Init Logging================

14/03/2011 - 13:58:56 	===== Ouverture de session =====
14/03/2011 - 15:10:35 	Début du calcul
14/03/2011 - 15:10:35 	Nombre de positions : 1000
14/03/2011 - 15:10:35 	Simulation inactivée
14/03/2011 - 15:10:35 	Lecture des conditions initiales
14/03/2011 - 15:10:37 	Fin du calcul
14/03/2011 - 15:54:08 	===== Fermeture de session =====

===============Finish Logging================


===============Init Logging================

15/04/2011 - 10:37:46 	===== Ouverture de session =====
15/04/2011 - 15:15:11 	===== Fermeture de session =====

===============Finish Logging================


===============Init Logging================

18/05/2011 - 13:41:56 	===== Ouverture de session =====
18/05/2011 - 13:44:37 	Début du calcul
18/05/2011 - 13:44:37 	Nombre de positions : 1000
18/05/2011 - 13:44:37 	Simulation inactivée
18/05/2011 - 13:44:37 	Lecture des conditions initiales
18/05/2011 - 13:44:43 	Fin du calcul
18/05/2011 - 13:46:45 	===== Fermeture de session =====

===============Finish Logging================


===============Init Logging================

30/05/2011 - 16:25:15 	===== Ouverture de session =====
30/05/2011 - 16:25:28 	Début du calcul
30/05/2011 - 16:25:28 	Nombre de positions : 1000
30/05/2011 - 16:25:28 	Simulation inactivée
30/05/2011 - 16:25:28 	Lecture des conditions initiales
30/05/2011 - 16:25:31 	Fin du calcul
30/05/2011 - 16:31:40 	===== Fermeture de session =====

===============Finish Logging================


===============Init Logging================

09/11/2011 - 13:08:26 	===== Ouverture de session =====
09/11/2011 - 14:19:12 	===== Fermeture de session =====

===============Finish Logging================


===============Init Logging================

09/11/2011 - 14:38:55 	===== Ouverture de session =====
09/11/2011 - 14:39:48 	Début du calcul
09/11/2011 - 14:39:48 	Nombre de positions : 1000
09/11/2011 - 14:39:48 	Simulation inactivée
09/11/2011 - 14:39:48 	Lecture des conditions initiales
09/11/2011 - 14:39:53 	Fin du calcul
09/11/2011 - 14:40:57 	===== Fermeture de session =====

===============Finish Logging================

