
===============Init Logging================

14/01/2011 - 07:37:50 	===== Ouverture de session =====
14/01/2011 - 07:38:27 	Début du calcul
14/01/2011 - 07:38:27 	Nombre de positions : 1
14/01/2011 - 07:38:27 	Simulation inactivée
14/01/2011 - 07:38:27 	Lecture des conditions initiales
14/01/2011 - 07:38:27 	Fin du calcul
14/01/2011 - 07:38:36 	===== Fermeture de session =====

===============Finish Logging================


===============Init Logging================

14/01/2011 - 07:38:50 	===== Ouverture de session =====
14/01/2011 - 07:39:02 	Début du calcul
14/01/2011 - 07:39:02 	Nombre de positions : 1
14/01/2011 - 07:39:02 	Simulation inactivée
14/01/2011 - 07:39:02 	Lecture des conditions initiales
14/01/2011 - 07:39:02 	Fin du calcul
14/01/2011 - 07:39:51 	===== Fermeture de session =====

===============Finish Logging================


===============Init Logging================

14/03/2011 - 11:56:36 	===== Ouverture de session =====
14/03/2011 - 11:58:11 	===== Fermeture de session =====

===============Finish Logging================


===============Init Logging================

14/03/2011 - 13:58:46 	===== Ouverture de session =====
14/03/2011 - 15:54:07 	===== Fermeture de session =====

===============Finish Logging================


===============Init Logging================

15/04/2011 - 10:38:15 	===== Ouverture de session =====
15/04/2011 - 15:15:13 	===== Fermeture de session =====

===============Finish Logging================


===============Init Logging================

18/05/2011 - 13:36:02 	===== Ouverture de session =====
18/05/2011 - 13:37:57 	Début du calcul
18/05/2011 - 13:37:57 	Nombre de positions : 1000
18/05/2011 - 13:37:57 	Simulation inactivée
18/05/2011 - 13:37:57 	Lecture des conditions initiales
18/05/2011 - 13:37:58 	Fin du calcul
18/05/2011 - 13:38:20 	Début du calcul
18/05/2011 - 13:38:20 	Nombre de positions : 200
18/05/2011 - 13:38:20 	Simulation inactivée
18/05/2011 - 13:38:20 	Lecture des conditions initiales
18/05/2011 - 13:38:21 	Fin du calcul
18/05/2011 - 13:46:48 	===== Fermeture de session =====

===============Finish Logging================


===============Init Logging================

19/05/2011 - 11:36:02 	===== Ouverture de session =====
19/05/2011 - 11:36:20 	===== Fermeture de session =====

===============Finish Logging================


===============Init Logging================

30/05/2011 - 16:05:55 	===== Ouverture de session =====
30/05/2011 - 16:06:24 	Début du calcul
30/05/2011 - 16:06:24 	Nombre de positions : 200
30/05/2011 - 16:06:24 	Simulation inactivée
30/05/2011 - 16:06:24 	Lecture des conditions initiales
30/05/2011 - 16:06:24 	Fin du calcul
30/05/2011 - 16:37:10 	===== Fermeture de session =====

===============Finish Logging================


===============Init Logging================

09/11/2011 - 13:07:40 	===== Ouverture de session =====
09/11/2011 - 14:19:11 	===== Fermeture de session =====

===============Finish Logging================

