
===============Init Logging================

07/01/2015 - 12:28:38 	===== Ouverture de session =====
07/01/2015 - 12:28:48 	Début du calcul
07/01/2015 - 12:28:48 	Nombre de positions : 100
07/01/2015 - 12:28:48 	Simulation inactivée
07/01/2015 - 12:28:48 	Lecture des conditions initiales
07/01/2015 - 12:28:49 	Fin du calcul
07/01/2015 - 12:29:22 	Début du calcul
07/01/2015 - 12:29:22 	Nombre de positions : 100
07/01/2015 - 12:29:22 	Simulation inactivée
07/01/2015 - 12:29:22 	Lecture des conditions initiales
07/01/2015 - 12:29:22 	Fin du calcul
07/01/2015 - 12:38:31 	===== Fermeture de session =====

===============Finish Logging================


===============Init Logging================

07/01/2015 - 16:18:05 	===== Ouverture de session =====
07/01/2015 - 17:50:09 	===== Fermeture de session =====

===============Finish Logging================


===============Init Logging================

07/01/2015 - 16:18:05 	===== Ouverture de session =====
07/01/2015 - 16:18:33 	Début du calcul
07/01/2015 - 16:18:33 	Nombre de positions : 100
07/01/2015 - 16:18:33 	Simulation inactivée
07/01/2015 - 16:18:33 	Lecture des conditions initiales
07/01/2015 - 16:18:34 	Fin du calcul
07/01/2015 - 16:19:21 	Début du calcul
07/01/2015 - 16:19:21 	Nombre de positions : 200
07/01/2015 - 16:19:21 	Simulation inactivée
07/01/2015 - 16:19:21 	Lecture des conditions initiales
07/01/2015 - 16:19:22 	Fin du calcul
07/01/2015 - 16:28:34 	Début du calcul
07/01/2015 - 16:28:34 	Nombre de positions : 100
07/01/2015 - 16:28:34 	Simulation inactivée
07/01/2015 - 16:28:34 	Lecture des conditions initiales
07/01/2015 - 16:28:35 	Fin du calcul
07/01/2015 - 17:39:30 	Début du calcul
07/01/2015 - 17:39:30 	Nombre de positions : 100
07/01/2015 - 17:39:30 	Simulation inactivée
07/01/2015 - 17:39:30 	Lecture des conditions initiales
07/01/2015 - 17:39:31 	Fin du calcul
07/01/2015 - 17:50:09 	===== Fermeture de session =====

===============Finish Logging================


===============Init Logging================

13/01/2015 - 10:37:08 	===== Ouverture de session =====
13/01/2015 - 10:52:18 	Début du calcul
13/01/2015 - 10:52:18 	Nombre de positions : 400
13/01/2015 - 10:52:18 	Simulation inactivée
13/01/2015 - 10:52:18 	Lecture des conditions initiales
13/01/2015 - 10:52:20 	Fin du calcul
13/01/2015 - 10:53:03 	Début du calcul
13/01/2015 - 10:53:03 	Nombre de positions : 400
13/01/2015 - 10:53:03 	Simulation inactivée
13/01/2015 - 10:53:03 	Lecture des conditions initiales
13/01/2015 - 10:53:05 	Fin du calcul
13/01/2015 - 11:08:23 	===== Fermeture de session =====

===============Finish Logging================


===============Init Logging================

13/01/2015 - 11:13:38 	===== Ouverture de session =====
13/01/2015 - 11:14:05 	Début du calcul
13/01/2015 - 11:14:05 	Nombre de positions : 400
13/01/2015 - 11:14:05 	Simulation inactivée
13/01/2015 - 11:14:05 	Lecture des conditions initiales
13/01/2015 - 11:14:06 	Fin du calcul
13/01/2015 - 11:15:27 	Début du calcul
13/01/2015 - 11:15:27 	Nombre de positions : 400
13/01/2015 - 11:15:27 	Simulation inactivée
13/01/2015 - 11:15:27 	Lecture des conditions initiales
13/01/2015 - 11:15:28 	Fin du calcul
13/01/2015 - 11:15:59 	Début du calcul
13/01/2015 - 11:15:59 	Nombre de positions : 400
13/01/2015 - 11:15:59 	Simulation inactivée
13/01/2015 - 11:15:59 	Lecture des conditions initiales
13/01/2015 - 11:16:00 	Fin du calcul
13/01/2015 - 11:16:32 	Début du calcul
13/01/2015 - 11:16:32 	Nombre de positions : 400
13/01/2015 - 11:16:32 	Simulation inactivée
13/01/2015 - 11:16:32 	Lecture des conditions initiales
13/01/2015 - 11:16:33 	Fin du calcul
13/01/2015 - 11:17:22 	Début du calcul
13/01/2015 - 11:17:22 	Nombre de positions : 400
13/01/2015 - 11:17:22 	Simulation inactivée
13/01/2015 - 11:17:22 	Lecture des conditions initiales
13/01/2015 - 11:17:23 	Fin du calcul
13/01/2015 - 11:17:53 	Début du calcul
13/01/2015 - 11:17:53 	Nombre de positions : 400
13/01/2015 - 11:17:53 	Simulation inactivée
13/01/2015 - 11:17:53 	Lecture des conditions initiales
13/01/2015 - 11:17:54 	Fin du calcul
13/01/2015 - 11:19:35 	Début du calcul
13/01/2015 - 11:19:35 	Nombre de positions : 400
13/01/2015 - 11:19:35 	Simulation inactivée
13/01/2015 - 11:19:35 	Lecture des conditions initiales

===============Init Logging================

13/01/2015 - 14:00:42 	===== Ouverture de session =====
13/01/2015 - 14:00:50 	Début du calcul
13/01/2015 - 14:00:50 	Nombre de positions : 400
13/01/2015 - 14:00:50 	Simulation inactivée
13/01/2015 - 14:00:50 	Lecture des conditions initiales

===============Init Logging================


===============Init Logging================

13/01/2015 - 15:49:14 	===== Ouverture de session =====
13/01/2015 - 19:27:09 	===== Fermeture de session =====

===============Finish Logging================

13/01/2015 - 15:49:14 	===== Ouverture de session =====
13/01/2015 - 19:27:09 	===== Fermeture de session =====

===============Finish Logging================


===============Init Logging================

14/01/2015 - 10:44:01 	===== Ouverture de session =====
14/01/2015 - 10:44:43 	Début du calcul
14/01/2015 - 10:44:43 	Nombre de positions : 400
14/01/2015 - 10:44:43 	Simulation inactivée
14/01/2015 - 10:44:43 	Lecture des conditions initiales
14/01/2015 - 10:44:44 	Fin du calcul
14/01/2015 - 10:45:41 	Début du calcul
14/01/2015 - 10:45:41 	Nombre de positions : 400
14/01/2015 - 10:45:41 	Simulation inactivée
14/01/2015 - 10:45:41 	Lecture des conditions initiales
14/01/2015 - 10:45:43 	Fin du calcul
14/01/2015 - 10:46:27 	Début du calcul
14/01/2015 - 10:46:27 	Nombre de positions : 400
14/01/2015 - 10:46:27 	Simulation inactivée
14/01/2015 - 10:46:27 	Lecture des conditions initiales

===============Init Logging================

14/01/2015 - 12:19:37 	===== Ouverture de session =====
14/01/2015 - 12:19:52 	Début du calcul
14/01/2015 - 12:19:52 	Nombre de positions : 200
14/01/2015 - 12:19:52 	Simulation inactivée
14/01/2015 - 12:19:52 	Lecture des conditions initiales
14/01/2015 - 12:19:53 	Fin du calcul
14/01/2015 - 12:19:58 	Début du calcul
14/01/2015 - 12:19:58 	Nombre de positions : 200
14/01/2015 - 12:19:58 	Simulation inactivée
14/01/2015 - 12:19:58 	Lecture des conditions initiales
14/01/2015 - 12:19:59 	Fin du calcul
14/01/2015 - 12:23:02 	Début du calcul
14/01/2015 - 12:23:02 	Nombre de positions : 400
14/01/2015 - 12:23:02 	Simulation inactivée
14/01/2015 - 12:23:02 	Lecture des conditions initiales

===============Init Logging================


===============Init Logging================


===============Init Logging================

25/01/2015 - 14:45:47 	===== Ouverture de session =====
25/01/2015 - 14:49:43 	Début du calcul
25/01/2015 - 14:49:43 	Nombre de positions : 400
25/01/2015 - 14:49:43 	Simulation inactivée
25/01/2015 - 14:49:43 	Lecture des conditions initiales
25/01/2015 - 14:45:47 	===== Ouverture de session =====
25/01/2015 - 16:58:02 	===== Fermeture de session =====

===============Finish Logging================

25/01/2015 - 14:49:45 	Fin du calcul
25/01/2015 - 16:58:02 	===== Fermeture de session =====

===============Finish Logging================


===============Init Logging================


===============Init Logging================

25/01/2015 - 17:00:41 	===== Ouverture de session =====
25/01/2015 - 17:12:26 	Début du calcul
25/01/2015 - 17:12:26 	Nombre de positions : 400
25/01/2015 - 17:12:26 	Simulation inactivée
25/01/2015 - 17:12:26 	Lecture des conditions initiales
25/01/2015 - 17:00:41 	===== Ouverture de session =====
25/01/2015 - 17:13:12 	===== Fermeture de session =====

===============Finish Logging================

25/01/2015 - 17:12:27 	Fin du calcul
25/01/2015 - 17:13:12 	===== Fermeture de session =====

===============Finish Logging================


===============Init Logging================


===============Init Logging================

25/01/2015 - 17:20:40 	===== Ouverture de session =====
25/01/2015 - 17:25:58 	===== Fermeture de session =====

===============Finish Logging================

25/01/2015 - 17:20:40 	===== Ouverture de session =====
25/01/2015 - 17:25:58 	===== Fermeture de session =====

===============Finish Logging================


===============Init Logging================

18/01/2017 - 07:59:41 	===== Ouverture de session =====
18/01/2017 - 07:59:56 	Début du calcul
18/01/2017 - 07:59:56 	Nombre de positions : 400
18/01/2017 - 07:59:56 	Simulation activée
18/01/2017 - 07:59:56 	Lecture des conditions initiales
