
===============Init Logging================

27/02/2004 - 19:35:29 	===== Ouverture de session =====
27/02/2004 - 19:35:29 	Computing bounding box
27/02/2004 - 19:48:58 	===== Fermeture de session =====

===============Finish Logging================


===============Init Logging================

27/02/2004 - 19:53:01 	===== Ouverture de session =====
27/02/2004 - 19:53:03 	Computing bounding box
27/02/2004 - 19:55:10 	Début du calcul
27/02/2004 - 19:55:10 	Nombre de positions : 9
27/02/2004 - 19:55:10 	Simulation inactivée
27/02/2004 - 19:55:10 	Lecture des conditions initiales
27/02/2004 - 19:55:11 	Fin du calcul
27/02/2004 - 19:57:14 	Début du calcul
27/02/2004 - 19:57:14 	Nombre de positions : 45
27/02/2004 - 19:57:14 	Simulation inactivée
27/02/2004 - 19:57:14 	Lecture des conditions initiales
27/02/2004 - 19:57:15 	Fin du calcul
27/02/2004 - 19:59:28 	===== Fermeture de session =====

===============Finish Logging================


===============Init Logging================

28/02/2004 - 19:14:52 	===== Ouverture de session =====
28/02/2004 - 19:14:55 	Computing bounding box
28/02/2004 - 19:17:19 	Computing bounding box
28/02/2004 - 19:17:23 	Computing bounding box
28/02/2004 - 19:18:36 	Début du calcul
28/02/2004 - 19:18:36 	Nombre de positions : 60
28/02/2004 - 19:18:36 	Simulation inactivée
28/02/2004 - 19:18:36 	Lecture des conditions initiales
28/02/2004 - 19:18:36 	Fin du calcul
28/02/2004 - 19:19:30 	Début du calcul
28/02/2004 - 19:19:30 	Nombre de positions : 60
28/02/2004 - 19:19:30 	Simulation inactivée
28/02/2004 - 19:19:30 	Lecture des conditions initiales
28/02/2004 - 19:19:32 	Fin du calcul
28/02/2004 - 19:19:42 	Computing bounding box
28/02/2004 - 19:19:47 	Computing bounding box
28/02/2004 - 19:20:10 	Début du calcul
28/02/2004 - 19:20:10 	Nombre de positions : 60
28/02/2004 - 19:20:10 	Simulation inactivée
28/02/2004 - 19:20:10 	Lecture des conditions initiales
28/02/2004 - 19:20:11 	Fin du calcul
28/02/2004 - 19:20:30 	Computing bounding box
28/02/2004 - 19:20:41 	Début du calcul
28/02/2004 - 19:20:41 	Nombre de positions : 60
28/02/2004 - 19:20:41 	Simulation inactivée
28/02/2004 - 19:20:41 	Lecture des conditions initiales
28/02/2004 - 19:20:42 	Fin du calcul
28/02/2004 - 19:20:47 	Début du calcul
28/02/2004 - 19:20:47 	Nombre de positions : 60
28/02/2004 - 19:20:47 	Simulation inactivée
28/02/2004 - 19:20:47 	Lecture des conditions initiales
28/02/2004 - 19:20:47 	Fin du calcul
28/02/2004 - 19:25:30 	Computing bounding box
28/02/2004 - 19:25:41 	Début du calcul
28/02/2004 - 19:25:41 	Nombre de positions : 60
28/02/2004 - 19:25:41 	Simulation inactivée
28/02/2004 - 19:25:41 	Lecture des conditions initiales
28/02/2004 - 19:25:42 	Fin du calcul
28/02/2004 - 19:35:29 	===== Fermeture de session =====

===============Finish Logging================


===============Init Logging================

28/02/2004 - 19:36:18 	===== Ouverture de session =====
28/02/2004 - 19:36:21 	Computing bounding box
28/02/2004 - 19:37:48 	Computing bounding box
28/02/2004 - 20:04:31 	Computing bounding box
28/02/2004 - 20:05:01 	===== Fermeture de session =====

===============Finish Logging================


===============Init Logging================

04/02/2015 - 10:59:22 	===== Ouverture de session =====
04/02/2015 - 10:59:47 	Début du calcul
04/02/2015 - 10:59:47 	Nombre de positions : 60
04/02/2015 - 10:59:47 	Simulation inactivée
04/02/2015 - 10:59:47 	Lecture des conditions initiales
04/02/2015 - 10:59:49 	Fin du calcul
04/02/2015 - 11:08:39 	===== Fermeture de session =====

===============Finish Logging================

