
===============Init Logging================

23/05/2003 - 22:30:42 	===== Ouverture de session =====
23/05/2003 - 22:31:16 	Début du calcul
23/05/2003 - 22:31:16 	Nombre de positions : 5000
23/05/2003 - 22:31:16 	Simulation inactivée
23/05/2003 - 22:31:16 	Lecture des conditions initiales
23/05/2003 - 22:31:28 	Fin du calcul
23/05/2003 - 22:31:44 	===== Fermeture de session =====

===============Finish Logging================


===============Init Logging================

23/05/2003 - 22:32:18 	===== Ouverture de session =====
23/05/2003 - 22:33:09 	Début du calcul
23/05/2003 - 22:33:09 	Nombre de positions : 5000
23/05/2003 - 22:33:09 	Simulation inactivée
23/05/2003 - 22:33:09 	Lecture des conditions initiales
23/05/2003 - 22:33:21 	Fin du calcul
23/05/2003 - 22:33:38 	===== Fermeture de session =====

===============Finish Logging================


===============Init Logging================

23/05/2003 - 22:34:03 	===== Ouverture de session =====
23/05/2003 - 22:35:21 	Début du calcul
23/05/2003 - 22:35:21 	Nombre de positions : 5000
23/05/2003 - 22:35:21 	Simulation inactivée
23/05/2003 - 22:35:21 	Lecture des conditions initiales
23/05/2003 - 22:35:33 	Fin du calcul
23/05/2003 - 22:35:47 	===== Fermeture de session =====

===============Finish Logging================


===============Init Logging================

23/05/2003 - 22:39:47 	===== Ouverture de session =====
23/05/2003 - 22:41:21 	===== Fermeture de session =====

===============Finish Logging================


===============Init Logging================

23/05/2003 - 22:41:48 	===== Ouverture de session =====
23/05/2003 - 22:43:35 	===== Fermeture de session =====

===============Finish Logging================


===============Init Logging================

23/05/2003 - 22:44:23 	===== Ouverture de session =====
23/05/2003 - 22:44:54 	===== Fermeture de session =====

===============Finish Logging================


===============Init Logging================

23/05/2003 - 22:45:17 	===== Ouverture de session =====
23/05/2003 - 22:45:34 	Début du calcul
23/05/2003 - 22:45:34 	Nombre de positions : 400
23/05/2003 - 22:45:34 	Simulation inactivée
23/05/2003 - 22:45:34 	Lecture des conditions initiales
23/05/2003 - 22:45:35 	Fin du calcul
23/05/2003 - 22:45:52 	===== Fermeture de session =====

===============Finish Logging================


===============Init Logging================

23/05/2003 - 22:46:17 	===== Ouverture de session =====
23/05/2003 - 22:46:36 	===== Fermeture de session =====

===============Finish Logging================


===============Init Logging================

23/05/2003 - 22:46:59 	===== Ouverture de session =====
23/05/2003 - 22:47:31 	Début du calcul
23/05/2003 - 22:47:31 	Nombre de positions : 400
23/05/2003 - 22:47:31 	Simulation inactivée
23/05/2003 - 22:47:31 	Lecture des conditions initiales
23/05/2003 - 22:47:32 	Fin du calcul
23/05/2003 - 22:47:47 	===== Fermeture de session =====

===============Finish Logging================


===============Init Logging================

19/04/2007 - 07:18:30 	===== Ouverture de session =====
19/04/2007 - 07:43:59 	===== Fermeture de session =====

===============Finish Logging================


===============Init Logging================

04/06/2013 - 11:27:59 	===== Ouverture de session =====
04/06/2013 - 11:45:45 	===== Fermeture de session =====

===============Finish Logging================


===============Init Logging================

04/06/2013 - 11:27:59 	===== Ouverture de session =====
04/06/2013 - 11:45:45 	===== Fermeture de session =====

===============Finish Logging================


===============Init Logging================

04/06/2013 - 11:46:55 	===== Ouverture de session =====
04/06/2013 - 11:52:18 	Début du calcul
04/06/2013 - 11:52:18 	Nombre de positions : 400
04/06/2013 - 11:52:18 	Simulation inactivée
04/06/2013 - 11:52:18 	Lecture des conditions initiales
04/06/2013 - 11:52:25 	Fin du calcul
04/06/2013 - 11:54:35 	Début du calcul
04/06/2013 - 11:54:35 	Nombre de positions : 400
04/06/2013 - 11:54:35 	Simulation inactivée
04/06/2013 - 11:54:35 	Lecture des conditions initiales
04/06/2013 - 11:54:43 	Fin du calcul
04/06/2013 - 11:56:58 	Début du calcul
04/06/2013 - 11:56:58 	Nombre de positions : 400
04/06/2013 - 11:56:58 	Simulation inactivée
04/06/2013 - 11:56:58 	Lecture des conditions initiales
04/06/2013 - 11:57:03 	Fin du calcul
04/06/2013 - 11:57:58 	Début du calcul
04/06/2013 - 11:57:58 	Nombre de positions : 400
04/06/2013 - 11:57:58 	Simulation inactivée
04/06/2013 - 11:57:58 	Lecture des conditions initiales
04/06/2013 - 11:58:05 	Fin du calcul
04/06/2013 - 11:59:21 	Début du calcul
04/06/2013 - 11:59:21 	Nombre de positions : 4000
04/06/2013 - 11:59:21 	Simulation inactivée
04/06/2013 - 11:59:21 	Lecture des conditions initiales
04/06/2013 - 11:59:30 	Fin du calcul
04/06/2013 - 12:00:21 	Début du calcul
04/06/2013 - 12:00:21 	Nombre de positions : 4000
04/06/2013 - 12:00:21 	Simulation inactivée
04/06/2013 - 12:00:21 	Lecture des conditions initiales

===============Init Logging================

04/06/2013 - 11:46:53 	===== Ouverture de session =====
04/06/2013 - 12:01:16 	===== Fermeture de session =====

===============Finish Logging================

04/06/2013 - 12:00:29 	Fin du calcul
04/06/2013 - 12:01:16 	===== Fermeture de session =====

===============Finish Logging================


===============Init Logging================


===============Init Logging================

04/06/2013 - 12:04:03 	===== Ouverture de session =====
04/06/2013 - 12:04:55 	Début du calcul
04/06/2013 - 12:04:55 	Nombre de positions : 4000
04/06/2013 - 12:04:55 	Simulation inactivée
04/06/2013 - 12:04:55 	Lecture des conditions initiales
04/06/2013 - 12:05:00 	Fin du calcul
04/06/2013 - 13:08:38 	Début du calcul
04/06/2013 - 13:08:38 	Nombre de positions : 4000
04/06/2013 - 13:08:38 	Simulation inactivée
04/06/2013 - 13:08:38 	Lecture des conditions initiales
04/06/2013 - 13:08:48 	Fin du calcul
04/06/2013 - 13:11:43 	Début du calcul
04/06/2013 - 13:11:43 	Nombre de positions : 4000
04/06/2013 - 13:11:43 	Simulation inactivée
04/06/2013 - 13:11:43 	Lecture des conditions initiales
04/06/2013 - 13:11:52 	Fin du calcul
04/06/2013 - 13:13:49 	Début du calcul
04/06/2013 - 13:13:49 	Nombre de positions : 4000
04/06/2013 - 13:13:49 	Simulation inactivée
04/06/2013 - 13:13:49 	Lecture des conditions initiales
04/06/2013 - 13:14:01 	Fin du calcul
04/06/2013 - 13:14:44 	Début du calcul
04/06/2013 - 13:14:44 	Nombre de positions : 40000
04/06/2013 - 13:14:44 	Simulation inactivée
04/06/2013 - 13:14:44 	Lecture des conditions initiales
04/06/2013 - 13:19:19 	Fin du calcul
04/06/2013 - 13:21:09 	Début du calcul
04/06/2013 - 13:21:09 	Nombre de positions : 5000
04/06/2013 - 13:21:09 	Simulation inactivée
04/06/2013 - 13:21:09 	Lecture des conditions initiales
04/06/2013 - 13:21:21 	Fin du calcul
04/06/2013 - 13:23:55 	Début du calcul
04/06/2013 - 13:23:55 	Nombre de positions : 5000
04/06/2013 - 13:23:55 	Simulation inactivée
04/06/2013 - 13:23:55 	Lecture des conditions initiales
04/06/2013 - 13:24:07 	Fin du calcul
04/06/2013 - 13:25:06 	Début du calcul
04/06/2013 - 13:25:06 	Nombre de positions : 10000
04/06/2013 - 13:25:06 	Simulation inactivée
04/06/2013 - 13:25:06 	Lecture des conditions initiales
04/06/2013 - 13:25:29 	Fin du calcul
04/06/2013 - 13:40:47 	Début du calcul
04/06/2013 - 13:40:47 	Nombre de positions : 10000
04/06/2013 - 13:40:47 	Simulation inactivée
04/06/2013 - 13:40:47 	Lecture des conditions initiales

===============Init Logging================


===============Init Logging================


===============Init Logging================


===============Init Logging================

04/06/2013 - 13:48:03 	===== Ouverture de session =====
04/06/2013 - 13:49:35 	Début du calcul
04/06/2013 - 13:49:35 	Nombre de positions : 10000
04/06/2013 - 13:49:35 	Simulation inactivée
04/06/2013 - 13:49:35 	Lecture des conditions initiales
04/06/2013 - 13:49:46 	Analyse du système incorrecte
04/06/2013 - 13:49:46 	Abandon du calcul
04/06/2013 - 13:50:17 	Début du calcul
04/06/2013 - 13:50:17 	Nombre de positions : 10000
04/06/2013 - 13:50:17 	Simulation inactivée
04/06/2013 - 13:50:17 	Lecture des conditions initiales
04/06/2013 - 13:50:20 	Analyse du système incorrecte
04/06/2013 - 13:50:20 	Abandon du calcul
04/06/2013 - 13:50:54 	Début du calcul
04/06/2013 - 13:50:54 	Nombre de positions : 10000
04/06/2013 - 13:50:54 	Simulation inactivée
04/06/2013 - 13:50:54 	Lecture des conditions initiales
04/06/2013 - 13:50:57 	Analyse du système incorrecte
04/06/2013 - 13:50:57 	Abandon du calcul
04/06/2013 - 13:51:03 	Début du calcul
04/06/2013 - 13:51:03 	Nombre de positions : 10000
04/06/2013 - 13:51:03 	Simulation inactivée
04/06/2013 - 13:51:03 	Lecture des conditions initiales
04/06/2013 - 13:51:26 	Fin du calcul
04/06/2013 - 13:57:26 	Début du calcul
04/06/2013 - 13:57:26 	Nombre de positions : 10000
04/06/2013 - 13:57:26 	Simulation inactivée
04/06/2013 - 13:57:26 	Lecture des conditions initiales
04/06/2013 - 13:57:32 	Fin du calcul
04/06/2013 - 14:04:33 	Début du calcul
04/06/2013 - 14:04:33 	Nombre de positions : 10000
04/06/2013 - 14:04:33 	Simulation inactivée

===============Init Logging================


===============Init Logging================

04/06/2013 - 14:09:37 	===== Ouverture de session =====
04/06/2013 - 14:11:23 	Début du calcul
04/06/2013 - 14:11:23 	Nombre de positions : 10000
04/06/2013 - 14:11:23 	Simulation inactivée
04/06/2013 - 14:11:23 	Lecture des conditions initiales

===============Init Logging================


===============Init Logging================

04/06/2013 - 14:12:22 	===== Ouverture de session =====
04/06/2013 - 14:12:48 	Début du calcul
04/06/2013 - 14:12:48 	Nombre de positions : 10000
04/06/2013 - 14:12:48 	Simulation inactivée
04/06/2013 - 14:12:48 	Lecture des conditions initiales
04/06/2013 - 14:12:55 	Fin du calcul
04/06/2013 - 14:13:26 	Début du calcul
04/06/2013 - 14:13:26 	Nombre de positions : 4000
04/06/2013 - 14:13:26 	Simulation inactivée
04/06/2013 - 14:13:26 	Lecture des conditions initiales

===============Init Logging================


===============Init Logging================

04/06/2013 - 14:14:05 	===== Ouverture de session =====
04/06/2013 - 14:14:19 	Début du calcul
04/06/2013 - 14:14:19 	Nombre de positions : 4000
04/06/2013 - 14:14:19 	Simulation inactivée
04/06/2013 - 14:14:19 	Lecture des conditions initiales
04/06/2013 - 14:14:05 	===== Ouverture de session =====
04/06/2013 - 14:18:32 	===== Fermeture de session =====

===============Finish Logging================

04/06/2013 - 14:14:23 	Fin du calcul
04/06/2013 - 14:18:32 	===== Fermeture de session =====

===============Finish Logging================


===============Init Logging================

05/06/2013 - 15:12:55 	===== Ouverture de session =====
05/06/2013 - 15:14:07 	Début du calcul
05/06/2013 - 15:14:07 	Nombre de positions : 4000
05/06/2013 - 15:14:07 	Simulation inactivée
05/06/2013 - 15:14:07 	Lecture des conditions initiales
05/06/2013 - 15:14:09 	Analyse du système incorrecte
05/06/2013 - 15:14:09 	Abandon du calcul
05/06/2013 - 15:14:18 	Début du calcul
05/06/2013 - 15:14:18 	Nombre de positions : 4000
05/06/2013 - 15:14:18 	Simulation inactivée
05/06/2013 - 15:14:18 	Lecture des conditions initiales
05/06/2013 - 15:14:29 	Fin du calcul
05/06/2013 - 15:15:11 	Début du calcul
05/06/2013 - 15:15:11 	Nombre de positions : 10000
05/06/2013 - 15:15:11 	Simulation inactivée
05/06/2013 - 15:15:11 	Lecture des conditions initiales
05/06/2013 - 15:15:36 	Fin du calcul
05/06/2013 - 15:18:22 	Début du calcul
05/06/2013 - 15:18:22 	Nombre de positions : 10000
05/06/2013 - 15:18:22 	Simulation inactivée
05/06/2013 - 15:18:22 	Lecture des conditions initiales
05/06/2013 - 15:18:45 	Fin du calcul
05/06/2013 - 15:19:27 	===== Fermeture de session =====

===============Finish Logging================

